{"E:\\SS2022\\full-stack-finland-16\\final-project\\fs16-backend\\index.ts": {"path":"E:\\SS2022\\full-stack-finland-16\\final-project\\fs16-backend\\index.ts","statementMap":{"0":{"start":{"line":1,"column":0},"end":{"line":1,"column":30}},"1":{"start":{"line":2,"column":0},"end":{"line":2,"column":23}},"2":{"start":{"line":6,"column":0},"end":{"line":6,"column":58}},"3":{"start":{"line":7,"column":0},"end":{"line":7,"column":61}},"4":{"start":{"line":8,"column":0},"end":{"line":8,"column":60}},"5":{"start":{"line":11,"column":0},"end":{"line":11,"column":51}},"6":{"start":{"line":12,"column":0},"end":{"line":12,"column":55}},"7":{"start":{"line":13,"column":0},"end":{"line":13,"column":45}},"8":{"start":{"line":14,"column":0},"end":{"line":14,"column":45}},"9":{"start":{"line":15,"column":0},"end":{"line":15,"column":43}},"10":{"start":{"line":16,"column":0},"end":{"line":16,"column":45}},"11":{"start":{"line":17,"column":0},"end":{"line":17,"column":43}},"12":{"start":{"line":18,"column":0},"end":{"line":18,"column":51}},"13":{"start":{"line":19,"column":0},"end":{"line":19,"column":24}},"14":{"start":{"line":23,"column":12},"end":{"line":23,"column":21}},"15":{"start":{"line":26,"column":0},"end":{"line":28,"column":2}},"16":{"start":{"line":30,"column":0},"end":{"line":30,"column":17}},"17":{"start":{"line":33,"column":0},"end":{"line":33,"column":24}},"18":{"start":{"line":34,"column":0},"end":{"line":34,"column":27}},"19":{"start":{"line":37,"column":0},"end":{"line":37,"column":43}},"20":{"start":{"line":38,"column":0},"end":{"line":38,"column":47}},"21":{"start":{"line":39,"column":0},"end":{"line":39,"column":37}},"22":{"start":{"line":40,"column":0},"end":{"line":40,"column":35}},"23":{"start":{"line":41,"column":0},"end":{"line":41,"column":37}},"24":{"start":{"line":42,"column":0},"end":{"line":42,"column":36}},"25":{"start":{"line":43,"column":0},"end":{"line":43,"column":38}},"26":{"start":{"line":45,"column":0},"end":{"line":45,"column":32}},"27":{"start":{"line":47,"column":0},"end":{"line":47,"column":28}},"28":{"start":{"line":51,"column":0},"end":{"line":51,"column":19}}},"fnMap":{},"branchMap":{},"s":{"0":8,"1":8,"2":8,"3":8,"4":8,"5":8,"6":8,"7":8,"8":8,"9":8,"10":8,"11":8,"12":8,"13":8,"14":8,"15":8,"16":8,"17":8,"18":8,"19":8,"20":8,"21":8,"22":8,"23":8,"24":8,"25":8,"26":8,"27":8,"28":8},"f":{},"b":{}}
,"E:\\SS2022\\full-stack-finland-16\\final-project\\fs16-backend\\config\\mongoose.ts": {"path":"E:\\SS2022\\full-stack-finland-16\\final-project\\fs16-backend\\config\\mongoose.ts","statementMap":{"0":{"start":{"line":1,"column":0},"end":{"line":1,"column":32}},"1":{"start":{"line":3,"column":17},"end":{"line":3,"column":45}},"2":{"start":{"line":4,"column":30},"end":{"line":7,"column":66}},"3":{"start":{"line":5,"column":2},"end":{"line":7,"column":66}},"4":{"start":{"line":7,"column":16},"end":{"line":7,"column":65}},"5":{"start":{"line":4,"column":13},"end":{"line":4,"column":30}}},"fnMap":{"0":{"name":"(anonymous_1)","decl":{"start":{"line":4,"column":30},"end":{"line":4,"column":33}},"loc":{"start":{"line":5,"column":2},"end":{"line":7,"column":66}}},"1":{"name":"(anonymous_2)","decl":{"start":{"line":7,"column":10},"end":{"line":7,"column":13}},"loc":{"start":{"line":7,"column":16},"end":{"line":7,"column":65}}}},"branchMap":{},"s":{"0":1,"1":1,"2":1,"3":1,"4":0,"5":1},"f":{"0":1,"1":0},"b":{}}
,"E:\\SS2022\\full-stack-finland-16\\final-project\\fs16-backend\\constants\\auth.ts": {"path":"E:\\SS2022\\full-stack-finland-16\\final-project\\fs16-backend\\constants\\auth.ts","statementMap":{"0":{"start":{"line":1,"column":13},"end":{"line":2,"column":53}},"1":{"start":{"line":4,"column":13},"end":{"line":5,"column":61}},"2":{"start":{"line":7,"column":13},"end":{"line":8,"column":47}}},"fnMap":{},"branchMap":{"0":{"loc":{"start":{"line":2,"column":2},"end":{"line":2,"column":52}},"type":"binary-expr","locations":[{"start":{"line":2,"column":2},"end":{"line":2,"column":33}},{"start":{"line":2,"column":37},"end":{"line":2,"column":52}}]},"1":{"loc":{"start":{"line":5,"column":2},"end":{"line":5,"column":60}},"type":"binary-expr","locations":[{"start":{"line":5,"column":2},"end":{"line":5,"column":34}},{"start":{"line":5,"column":38},"end":{"line":5,"column":60}}]},"2":{"loc":{"start":{"line":8,"column":2},"end":{"line":8,"column":46}},"type":"binary-expr","locations":[{"start":{"line":8,"column":2},"end":{"line":8,"column":37}},{"start":{"line":8,"column":41},"end":{"line":8,"column":46}}]}},"s":{"0":10,"1":10,"2":10},"f":{},"b":{"0":[10,10],"1":[10,10],"2":[10,10]}}
,"E:\\SS2022\\full-stack-finland-16\\final-project\\fs16-backend\\constants\\order.ts": {"path":"E:\\SS2022\\full-stack-finland-16\\final-project\\fs16-backend\\constants\\order.ts","statementMap":{"0":{"start":{"line":1,"column":13},"end":{"line":1,"column":73}},"1":{"start":{"line":2,"column":13},"end":{"line":7,"column":11}},"2":{"start":{"line":8,"column":13},"end":{"line":14,"column":11}},"3":{"start":{"line":15,"column":13},"end":{"line":15,"column":67}}},"fnMap":{},"branchMap":{},"s":{"0":9,"1":9,"2":9,"3":9},"f":{},"b":{}}
,"E:\\SS2022\\full-stack-finland-16\\final-project\\fs16-backend\\constants\\roles.ts": {"path":"E:\\SS2022\\full-stack-finland-16\\final-project\\fs16-backend\\constants\\roles.ts","statementMap":{"0":{"start":{"line":3,"column":13},"end":{"line":3,"column":29}},"1":{"start":{"line":4,"column":13},"end":{"line":4,"column":27}},"2":{"start":{"line":5,"column":13},"end":{"line":5,"column":48}},"3":{"start":{"line":6,"column":13},"end":{"line":9,"column":11}}},"fnMap":{},"branchMap":{},"s":{"0":11,"1":11,"2":11,"3":11},"f":{},"b":{}}
,"E:\\SS2022\\full-stack-finland-16\\final-project\\fs16-backend\\controllers\\authController.ts": {"path":"E:\\SS2022\\full-stack-finland-16\\final-project\\fs16-backend\\controllers\\authController.ts","statementMap":{"0":{"start":{"line":2,"column":0},"end":{"line":2,"column":28}},"1":{"start":{"line":5,"column":0},"end":{"line":5,"column":46}},"2":{"start":{"line":8,"column":0},"end":{"line":8,"column":50}},"3":{"start":{"line":9,"column":0},"end":{"line":9,"column":50}},"4":{"start":{"line":16,"column":0},"end":{"line":16,"column":56}},"5":{"start":{"line":19,"column":2},"end":{"line":47,"column":null}},"6":{"start":{"line":20,"column":32},"end":{"line":20,"column":40}},"7":{"start":{"line":21,"column":17},"end":{"line":21,"column":53}},"8":{"start":{"line":22,"column":4},"end":{"line":24,"column":null}},"9":{"start":{"line":23,"column":6},"end":{"line":23,"column":51}},"10":{"start":{"line":25,"column":31},"end":{"line":31,"column":6}},"11":{"start":{"line":33,"column":18},"end":{"line":33,"column":63}},"12":{"start":{"line":34,"column":4},"end":{"line":36,"column":null}},"13":{"start":{"line":35,"column":6},"end":{"line":35,"column":56}},"14":{"start":{"line":37,"column":24},"end":{"line":38,"column":null}},"15":{"start":{"line":40,"column":25},"end":{"line":41,"column":null}},"16":{"start":{"line":43,"column":18},"end":{"line":43,"column":66}},"17":{"start":{"line":44,"column":4},"end":{"line":44,"column":56}},"18":{"start":{"line":46,"column":6},"end":{"line":46,"column":55}},"19":{"start":{"line":18,"column":0},"end":{"line":18,"column":22}},"20":{"start":{"line":55,"column":2},"end":{"line":82,"column":null}},"21":{"start":{"line":56,"column":33},"end":{"line":56,"column":41}},"22":{"start":{"line":57,"column":22},"end":{"line":57,"column":66}},"23":{"start":{"line":58,"column":4},"end":{"line":60,"column":null}},"24":{"start":{"line":59,"column":6},"end":{"line":59,"column":61}},"25":{"start":{"line":61,"column":4},"end":{"line":61,"column":68}},"26":{"start":{"line":62,"column":17},"end":{"line":62,"column":54}},"27":{"start":{"line":63,"column":31},"end":{"line":69,"column":6}},"28":{"start":{"line":70,"column":24},"end":{"line":71,"column":null}},"29":{"start":{"line":73,"column":25},"end":{"line":74,"column":null}},"30":{"start":{"line":76,"column":4},"end":{"line":76,"column":53}},"31":{"start":{"line":77,"column":4},"end":{"line":79,"column":69}},"32":{"start":{"line":81,"column":4},"end":{"line":81,"column":53}},"33":{"start":{"line":50,"column":0},"end":{"line":50,"column":22}},"34":{"start":{"line":90,"column":2},"end":{"line":99,"column":null}},"35":{"start":{"line":91,"column":21},"end":{"line":91,"column":49}},"36":{"start":{"line":92,"column":24},"end":{"line":92,"column":70}},"37":{"start":{"line":93,"column":4},"end":{"line":95,"column":null}},"38":{"start":{"line":94,"column":6},"end":{"line":94,"column":60}},"39":{"start":{"line":96,"column":4},"end":{"line":96,"column":26}},"40":{"start":{"line":98,"column":4},"end":{"line":98,"column":53}},"41":{"start":{"line":85,"column":0},"end":{"line":85,"column":22}},"42":{"start":{"line":102,"column":0},"end":{"line":105,"column":2}}},"fnMap":{"0":{"name":"login","decl":{"start":{"line":18,"column":22},"end":{"line":18,"column":27}},"loc":{"start":{"line":18,"column":75},"end":{"line":48,"column":null}}},"1":{"name":"registerUser","decl":{"start":{"line":50,"column":22},"end":{"line":50,"column":34}},"loc":{"start":{"line":53,"column":20},"end":{"line":83,"column":null}}},"2":{"name":"getProfile","decl":{"start":{"line":85,"column":22},"end":{"line":85,"column":32}},"loc":{"start":{"line":88,"column":20},"end":{"line":100,"column":null}}}},"branchMap":{"0":{"loc":{"start":{"line":22,"column":4},"end":{"line":24,"column":null}},"type":"if","locations":[{"start":{"line":22,"column":4},"end":{"line":24,"column":null}}]},"1":{"loc":{"start":{"line":34,"column":4},"end":{"line":36,"column":null}},"type":"if","locations":[{"start":{"line":34,"column":4},"end":{"line":36,"column":null}}]},"2":{"loc":{"start":{"line":58,"column":4},"end":{"line":60,"column":null}},"type":"if","locations":[{"start":{"line":58,"column":4},"end":{"line":60,"column":null}}]},"3":{"loc":{"start":{"line":92,"column":24},"end":{"line":92,"column":70}},"type":"binary-expr","locations":[{"start":{"line":92,"column":24},"end":{"line":92,"column":28}},{"start":{"line":92,"column":33},"end":{"line":92,"column":69}}]},"4":{"loc":{"start":{"line":93,"column":4},"end":{"line":95,"column":null}},"type":"if","locations":[{"start":{"line":93,"column":4},"end":{"line":95,"column":null}}]}},"s":{"0":8,"1":8,"2":8,"3":8,"4":8,"5":4,"6":4,"7":4,"8":4,"9":1,"10":3,"11":3,"12":3,"13":1,"14":2,"15":2,"16":2,"17":2,"18":0,"19":8,"20":2,"21":2,"22":2,"23":2,"24":0,"25":2,"26":2,"27":2,"28":2,"29":2,"30":2,"31":2,"32":0,"33":8,"34":1,"35":1,"36":1,"37":1,"38":0,"39":1,"40":0,"41":8,"42":8},"f":{"0":4,"1":2,"2":1},"b":{"0":[1],"1":[1],"2":[0],"3":[1,1],"4":[0]}}
,"E:\\SS2022\\full-stack-finland-16\\final-project\\fs16-backend\\controllers\\cartController.ts": {"path":"E:\\SS2022\\full-stack-finland-16\\final-project\\fs16-backend\\controllers\\cartController.ts","statementMap":{"0":{"start":{"line":4,"column":0},"end":{"line":4,"column":50}},"1":{"start":{"line":5,"column":0},"end":{"line":5,"column":56}},"2":{"start":{"line":8,"column":0},"end":{"line":8,"column":46}},"3":{"start":{"line":19,"column":2},"end":{"line":24,"column":null}},"4":{"start":{"line":20,"column":22},"end":{"line":20,"column":49}},"5":{"start":{"line":21,"column":4},"end":{"line":21,"column":24}},"6":{"start":{"line":23,"column":4},"end":{"line":23,"column":51}},"7":{"start":{"line":14,"column":0},"end":{"line":14,"column":22}},"8":{"start":{"line":32,"column":2},"end":{"line":39,"column":null}},"9":{"start":{"line":33,"column":21},"end":{"line":33,"column":49}},"10":{"start":{"line":35,"column":6},"end":{"line":35,"column":65}},"11":{"start":{"line":36,"column":4},"end":{"line":36,"column":24}},"12":{"start":{"line":38,"column":4},"end":{"line":38,"column":51}},"13":{"start":{"line":27,"column":0},"end":{"line":27,"column":22}},"14":{"start":{"line":47,"column":2},"end":{"line":83,"column":null}},"15":{"start":{"line":48,"column":41},"end":{"line":48,"column":49}},"16":{"start":{"line":49,"column":21},"end":{"line":49,"column":49}},"17":{"start":{"line":51,"column":20},"end":{"line":51,"column":74}},"18":{"start":{"line":52,"column":4},"end":{"line":54,"column":null}},"19":{"start":{"line":53,"column":6},"end":{"line":53,"column":66}},"20":{"start":{"line":57,"column":6},"end":{"line":61,"column":8}},"21":{"start":{"line":63,"column":27},"end":{"line":65,"column":21}},"22":{"start":{"line":66,"column":4},"end":{"line":68,"column":null}},"23":{"start":{"line":67,"column":6},"end":{"line":67,"column":72}},"24":{"start":{"line":70,"column":4},"end":{"line":76,"column":null}},"25":{"start":{"line":71,"column":30},"end":{"line":73,"column":null}},"26":{"start":{"line":75,"column":6},"end":{"line":75,"column":39}},"27":{"start":{"line":79,"column":6},"end":{"line":79,"column":70}},"28":{"start":{"line":80,"column":4},"end":{"line":80,"column":38}},"29":{"start":{"line":82,"column":4},"end":{"line":82,"column":53}},"30":{"start":{"line":42,"column":0},"end":{"line":42,"column":22}},"31":{"start":{"line":91,"column":2},"end":{"line":98,"column":null}},"32":{"start":{"line":92,"column":21},"end":{"line":92,"column":49}},"33":{"start":{"line":93,"column":19},"end":{"line":93,"column":36}},"34":{"start":{"line":94,"column":4},"end":{"line":94,"column":76}},"35":{"start":{"line":95,"column":4},"end":{"line":95,"column":27}},"36":{"start":{"line":97,"column":4},"end":{"line":97,"column":53}},"37":{"start":{"line":86,"column":0},"end":{"line":86,"column":22}}},"fnMap":{"0":{"name":"findAllCart","decl":{"start":{"line":14,"column":22},"end":{"line":14,"column":33}},"loc":{"start":{"line":17,"column":20},"end":{"line":25,"column":null}}},"1":{"name":"findUserCart","decl":{"start":{"line":27,"column":22},"end":{"line":27,"column":34}},"loc":{"start":{"line":30,"column":20},"end":{"line":40,"column":null}}},"2":{"name":"addToCart","decl":{"start":{"line":42,"column":22},"end":{"line":42,"column":31}},"loc":{"start":{"line":45,"column":20},"end":{"line":84,"column":null}}},"3":{"name":"deleteFromCart","decl":{"start":{"line":86,"column":22},"end":{"line":86,"column":36}},"loc":{"start":{"line":89,"column":20},"end":{"line":99,"column":null}}}},"branchMap":{"0":{"loc":{"start":{"line":35,"column":6},"end":{"line":35,"column":65}},"type":"binary-expr","locations":[{"start":{"line":35,"column":6},"end":{"line":35,"column":10}},{"start":{"line":35,"column":15},"end":{"line":35,"column":64}}]},"1":{"loc":{"start":{"line":52,"column":4},"end":{"line":54,"column":null}},"type":"if","locations":[{"start":{"line":52,"column":4},"end":{"line":54,"column":null}}]},"2":{"loc":{"start":{"line":57,"column":6},"end":{"line":61,"column":8}},"type":"binary-expr","locations":[{"start":{"line":57,"column":6},"end":{"line":57,"column":10}},{"start":{"line":58,"column":7},"end":{"line":60,"column":null}}]},"3":{"loc":{"start":{"line":63,"column":27},"end":{"line":65,"column":21}},"type":"cond-expr","locations":[{"start":{"line":64,"column":8},"end":{"line":64,"column":49}},{"start":{"line":65,"column":8},"end":{"line":65,"column":21}}]},"4":{"loc":{"start":{"line":66,"column":4},"end":{"line":68,"column":null}},"type":"if","locations":[{"start":{"line":66,"column":4},"end":{"line":68,"column":null}}]},"5":{"loc":{"start":{"line":70,"column":4},"end":{"line":76,"column":null}},"type":"if","locations":[{"start":{"line":70,"column":4},"end":{"line":76,"column":null}}]},"6":{"loc":{"start":{"line":79,"column":6},"end":{"line":79,"column":70}},"type":"binary-expr","locations":[{"start":{"line":79,"column":6},"end":{"line":79,"column":10}},{"start":{"line":79,"column":15},"end":{"line":79,"column":69}}]}},"s":{"0":8,"1":8,"2":8,"3":0,"4":0,"5":0,"6":0,"7":8,"8":2,"9":2,"10":2,"11":2,"12":0,"13":8,"14":4,"15":4,"16":4,"17":4,"18":4,"19":1,"20":3,"21":3,"22":3,"23":0,"24":3,"25":1,"26":1,"27":2,"28":2,"29":0,"30":8,"31":1,"32":1,"33":1,"34":1,"35":1,"36":0,"37":8},"f":{"0":0,"1":2,"2":4,"3":1},"b":{"0":[2,2],"1":[1],"2":[3,3],"3":[1,2],"4":[0],"5":[1],"6":[2,2]}}
,"E:\\SS2022\\full-stack-finland-16\\final-project\\fs16-backend\\controllers\\categoriesController.ts": {"path":"E:\\SS2022\\full-stack-finland-16\\final-project\\fs16-backend\\controllers\\categoriesController.ts","statementMap":{"0":{"start":{"line":4,"column":0},"end":{"line":4,"column":58}},"1":{"start":{"line":7,"column":0},"end":{"line":7,"column":46}},"2":{"start":{"line":17,"column":2},"end":{"line":22,"column":null}},"3":{"start":{"line":18,"column":23},"end":{"line":18,"column":54}},"4":{"start":{"line":19,"column":4},"end":{"line":19,"column":25}},"5":{"start":{"line":21,"column":4},"end":{"line":21,"column":60}},"6":{"start":{"line":12,"column":0},"end":{"line":12,"column":22}},"7":{"start":{"line":30,"column":2},"end":{"line":41,"column":null}},"8":{"start":{"line":31,"column":23},"end":{"line":31,"column":44}},"9":{"start":{"line":32,"column":21},"end":{"line":32,"column":62}},"10":{"start":{"line":33,"column":4},"end":{"line":36,"column":null}},"11":{"start":{"line":34,"column":28},"end":{"line":34,"column":76}},"12":{"start":{"line":35,"column":6},"end":{"line":35,"column":33}},"13":{"start":{"line":37,"column":4},"end":{"line":37,"column":23}},"14":{"start":{"line":39,"column":32},"end":{"line":39,"column":75}},"15":{"start":{"line":40,"column":4},"end":{"line":40,"column":30}},"16":{"start":{"line":25,"column":0},"end":{"line":25,"column":22}},"17":{"start":{"line":49,"column":2},"end":{"line":55,"column":null}},"18":{"start":{"line":50,"column":41},"end":{"line":50,"column":49}},"19":{"start":{"line":51,"column":21},"end":{"line":51,"column":65}},"20":{"start":{"line":52,"column":4},"end":{"line":52,"column":35}},"21":{"start":{"line":54,"column":4},"end":{"line":54,"column":53}},"22":{"start":{"line":44,"column":0},"end":{"line":44,"column":22}},"23":{"start":{"line":63,"column":2},"end":{"line":77,"column":null}},"24":{"start":{"line":64,"column":23},"end":{"line":64,"column":44}},"25":{"start":{"line":65,"column":48},"end":{"line":65,"column":56}},"26":{"start":{"line":66,"column":21},"end":{"line":66,"column":62}},"27":{"start":{"line":67,"column":4},"end":{"line":69,"column":null}},"28":{"start":{"line":68,"column":6},"end":{"line":68,"column":68}},"29":{"start":{"line":70,"column":28},"end":{"line":72,"column":null}},"30":{"start":{"line":74,"column":4},"end":{"line":74,"column":30}},"31":{"start":{"line":76,"column":4},"end":{"line":76,"column":53}},"32":{"start":{"line":58,"column":0},"end":{"line":58,"column":22}},"33":{"start":{"line":85,"column":2},"end":{"line":96,"column":null}},"34":{"start":{"line":86,"column":23},"end":{"line":86,"column":44}},"35":{"start":{"line":87,"column":21},"end":{"line":87,"column":62}},"36":{"start":{"line":88,"column":4},"end":{"line":91,"column":null}},"37":{"start":{"line":89,"column":6},"end":{"line":89,"column":61}},"38":{"start":{"line":90,"column":6},"end":{"line":90,"column":13}},"39":{"start":{"line":92,"column":4},"end":{"line":92,"column":53}},"40":{"start":{"line":93,"column":4},"end":{"line":93,"column":27}},"41":{"start":{"line":95,"column":4},"end":{"line":95,"column":53}},"42":{"start":{"line":80,"column":0},"end":{"line":80,"column":22}},"43":{"start":{"line":105,"column":21},"end":{"line":105,"column":42}},"44":{"start":{"line":106,"column":31},"end":{"line":106,"column":40}},"45":{"start":{"line":107,"column":2},"end":{"line":113,"column":null}},"46":{"start":{"line":108,"column":4},"end":{"line":110,"column":6}},"47":{"start":{"line":112,"column":4},"end":{"line":112,"column":53}},"48":{"start":{"line":100,"column":0},"end":{"line":100,"column":22}}},"fnMap":{"0":{"name":"findAllCategory","decl":{"start":{"line":12,"column":22},"end":{"line":12,"column":37}},"loc":{"start":{"line":15,"column":20},"end":{"line":23,"column":null}}},"1":{"name":"findOneCategory","decl":{"start":{"line":25,"column":22},"end":{"line":25,"column":37}},"loc":{"start":{"line":28,"column":20},"end":{"line":42,"column":null}}},"2":{"name":"createOneCategory","decl":{"start":{"line":44,"column":22},"end":{"line":44,"column":39}},"loc":{"start":{"line":47,"column":20},"end":{"line":56,"column":null}}},"3":{"name":"updateCategory","decl":{"start":{"line":58,"column":22},"end":{"line":58,"column":36}},"loc":{"start":{"line":61,"column":20},"end":{"line":78,"column":null}}},"4":{"name":"deleteCategory","decl":{"start":{"line":80,"column":22},"end":{"line":80,"column":36}},"loc":{"start":{"line":83,"column":20},"end":{"line":97,"column":null}}},"5":{"name":"filterProductByCategory","decl":{"start":{"line":100,"column":22},"end":{"line":100,"column":45}},"loc":{"start":{"line":103,"column":20},"end":{"line":114,"column":null}}}},"branchMap":{"0":{"loc":{"start":{"line":33,"column":4},"end":{"line":36,"column":null}},"type":"if","locations":[{"start":{"line":33,"column":4},"end":{"line":36,"column":null}}]},"1":{"loc":{"start":{"line":67,"column":4},"end":{"line":69,"column":null}},"type":"if","locations":[{"start":{"line":67,"column":4},"end":{"line":69,"column":null}}]},"2":{"loc":{"start":{"line":88,"column":4},"end":{"line":91,"column":null}},"type":"if","locations":[{"start":{"line":88,"column":4},"end":{"line":91,"column":null}}]}},"s":{"0":8,"1":8,"2":4,"3":4,"4":4,"5":0,"6":8,"7":1,"8":1,"9":1,"10":1,"11":0,"12":0,"13":1,"14":0,"15":0,"16":8,"17":1,"18":1,"19":1,"20":1,"21":0,"22":8,"23":1,"24":1,"25":1,"26":1,"27":1,"28":0,"29":1,"30":1,"31":0,"32":8,"33":1,"34":1,"35":1,"36":1,"37":0,"38":0,"39":1,"40":1,"41":0,"42":8,"43":0,"44":0,"45":0,"46":0,"47":0,"48":8},"f":{"0":4,"1":1,"2":1,"3":1,"4":1,"5":0},"b":{"0":[0],"1":[0],"2":[0]}}
,"E:\\SS2022\\full-stack-finland-16\\final-project\\fs16-backend\\controllers\\orderController.ts": {"path":"E:\\SS2022\\full-stack-finland-16\\final-project\\fs16-backend\\controllers\\orderController.ts","statementMap":{"0":{"start":{"line":4,"column":0},"end":{"line":4,"column":46}},"1":{"start":{"line":7,"column":0},"end":{"line":7,"column":52}},"2":{"start":{"line":8,"column":0},"end":{"line":8,"column":50}},"3":{"start":{"line":23,"column":15},"end":{"line":23,"column":34}},"4":{"start":{"line":24,"column":16},"end":{"line":24,"column":37}},"5":{"start":{"line":25,"column":15},"end":{"line":25,"column":49}},"6":{"start":{"line":26,"column":17},"end":{"line":26,"column":68}},"7":{"start":{"line":27,"column":2},"end":{"line":47,"column":null}},"8":{"start":{"line":29,"column":4},"end":{"line":43,"column":null}},"9":{"start":{"line":31,"column":6},"end":{"line":36,"column":8}},"10":{"start":{"line":38,"column":6},"end":{"line":42,"column":8}},"11":{"start":{"line":44,"column":4},"end":{"line":44,"column":21}},"12":{"start":{"line":46,"column":4},"end":{"line":46,"column":53}},"13":{"start":{"line":18,"column":0},"end":{"line":18,"column":22}},"14":{"start":{"line":56,"column":2},"end":{"line":66,"column":null}},"15":{"start":{"line":57,"column":20},"end":{"line":57,"column":38}},"16":{"start":{"line":58,"column":18},"end":{"line":58,"column":54}},"17":{"start":{"line":59,"column":4},"end":{"line":62,"column":null}},"18":{"start":{"line":60,"column":6},"end":{"line":60,"column":59}},"19":{"start":{"line":61,"column":6},"end":{"line":61,"column":13}},"20":{"start":{"line":63,"column":4},"end":{"line":63,"column":20}},"21":{"start":{"line":65,"column":4},"end":{"line":65,"column":53}},"22":{"start":{"line":51,"column":0},"end":{"line":51,"column":22}},"23":{"start":{"line":75,"column":2},"end":{"line":96,"column":null}},"24":{"start":{"line":76,"column":21},"end":{"line":76,"column":49}},"25":{"start":{"line":77,"column":40},"end":{"line":77,"column":48}},"26":{"start":{"line":78,"column":18},"end":{"line":80,"column":null}},"27":{"start":{"line":82,"column":4},"end":{"line":84,"column":null}},"28":{"start":{"line":83,"column":6},"end":{"line":83,"column":60}},"29":{"start":{"line":85,"column":23},"end":{"line":85,"column":60}},"30":{"start":{"line":85,"column":43},"end":{"line":85,"column":59}},"31":{"start":{"line":87,"column":18},"end":{"line":87,"column":79}},"32":{"start":{"line":89,"column":4},"end":{"line":92,"column":6}},"33":{"start":{"line":93,"column":4},"end":{"line":93,"column":75}},"34":{"start":{"line":95,"column":4},"end":{"line":95,"column":53}},"35":{"start":{"line":70,"column":0},"end":{"line":70,"column":22}}},"fnMap":{"0":{"name":"findAllOrder","decl":{"start":{"line":18,"column":22},"end":{"line":18,"column":34}},"loc":{"start":{"line":21,"column":20},"end":{"line":48,"column":null}}},"1":{"name":"findOrderById","decl":{"start":{"line":51,"column":22},"end":{"line":51,"column":35}},"loc":{"start":{"line":54,"column":20},"end":{"line":67,"column":null}}},"2":{"name":"createOrder","decl":{"start":{"line":70,"column":22},"end":{"line":70,"column":33}},"loc":{"start":{"line":73,"column":20},"end":{"line":97,"column":null}}},"3":{"name":"(anonymous_14)","decl":{"start":{"line":85,"column":33},"end":{"line":85,"column":34}},"loc":{"start":{"line":85,"column":43},"end":{"line":85,"column":59}}}},"branchMap":{"0":{"loc":{"start":{"line":23,"column":15},"end":{"line":23,"column":34}},"type":"binary-expr","locations":[{"start":{"line":23,"column":15},"end":{"line":23,"column":29}},{"start":{"line":23,"column":33},"end":{"line":23,"column":34}}]},"1":{"loc":{"start":{"line":24,"column":16},"end":{"line":24,"column":37}},"type":"binary-expr","locations":[{"start":{"line":24,"column":16},"end":{"line":24,"column":31}},{"start":{"line":24,"column":35},"end":{"line":24,"column":37}}]},"2":{"loc":{"start":{"line":25,"column":15},"end":{"line":25,"column":49}},"type":"binary-expr","locations":[{"start":{"line":25,"column":15},"end":{"line":25,"column":29}},{"start":{"line":25,"column":33},"end":{"line":25,"column":49}}]},"3":{"loc":{"start":{"line":29,"column":4},"end":{"line":43,"column":null}},"type":"if","locations":[{"start":{"line":29,"column":4},"end":{"line":43,"column":null}},{"start":{"line":37,"column":11},"end":{"line":43,"column":null}}]},"4":{"loc":{"start":{"line":59,"column":4},"end":{"line":62,"column":null}},"type":"if","locations":[{"start":{"line":59,"column":4},"end":{"line":62,"column":null}}]},"5":{"loc":{"start":{"line":82,"column":4},"end":{"line":84,"column":null}},"type":"if","locations":[{"start":{"line":82,"column":4},"end":{"line":84,"column":null}}]},"6":{"loc":{"start":{"line":82,"column":9},"end":{"line":82,"column":22}},"type":"cond-expr","locations":[{"start":{"line":82,"column":14},"end":{"line":82,"column":16}},{"start":{"line":82,"column":9},"end":{"line":82,"column":22}}]},"7":{"loc":{"start":{"line":82,"column":9},"end":{"line":82,"column":16}},"type":"binary-expr","locations":[{"start":{"line":82,"column":9},"end":{"line":82,"column":16}},{"start":{"line":82,"column":9},"end":{"line":82,"column":16}}]}},"s":{"0":8,"1":8,"2":8,"3":2,"4":2,"5":2,"6":2,"7":2,"8":2,"9":0,"10":2,"11":2,"12":0,"13":8,"14":2,"15":2,"16":2,"17":2,"18":1,"19":1,"20":1,"21":0,"22":8,"23":2,"24":2,"25":2,"26":2,"27":2,"28":1,"29":1,"30":1,"31":1,"32":1,"33":1,"34":0,"35":8},"f":{"0":2,"1":2,"2":2,"3":1},"b":{"0":[2,2],"1":[2,2],"2":[2,2],"3":[0,2],"4":[1],"5":[1],"6":[0,2],"7":[2,2]}}
,"E:\\SS2022\\full-stack-finland-16\\final-project\\fs16-backend\\controllers\\productsController.ts": {"path":"E:\\SS2022\\full-stack-finland-16\\final-project\\fs16-backend\\controllers\\productsController.ts","statementMap":{"0":{"start":{"line":4,"column":0},"end":{"line":4,"column":56}},"1":{"start":{"line":5,"column":0},"end":{"line":5,"column":56}},"2":{"start":{"line":8,"column":0},"end":{"line":8,"column":46}},"3":{"start":{"line":18,"column":2},"end":{"line":38,"column":null}},"4":{"start":{"line":19,"column":20},"end":{"line":19,"column":43}},"5":{"start":{"line":20,"column":19},"end":{"line":20,"column":41}},"6":{"start":{"line":21,"column":20},"end":{"line":21,"column":46}},"7":{"start":{"line":22,"column":23},"end":{"line":22,"column":49}},"8":{"start":{"line":23,"column":21},"end":{"line":23,"column":44}},"9":{"start":{"line":24,"column":21},"end":{"line":24,"column":50}},"10":{"start":{"line":26,"column":21},"end":{"line":32,"column":null}},"11":{"start":{"line":34,"column":4},"end":{"line":34,"column":23}},"12":{"start":{"line":36,"column":4},"end":{"line":36,"column":null}},"13":{"start":{"line":37,"column":4},"end":{"line":37,"column":53}},"14":{"start":{"line":13,"column":0},"end":{"line":13,"column":22}},"15":{"start":{"line":46,"column":2},"end":{"line":56,"column":null}},"16":{"start":{"line":47,"column":22},"end":{"line":47,"column":42}},"17":{"start":{"line":48,"column":20},"end":{"line":48,"column":60}},"18":{"start":{"line":49,"column":4},"end":{"line":52,"column":null}},"19":{"start":{"line":50,"column":6},"end":{"line":50,"column":60}},"20":{"start":{"line":51,"column":6},"end":{"line":51,"column":13}},"21":{"start":{"line":53,"column":4},"end":{"line":53,"column":22}},"22":{"start":{"line":55,"column":4},"end":{"line":55,"column":53}},"23":{"start":{"line":41,"column":0},"end":{"line":41,"column":22}},"24":{"start":{"line":64,"column":2},"end":{"line":70,"column":null}},"25":{"start":{"line":65,"column":39},"end":{"line":65,"column":47}},"26":{"start":{"line":66,"column":20},"end":{"line":66,"column":62}},"27":{"start":{"line":67,"column":4},"end":{"line":67,"column":34}},"28":{"start":{"line":69,"column":4},"end":{"line":69,"column":53}},"29":{"start":{"line":59,"column":0},"end":{"line":59,"column":22}},"30":{"start":{"line":78,"column":2},"end":{"line":93,"column":null}},"31":{"start":{"line":79,"column":22},"end":{"line":79,"column":42}},"32":{"start":{"line":80,"column":46},"end":{"line":80,"column":54}},"33":{"start":{"line":81,"column":20},"end":{"line":81,"column":60}},"34":{"start":{"line":82,"column":4},"end":{"line":85,"column":null}},"35":{"start":{"line":83,"column":6},"end":{"line":83,"column":60}},"36":{"start":{"line":84,"column":6},"end":{"line":84,"column":13}},"37":{"start":{"line":86,"column":27},"end":{"line":88,"column":null}},"38":{"start":{"line":90,"column":4},"end":{"line":90,"column":29}},"39":{"start":{"line":92,"column":4},"end":{"line":92,"column":53}},"40":{"start":{"line":73,"column":0},"end":{"line":73,"column":22}},"41":{"start":{"line":101,"column":2},"end":{"line":112,"column":null}},"42":{"start":{"line":102,"column":22},"end":{"line":102,"column":42}},"43":{"start":{"line":103,"column":20},"end":{"line":103,"column":60}},"44":{"start":{"line":104,"column":4},"end":{"line":107,"column":null}},"45":{"start":{"line":105,"column":6},"end":{"line":105,"column":60}},"46":{"start":{"line":106,"column":6},"end":{"line":106,"column":13}},"47":{"start":{"line":108,"column":4},"end":{"line":108,"column":50}},"48":{"start":{"line":109,"column":4},"end":{"line":109,"column":57}},"49":{"start":{"line":111,"column":4},"end":{"line":111,"column":53}},"50":{"start":{"line":96,"column":0},"end":{"line":96,"column":22}},"51":{"start":{"line":120,"column":2},"end":{"line":138,"column":null}},"52":{"start":{"line":121,"column":20},"end":{"line":121,"column":43}},"53":{"start":{"line":122,"column":19},"end":{"line":122,"column":41}},"54":{"start":{"line":123,"column":20},"end":{"line":123,"column":46}},"55":{"start":{"line":124,"column":16},"end":{"line":124,"column":37}},"56":{"start":{"line":125,"column":4},"end":{"line":128,"column":null}},"57":{"start":{"line":126,"column":19},"end":{"line":126,"column":53}},"58":{"start":{"line":127,"column":6},"end":{"line":127,"column":68}},"59":{"start":{"line":127,"column":44},"end":{"line":127,"column":66}},"60":{"start":{"line":129,"column":21},"end":{"line":133,"column":null}},"61":{"start":{"line":135,"column":4},"end":{"line":135,"column":23}},"62":{"start":{"line":137,"column":4},"end":{"line":137,"column":53}},"63":{"start":{"line":115,"column":0},"end":{"line":115,"column":22}}},"fnMap":{"0":{"name":"findAllProduct","decl":{"start":{"line":13,"column":22},"end":{"line":13,"column":36}},"loc":{"start":{"line":16,"column":20},"end":{"line":39,"column":null}}},"1":{"name":"findOneProduct","decl":{"start":{"line":41,"column":22},"end":{"line":41,"column":36}},"loc":{"start":{"line":44,"column":20},"end":{"line":57,"column":null}}},"2":{"name":"createOneProduct","decl":{"start":{"line":59,"column":22},"end":{"line":59,"column":38}},"loc":{"start":{"line":62,"column":20},"end":{"line":71,"column":null}}},"3":{"name":"updateProduct","decl":{"start":{"line":73,"column":22},"end":{"line":73,"column":35}},"loc":{"start":{"line":76,"column":20},"end":{"line":94,"column":null}}},"4":{"name":"deleteProduct","decl":{"start":{"line":96,"column":22},"end":{"line":96,"column":35}},"loc":{"start":{"line":99,"column":20},"end":{"line":113,"column":null}}},"5":{"name":"searchProduct","decl":{"start":{"line":115,"column":22},"end":{"line":115,"column":35}},"loc":{"start":{"line":118,"column":20},"end":{"line":139,"column":null}}},"6":{"name":"(anonymous_20)","decl":{"start":{"line":127,"column":25},"end":{"line":127,"column":26}},"loc":{"start":{"line":127,"column":44},"end":{"line":127,"column":66}}}},"branchMap":{"0":{"loc":{"start":{"line":19,"column":20},"end":{"line":19,"column":43}},"type":"binary-expr","locations":[{"start":{"line":19,"column":20},"end":{"line":19,"column":37}},{"start":{"line":19,"column":41},"end":{"line":19,"column":43}}]},"1":{"loc":{"start":{"line":20,"column":19},"end":{"line":20,"column":41}},"type":"binary-expr","locations":[{"start":{"line":20,"column":19},"end":{"line":20,"column":36}},{"start":{"line":20,"column":40},"end":{"line":20,"column":41}}]},"2":{"loc":{"start":{"line":21,"column":20},"end":{"line":21,"column":46}},"type":"binary-expr","locations":[{"start":{"line":21,"column":20},"end":{"line":21,"column":36}},{"start":{"line":21,"column":40},"end":{"line":21,"column":46}}]},"3":{"loc":{"start":{"line":22,"column":23},"end":{"line":22,"column":49}},"type":"binary-expr","locations":[{"start":{"line":22,"column":23},"end":{"line":22,"column":43}},{"start":{"line":22,"column":47},"end":{"line":22,"column":49}}]},"4":{"loc":{"start":{"line":23,"column":21},"end":{"line":23,"column":44}},"type":"binary-expr","locations":[{"start":{"line":23,"column":21},"end":{"line":23,"column":39}},{"start":{"line":23,"column":43},"end":{"line":23,"column":44}}]},"5":{"loc":{"start":{"line":24,"column":21},"end":{"line":24,"column":50}},"type":"binary-expr","locations":[{"start":{"line":24,"column":21},"end":{"line":24,"column":39}},{"start":{"line":24,"column":43},"end":{"line":24,"column":50}}]},"6":{"loc":{"start":{"line":49,"column":4},"end":{"line":52,"column":null}},"type":"if","locations":[{"start":{"line":49,"column":4},"end":{"line":52,"column":null}}]},"7":{"loc":{"start":{"line":82,"column":4},"end":{"line":85,"column":null}},"type":"if","locations":[{"start":{"line":82,"column":4},"end":{"line":85,"column":null}}]},"8":{"loc":{"start":{"line":104,"column":4},"end":{"line":107,"column":null}},"type":"if","locations":[{"start":{"line":104,"column":4},"end":{"line":107,"column":null}}]},"9":{"loc":{"start":{"line":121,"column":20},"end":{"line":121,"column":43}},"type":"binary-expr","locations":[{"start":{"line":121,"column":20},"end":{"line":121,"column":37}},{"start":{"line":121,"column":41},"end":{"line":121,"column":43}}]},"10":{"loc":{"start":{"line":122,"column":19},"end":{"line":122,"column":41}},"type":"binary-expr","locations":[{"start":{"line":122,"column":19},"end":{"line":122,"column":36}},{"start":{"line":122,"column":40},"end":{"line":122,"column":41}}]},"11":{"loc":{"start":{"line":123,"column":20},"end":{"line":123,"column":46}},"type":"binary-expr","locations":[{"start":{"line":123,"column":20},"end":{"line":123,"column":36}},{"start":{"line":123,"column":40},"end":{"line":123,"column":46}}]},"12":{"loc":{"start":{"line":125,"column":4},"end":{"line":128,"column":null}},"type":"if","locations":[{"start":{"line":125,"column":4},"end":{"line":128,"column":null}}]}},"s":{"0":8,"1":8,"2":8,"3":4,"4":4,"5":4,"6":4,"7":4,"8":4,"9":4,"10":4,"11":4,"12":0,"13":0,"14":8,"15":1,"16":1,"17":1,"18":1,"19":0,"20":0,"21":1,"22":0,"23":8,"24":7,"25":7,"26":7,"27":7,"28":0,"29":8,"30":2,"31":2,"32":2,"33":2,"34":1,"35":0,"36":0,"37":1,"38":1,"39":1,"40":8,"41":2,"42":2,"43":2,"44":2,"45":0,"46":0,"47":2,"48":2,"49":0,"50":8,"51":1,"52":1,"53":1,"54":1,"55":1,"56":1,"57":1,"58":1,"59":1,"60":1,"61":1,"62":0,"63":8},"f":{"0":4,"1":1,"2":7,"3":2,"4":2,"5":1,"6":1},"b":{"0":[4,4],"1":[4,4],"2":[4,4],"3":[4,4],"4":[4,4],"5":[4,4],"6":[0],"7":[0],"8":[0],"9":[1,1],"10":[1,1],"11":[1,1],"12":[1]}}
,"E:\\SS2022\\full-stack-finland-16\\final-project\\fs16-backend\\controllers\\sizesController.ts": {"path":"E:\\SS2022\\full-stack-finland-16\\final-project\\fs16-backend\\controllers\\sizesController.ts","statementMap":{"0":{"start":{"line":4,"column":0},"end":{"line":4,"column":50}},"1":{"start":{"line":7,"column":0},"end":{"line":7,"column":46}},"2":{"start":{"line":17,"column":2},"end":{"line":22,"column":null}},"3":{"start":{"line":18,"column":18},"end":{"line":18,"column":45}},"4":{"start":{"line":19,"column":4},"end":{"line":19,"column":20}},"5":{"start":{"line":21,"column":4},"end":{"line":21,"column":53}},"6":{"start":{"line":12,"column":0},"end":{"line":12,"column":22}},"7":{"start":{"line":30,"column":2},"end":{"line":36,"column":null}},"8":{"start":{"line":31,"column":34},"end":{"line":31,"column":42}},"9":{"start":{"line":32,"column":17},"end":{"line":32,"column":54}},"10":{"start":{"line":33,"column":4},"end":{"line":33,"column":31}},"11":{"start":{"line":35,"column":4},"end":{"line":35,"column":53}},"12":{"start":{"line":25,"column":0},"end":{"line":25,"column":22}},"13":{"start":{"line":44,"column":2},"end":{"line":55,"column":null}},"14":{"start":{"line":45,"column":19},"end":{"line":45,"column":36}},"15":{"start":{"line":46,"column":17},"end":{"line":46,"column":50}},"16":{"start":{"line":47,"column":4},"end":{"line":50,"column":null}},"17":{"start":{"line":48,"column":28},"end":{"line":48,"column":72}},"18":{"start":{"line":49,"column":6},"end":{"line":49,"column":33}},"19":{"start":{"line":51,"column":4},"end":{"line":51,"column":19}},"20":{"start":{"line":53,"column":32},"end":{"line":53,"column":75}},"21":{"start":{"line":54,"column":4},"end":{"line":54,"column":30}},"22":{"start":{"line":39,"column":0},"end":{"line":39,"column":22}},"23":{"start":{"line":63,"column":2},"end":{"line":70,"column":null}},"24":{"start":{"line":64,"column":19},"end":{"line":64,"column":36}},"25":{"start":{"line":65,"column":34},"end":{"line":65,"column":42}},"26":{"start":{"line":66,"column":17},"end":{"line":66,"column":63}},"27":{"start":{"line":67,"column":4},"end":{"line":67,"column":19}},"28":{"start":{"line":69,"column":4},"end":{"line":69,"column":53}},"29":{"start":{"line":58,"column":0},"end":{"line":58,"column":22}},"30":{"start":{"line":78,"column":2},"end":{"line":84,"column":null}},"31":{"start":{"line":79,"column":19},"end":{"line":79,"column":36}},"32":{"start":{"line":80,"column":17},"end":{"line":80,"column":53}},"33":{"start":{"line":81,"column":4},"end":{"line":81,"column":27}},"34":{"start":{"line":83,"column":4},"end":{"line":83,"column":53}},"35":{"start":{"line":73,"column":0},"end":{"line":73,"column":22}}},"fnMap":{"0":{"name":"findAllSize","decl":{"start":{"line":12,"column":22},"end":{"line":12,"column":33}},"loc":{"start":{"line":15,"column":20},"end":{"line":23,"column":null}}},"1":{"name":"createOneSize","decl":{"start":{"line":25,"column":22},"end":{"line":25,"column":35}},"loc":{"start":{"line":28,"column":20},"end":{"line":37,"column":null}}},"2":{"name":"findSingleSize","decl":{"start":{"line":39,"column":22},"end":{"line":39,"column":36}},"loc":{"start":{"line":42,"column":20},"end":{"line":56,"column":null}}},"3":{"name":"updateSize","decl":{"start":{"line":58,"column":22},"end":{"line":58,"column":32}},"loc":{"start":{"line":61,"column":20},"end":{"line":71,"column":null}}},"4":{"name":"deleteSize","decl":{"start":{"line":73,"column":22},"end":{"line":73,"column":32}},"loc":{"start":{"line":76,"column":20},"end":{"line":85,"column":null}}}},"branchMap":{"0":{"loc":{"start":{"line":47,"column":4},"end":{"line":50,"column":null}},"type":"if","locations":[{"start":{"line":47,"column":4},"end":{"line":50,"column":null}}]}},"s":{"0":8,"1":8,"2":4,"3":4,"4":4,"5":0,"6":8,"7":1,"8":1,"9":1,"10":1,"11":0,"12":8,"13":1,"14":1,"15":1,"16":1,"17":0,"18":0,"19":1,"20":0,"21":0,"22":8,"23":1,"24":1,"25":1,"26":1,"27":1,"28":0,"29":8,"30":1,"31":1,"32":1,"33":1,"34":0,"35":8},"f":{"0":4,"1":1,"2":1,"3":1,"4":1},"b":{"0":[0]}}
,"E:\\SS2022\\full-stack-finland-16\\final-project\\fs16-backend\\controllers\\usersController.ts": {"path":"E:\\SS2022\\full-stack-finland-16\\final-project\\fs16-backend\\controllers\\usersController.ts","statementMap":{"0":{"start":{"line":4,"column":0},"end":{"line":4,"column":50}},"1":{"start":{"line":7,"column":0},"end":{"line":7,"column":46}},"2":{"start":{"line":14,"column":0},"end":{"line":14,"column":56}},"3":{"start":{"line":21,"column":2},"end":{"line":26,"column":null}},"4":{"start":{"line":22,"column":18},"end":{"line":22,"column":49}},"5":{"start":{"line":23,"column":4},"end":{"line":23,"column":20}},"6":{"start":{"line":25,"column":4},"end":{"line":25,"column":53}},"7":{"start":{"line":16,"column":0},"end":{"line":16,"column":22}},"8":{"start":{"line":34,"column":2},"end":{"line":44,"column":null}},"9":{"start":{"line":35,"column":19},"end":{"line":35,"column":36}},"10":{"start":{"line":36,"column":17},"end":{"line":36,"column":51}},"11":{"start":{"line":37,"column":4},"end":{"line":40,"column":null}},"12":{"start":{"line":38,"column":6},"end":{"line":38,"column":57}},"13":{"start":{"line":39,"column":6},"end":{"line":39,"column":13}},"14":{"start":{"line":41,"column":4},"end":{"line":41,"column":19}},"15":{"start":{"line":43,"column":4},"end":{"line":43,"column":53}},"16":{"start":{"line":29,"column":0},"end":{"line":29,"column":22}},"17":{"start":{"line":52,"column":2},"end":{"line":63,"column":null}},"18":{"start":{"line":53,"column":33},"end":{"line":53,"column":41}},"19":{"start":{"line":54,"column":22},"end":{"line":54,"column":66}},"20":{"start":{"line":55,"column":4},"end":{"line":57,"column":null}},"21":{"start":{"line":56,"column":6},"end":{"line":56,"column":61}},"22":{"start":{"line":58,"column":4},"end":{"line":58,"column":68}},"23":{"start":{"line":59,"column":17},"end":{"line":59,"column":54}},"24":{"start":{"line":60,"column":4},"end":{"line":60,"column":31}},"25":{"start":{"line":62,"column":4},"end":{"line":62,"column":53}},"26":{"start":{"line":47,"column":0},"end":{"line":47,"column":22}},"27":{"start":{"line":71,"column":2},"end":{"line":77,"column":null}},"28":{"start":{"line":72,"column":19},"end":{"line":72,"column":36}},"29":{"start":{"line":73,"column":4},"end":{"line":73,"column":41}},"30":{"start":{"line":74,"column":4},"end":{"line":74,"column":27}},"31":{"start":{"line":76,"column":4},"end":{"line":76,"column":49}},"32":{"start":{"line":66,"column":0},"end":{"line":66,"column":22}},"33":{"start":{"line":84,"column":2},"end":{"line":94,"column":null}},"34":{"start":{"line":85,"column":19},"end":{"line":85,"column":36}},"35":{"start":{"line":86,"column":34},"end":{"line":86,"column":42}},"36":{"start":{"line":87,"column":4},"end":{"line":89,"column":null}},"37":{"start":{"line":88,"column":6},"end":{"line":88,"column":72}},"38":{"start":{"line":90,"column":24},"end":{"line":90,"column":74}},"39":{"start":{"line":91,"column":4},"end":{"line":91,"column":26}},"40":{"start":{"line":93,"column":4},"end":{"line":93,"column":53}},"41":{"start":{"line":79,"column":0},"end":{"line":79,"column":22}},"42":{"start":{"line":102,"column":2},"end":{"line":107,"column":null}},"43":{"start":{"line":103,"column":24},"end":{"line":103,"column":62}},"44":{"start":{"line":104,"column":4},"end":{"line":104,"column":26}},"45":{"start":{"line":106,"column":4},"end":{"line":106,"column":53}},"46":{"start":{"line":97,"column":0},"end":{"line":97,"column":22}},"47":{"start":{"line":115,"column":2},"end":{"line":121,"column":null}},"48":{"start":{"line":116,"column":45},"end":{"line":116,"column":53}},"49":{"start":{"line":117,"column":23},"end":{"line":117,"column":72}},"50":{"start":{"line":118,"column":4},"end":{"line":118,"column":37}},"51":{"start":{"line":120,"column":4},"end":{"line":120,"column":53}},"52":{"start":{"line":110,"column":0},"end":{"line":110,"column":22}},"53":{"start":{"line":124,"column":0},"end":{"line":130,"column":2}}},"fnMap":{"0":{"name":"findAllUser","decl":{"start":{"line":16,"column":22},"end":{"line":16,"column":33}},"loc":{"start":{"line":19,"column":20},"end":{"line":27,"column":null}}},"1":{"name":"findSingleUser","decl":{"start":{"line":29,"column":22},"end":{"line":29,"column":36}},"loc":{"start":{"line":32,"column":20},"end":{"line":45,"column":null}}},"2":{"name":"createUser","decl":{"start":{"line":47,"column":22},"end":{"line":47,"column":32}},"loc":{"start":{"line":50,"column":20},"end":{"line":64,"column":null}}},"3":{"name":"deleteUser","decl":{"start":{"line":66,"column":22},"end":{"line":66,"column":32}},"loc":{"start":{"line":69,"column":20},"end":{"line":78,"column":null}}},"4":{"name":"updateUserInfo","decl":{"start":{"line":79,"column":22},"end":{"line":79,"column":36}},"loc":{"start":{"line":82,"column":20},"end":{"line":95,"column":null}}},"5":{"name":"getAllPermissions","decl":{"start":{"line":97,"column":22},"end":{"line":97,"column":39}},"loc":{"start":{"line":100,"column":20},"end":{"line":108,"column":null}}},"6":{"name":"addPermission","decl":{"start":{"line":110,"column":22},"end":{"line":110,"column":35}},"loc":{"start":{"line":113,"column":20},"end":{"line":122,"column":null}}}},"branchMap":{"0":{"loc":{"start":{"line":37,"column":4},"end":{"line":40,"column":null}},"type":"if","locations":[{"start":{"line":37,"column":4},"end":{"line":40,"column":null}}]},"1":{"loc":{"start":{"line":55,"column":4},"end":{"line":57,"column":null}},"type":"if","locations":[{"start":{"line":55,"column":4},"end":{"line":57,"column":null}}]},"2":{"loc":{"start":{"line":87,"column":4},"end":{"line":89,"column":null}},"type":"if","locations":[{"start":{"line":87,"column":4},"end":{"line":89,"column":null}}]}},"s":{"0":8,"1":8,"2":8,"3":0,"4":0,"5":0,"6":0,"7":8,"8":0,"9":0,"10":0,"11":0,"12":0,"13":0,"14":0,"15":0,"16":8,"17":0,"18":0,"19":0,"20":0,"21":0,"22":0,"23":0,"24":0,"25":0,"26":8,"27":0,"28":0,"29":0,"30":0,"31":0,"32":8,"33":0,"34":0,"35":0,"36":0,"37":0,"38":0,"39":0,"40":0,"41":8,"42":1,"43":1,"44":1,"45":0,"46":8,"47":1,"48":1,"49":1,"50":1,"51":0,"52":8,"53":8},"f":{"0":0,"1":0,"2":0,"3":0,"4":0,"5":1,"6":1},"b":{"0":[0],"1":[0],"2":[0]}}
,"E:\\SS2022\\full-stack-finland-16\\final-project\\fs16-backend\\dist\\index.js": {"path":"E:\\SS2022\\full-stack-finland-16\\final-project\\fs16-backend\\dist\\index.js","statementMap":{"0":{"start":{"line":2,"column":22},"end":{"line":4,"column":1}},"1":{"start":{"line":3,"column":4},"end":{"line":3,"column":62}},"2":{"start":{"line":5,"column":0},"end":{"line":5,"column":62}},"3":{"start":{"line":6,"column":18},"end":{"line":6,"column":53}},"4":{"start":{"line":7,"column":0},"end":{"line":7,"column":25}},"5":{"start":{"line":9,"column":18},"end":{"line":9,"column":50}},"6":{"start":{"line":10,"column":16},"end":{"line":10,"column":46}},"7":{"start":{"line":11,"column":24},"end":{"line":11,"column":62}},"8":{"start":{"line":13,"column":24},"end":{"line":13,"column":74}},"9":{"start":{"line":14,"column":26},"end":{"line":14,"column":78}},"10":{"start":{"line":15,"column":21},"end":{"line":15,"column":68}},"11":{"start":{"line":16,"column":21},"end":{"line":16,"column":68}},"12":{"start":{"line":17,"column":20},"end":{"line":17,"column":66}},"13":{"start":{"line":18,"column":21},"end":{"line":18,"column":68}},"14":{"start":{"line":19,"column":20},"end":{"line":19,"column":66}},"15":{"start":{"line":20,"column":19},"end":{"line":20,"column":47}},"16":{"start":{"line":22,"column":12},"end":{"line":22,"column":36}},"17":{"start":{"line":23,"column":13},"end":{"line":23,"column":17}},"18":{"start":{"line":25,"column":0},"end":{"line":30,"column":3}},"19":{"start":{"line":26,"column":4},"end":{"line":26,"column":51}},"20":{"start":{"line":27,"column":4},"end":{"line":27,"column":112}},"21":{"start":{"line":28,"column":4},"end":{"line":28,"column":82}},"22":{"start":{"line":29,"column":4},"end":{"line":29,"column":11}},"23":{"start":{"line":32,"column":0},"end":{"line":32,"column":33}},"24":{"start":{"line":34,"column":0},"end":{"line":34,"column":34}},"25":{"start":{"line":35,"column":0},"end":{"line":35,"column":37}},"26":{"start":{"line":37,"column":0},"end":{"line":37,"column":53}},"27":{"start":{"line":38,"column":0},"end":{"line":38,"column":57}},"28":{"start":{"line":39,"column":0},"end":{"line":39,"column":47}},"29":{"start":{"line":40,"column":0},"end":{"line":40,"column":45}},"30":{"start":{"line":41,"column":0},"end":{"line":41,"column":47}},"31":{"start":{"line":42,"column":0},"end":{"line":42,"column":46}},"32":{"start":{"line":43,"column":0},"end":{"line":43,"column":48}},"33":{"start":{"line":44,"column":0},"end":{"line":44,"column":40}},"34":{"start":{"line":46,"column":0},"end":{"line":46,"column":44}},"35":{"start":{"line":48,"column":0},"end":{"line":50,"column":3}},"36":{"start":{"line":49,"column":4},"end":{"line":49,"column":55}},"37":{"start":{"line":51,"column":0},"end":{"line":51,"column":22}}},"fnMap":{"0":{"name":"(anonymous_0)","decl":{"start":{"line":2,"column":56},"end":{"line":2,"column":57}},"loc":{"start":{"line":2,"column":71},"end":{"line":4,"column":1}},"line":2},"1":{"name":"(anonymous_1)","decl":{"start":{"line":25,"column":8},"end":{"line":25,"column":9}},"loc":{"start":{"line":25,"column":34},"end":{"line":30,"column":1}},"line":25},"2":{"name":"(anonymous_2)","decl":{"start":{"line":48,"column":17},"end":{"line":48,"column":18}},"loc":{"start":{"line":48,"column":23},"end":{"line":50,"column":1}},"line":48}},"branchMap":{"0":{"loc":{"start":{"line":2,"column":22},"end":{"line":4,"column":1}},"type":"binary-expr","locations":[{"start":{"line":2,"column":23},"end":{"line":2,"column":27}},{"start":{"line":2,"column":31},"end":{"line":2,"column":51}},{"start":{"line":2,"column":56},"end":{"line":4,"column":1}}],"line":2},"1":{"loc":{"start":{"line":3,"column":11},"end":{"line":3,"column":61}},"type":"cond-expr","locations":[{"start":{"line":3,"column":37},"end":{"line":3,"column":40}},{"start":{"line":3,"column":43},"end":{"line":3,"column":61}}],"line":3},"2":{"loc":{"start":{"line":3,"column":12},"end":{"line":3,"column":33}},"type":"binary-expr","locations":[{"start":{"line":3,"column":12},"end":{"line":3,"column":15}},{"start":{"line":3,"column":19},"end":{"line":3,"column":33}}],"line":3}},"s":{"0":8,"1":64,"2":8,"3":8,"4":8,"5":8,"6":8,"7":8,"8":8,"9":8,"10":8,"11":8,"12":8,"13":8,"14":8,"15":8,"16":8,"17":8,"18":8,"19":87,"20":87,"21":87,"22":87,"23":8,"24":8,"25":8,"26":8,"27":8,"28":8,"29":8,"30":8,"31":8,"32":8,"33":8,"34":8,"35":8,"36":0,"37":8},"f":{"0":64,"1":87,"2":0},"b":{"0":[8,8,8],"1":[56,8],"2":[64,64]},"inputSourceMap":null,"_coverageSchema":"1a1c01bbd47fc00a2c39e90264f33305004495a9","hash":"604c5e8168958155e7e9db6d8703b73a4e83d133"}
,"E:\\SS2022\\full-stack-finland-16\\final-project\\fs16-backend\\dist\\config\\mongoose.js": {"path":"E:\\SS2022\\full-stack-finland-16\\final-project\\fs16-backend\\dist\\config\\mongoose.js","statementMap":{"0":{"start":{"line":2,"column":22},"end":{"line":4,"column":1}},"1":{"start":{"line":3,"column":4},"end":{"line":3,"column":62}},"2":{"start":{"line":5,"column":0},"end":{"line":5,"column":62}},"3":{"start":{"line":6,"column":0},"end":{"line":6,"column":32}},"4":{"start":{"line":7,"column":19},"end":{"line":7,"column":55}},"5":{"start":{"line":8,"column":17},"end":{"line":8,"column":35}},"6":{"start":{"line":9,"column":23},"end":{"line":11,"column":66}},"7":{"start":{"line":9,"column":29},"end":{"line":11,"column":66}},"8":{"start":{"line":11,"column":16},"end":{"line":11,"column":65}},"9":{"start":{"line":12,"column":0},"end":{"line":12,"column":40}}},"fnMap":{"0":{"name":"(anonymous_0)","decl":{"start":{"line":2,"column":56},"end":{"line":2,"column":57}},"loc":{"start":{"line":2,"column":71},"end":{"line":4,"column":1}},"line":2},"1":{"name":"(anonymous_1)","decl":{"start":{"line":9,"column":23},"end":{"line":9,"column":24}},"loc":{"start":{"line":9,"column":29},"end":{"line":11,"column":66}},"line":9},"2":{"name":"(anonymous_2)","decl":{"start":{"line":11,"column":10},"end":{"line":11,"column":11}},"loc":{"start":{"line":11,"column":16},"end":{"line":11,"column":65}},"line":11}},"branchMap":{"0":{"loc":{"start":{"line":2,"column":22},"end":{"line":4,"column":1}},"type":"binary-expr","locations":[{"start":{"line":2,"column":23},"end":{"line":2,"column":27}},{"start":{"line":2,"column":31},"end":{"line":2,"column":51}},{"start":{"line":2,"column":56},"end":{"line":4,"column":1}}],"line":2},"1":{"loc":{"start":{"line":3,"column":11},"end":{"line":3,"column":61}},"type":"cond-expr","locations":[{"start":{"line":3,"column":37},"end":{"line":3,"column":40}},{"start":{"line":3,"column":43},"end":{"line":3,"column":61}}],"line":3},"2":{"loc":{"start":{"line":3,"column":12},"end":{"line":3,"column":33}},"type":"binary-expr","locations":[{"start":{"line":3,"column":12},"end":{"line":3,"column":15}},{"start":{"line":3,"column":19},"end":{"line":3,"column":33}}],"line":3}},"s":{"0":1,"1":1,"2":1,"3":1,"4":1,"5":1,"6":1,"7":1,"8":0,"9":1},"f":{"0":1,"1":1,"2":0},"b":{"0":[1,1,1],"1":[0,1],"2":[1,1]},"inputSourceMap":null,"_coverageSchema":"1a1c01bbd47fc00a2c39e90264f33305004495a9","hash":"828c948fdddf5fbece0593cef50f40e7e2c41fbb"}
,"E:\\SS2022\\full-stack-finland-16\\final-project\\fs16-backend\\dist\\constants\\auth.js": {"path":"E:\\SS2022\\full-stack-finland-16\\final-project\\fs16-backend\\dist\\constants\\auth.js","statementMap":{"0":{"start":{"line":2,"column":0},"end":{"line":2,"column":62}},"1":{"start":{"line":3,"column":0},"end":{"line":3,"column":102}},"2":{"start":{"line":4,"column":0},"end":{"line":4,"column":81}},"3":{"start":{"line":5,"column":0},"end":{"line":5,"column":90}},"4":{"start":{"line":6,"column":0},"end":{"line":6,"column":79}}},"fnMap":{},"branchMap":{"0":{"loc":{"start":{"line":4,"column":30},"end":{"line":4,"column":80}},"type":"binary-expr","locations":[{"start":{"line":4,"column":30},"end":{"line":4,"column":61}},{"start":{"line":4,"column":65},"end":{"line":4,"column":80}}],"line":4},"1":{"loc":{"start":{"line":5,"column":31},"end":{"line":5,"column":89}},"type":"binary-expr","locations":[{"start":{"line":5,"column":31},"end":{"line":5,"column":63}},{"start":{"line":5,"column":67},"end":{"line":5,"column":89}}],"line":5},"2":{"loc":{"start":{"line":6,"column":34},"end":{"line":6,"column":78}},"type":"binary-expr","locations":[{"start":{"line":6,"column":34},"end":{"line":6,"column":69}},{"start":{"line":6,"column":73},"end":{"line":6,"column":78}}],"line":6}},"s":{"0":10,"1":10,"2":10,"3":10,"4":10},"f":{},"b":{"0":[10,10],"1":[10,10],"2":[10,10]},"inputSourceMap":null,"_coverageSchema":"1a1c01bbd47fc00a2c39e90264f33305004495a9","hash":"a1bed395c8c26860fdb6c3fa321def1f75b931bf"}
,"E:\\SS2022\\full-stack-finland-16\\final-project\\fs16-backend\\dist\\constants\\order.js": {"path":"E:\\SS2022\\full-stack-finland-16\\final-project\\fs16-backend\\dist\\constants\\order.js","statementMap":{"0":{"start":{"line":2,"column":0},"end":{"line":2,"column":62}},"1":{"start":{"line":3,"column":0},"end":{"line":3,"column":109}},"2":{"start":{"line":4,"column":0},"end":{"line":4,"column":59}},"3":{"start":{"line":5,"column":0},"end":{"line":10,"column":2}},"4":{"start":{"line":11,"column":0},"end":{"line":17,"column":2}},"5":{"start":{"line":18,"column":0},"end":{"line":18,"column":53}}},"fnMap":{},"branchMap":{},"s":{"0":9,"1":9,"2":9,"3":9,"4":9,"5":9},"f":{},"b":{},"inputSourceMap":null,"_coverageSchema":"1a1c01bbd47fc00a2c39e90264f33305004495a9","hash":"ac18093a7acd674b352894cfa083049b26cd185a"}
,"E:\\SS2022\\full-stack-finland-16\\final-project\\fs16-backend\\dist\\constants\\roles.js": {"path":"E:\\SS2022\\full-stack-finland-16\\final-project\\fs16-backend\\dist\\constants\\roles.js","statementMap":{"0":{"start":{"line":2,"column":0},"end":{"line":2,"column":62}},"1":{"start":{"line":3,"column":0},"end":{"line":3,"column":73}},"2":{"start":{"line":4,"column":0},"end":{"line":4,"column":24}},"3":{"start":{"line":5,"column":0},"end":{"line":5,"column":22}},"4":{"start":{"line":6,"column":0},"end":{"line":6,"column":50}},"5":{"start":{"line":7,"column":0},"end":{"line":10,"column":2}}},"fnMap":{},"branchMap":{},"s":{"0":11,"1":11,"2":11,"3":11,"4":11,"5":11},"f":{},"b":{},"inputSourceMap":null,"_coverageSchema":"1a1c01bbd47fc00a2c39e90264f33305004495a9","hash":"373281ce808c84dac289bcdd8f9dd45fe9b5aef4"}
,"E:\\SS2022\\full-stack-finland-16\\final-project\\fs16-backend\\dist\\controllers\\authController.js": {"path":"E:\\SS2022\\full-stack-finland-16\\final-project\\fs16-backend\\dist\\controllers\\authController.js","statementMap":{"0":{"start":{"line":2,"column":16},"end":{"line":10,"column":1}},"1":{"start":{"line":3,"column":28},"end":{"line":3,"column":110}},"2":{"start":{"line":3,"column":91},"end":{"line":3,"column":106}},"3":{"start":{"line":4,"column":4},"end":{"line":9,"column":7}},"4":{"start":{"line":5,"column":36},"end":{"line":5,"column":97}},"5":{"start":{"line":5,"column":42},"end":{"line":5,"column":70}},"6":{"start":{"line":5,"column":85},"end":{"line":5,"column":95}},"7":{"start":{"line":6,"column":35},"end":{"line":6,"column":100}},"8":{"start":{"line":6,"column":41},"end":{"line":6,"column":73}},"9":{"start":{"line":6,"column":88},"end":{"line":6,"column":98}},"10":{"start":{"line":7,"column":32},"end":{"line":7,"column":116}},"11":{"start":{"line":8,"column":8},"end":{"line":8,"column":78}},"12":{"start":{"line":11,"column":22},"end":{"line":13,"column":1}},"13":{"start":{"line":12,"column":4},"end":{"line":12,"column":62}},"14":{"start":{"line":14,"column":0},"end":{"line":14,"column":62}},"15":{"start":{"line":15,"column":0},"end":{"line":15,"column":67}},"16":{"start":{"line":16,"column":17},"end":{"line":16,"column":51}},"17":{"start":{"line":18,"column":19},"end":{"line":18,"column":48}},"18":{"start":{"line":20,"column":22},"end":{"line":20,"column":73}},"19":{"start":{"line":21,"column":22},"end":{"line":21,"column":73}},"20":{"start":{"line":23,"column":18},"end":{"line":23,"column":45}},"21":{"start":{"line":25,"column":4},"end":{"line":51,"column":7}},"22":{"start":{"line":26,"column":8},"end":{"line":50,"column":9}},"23":{"start":{"line":27,"column":40},"end":{"line":27,"column":48}},"24":{"start":{"line":28,"column":25},"end":{"line":28,"column":71}},"25":{"start":{"line":29,"column":12},"end":{"line":31,"column":13}},"26":{"start":{"line":30,"column":16},"end":{"line":30,"column":61}},"27":{"start":{"line":32,"column":39},"end":{"line":38,"column":14}},"28":{"start":{"line":39,"column":26},"end":{"line":39,"column":81}},"29":{"start":{"line":40,"column":12},"end":{"line":42,"column":13}},"30":{"start":{"line":41,"column":16},"end":{"line":41,"column":66}},"31":{"start":{"line":43,"column":32},"end":{"line":43,"column":99}},"32":{"start":{"line":44,"column":33},"end":{"line":44,"column":101}},"33":{"start":{"line":45,"column":26},"end":{"line":45,"column":84}},"34":{"start":{"line":46,"column":12},"end":{"line":46,"column":64}},"35":{"start":{"line":49,"column":12},"end":{"line":49,"column":72}},"36":{"start":{"line":53,"column":0},"end":{"line":53,"column":22}},"37":{"start":{"line":55,"column":4},"end":{"line":81,"column":7}},"38":{"start":{"line":56,"column":8},"end":{"line":80,"column":9}},"39":{"start":{"line":57,"column":28},"end":{"line":57,"column":36}},"40":{"start":{"line":58,"column":30},"end":{"line":58,"column":84}},"41":{"start":{"line":59,"column":12},"end":{"line":61,"column":13}},"42":{"start":{"line":60,"column":16},"end":{"line":60,"column":71}},"43":{"start":{"line":62,"column":12},"end":{"line":62,"column":91}},"44":{"start":{"line":63,"column":25},"end":{"line":63,"column":72}},"45":{"start":{"line":64,"column":39},"end":{"line":70,"column":14}},"46":{"start":{"line":71,"column":32},"end":{"line":71,"column":99}},"47":{"start":{"line":72,"column":33},"end":{"line":72,"column":101}},"48":{"start":{"line":73,"column":12},"end":{"line":73,"column":71}},"49":{"start":{"line":74,"column":12},"end":{"line":76,"column":79}},"50":{"start":{"line":79,"column":12},"end":{"line":79,"column":72}},"51":{"start":{"line":83,"column":0},"end":{"line":83,"column":36}},"52":{"start":{"line":85,"column":4},"end":{"line":97,"column":7}},"53":{"start":{"line":86,"column":8},"end":{"line":96,"column":9}},"54":{"start":{"line":87,"column":29},"end":{"line":87,"column":32}},"55":{"start":{"line":88,"column":32},"end":{"line":88,"column":88}},"56":{"start":{"line":89,"column":12},"end":{"line":91,"column":13}},"57":{"start":{"line":90,"column":16},"end":{"line":90,"column":70}},"58":{"start":{"line":92,"column":12},"end":{"line":92,"column":34}},"59":{"start":{"line":95,"column":12},"end":{"line":95,"column":72}},"60":{"start":{"line":99,"column":0},"end":{"line":99,"column":32}},"61":{"start":{"line":100,"column":0},"end":{"line":103,"column":2}}},"fnMap":{"0":{"name":"(anonymous_0)","decl":{"start":{"line":2,"column":44},"end":{"line":2,"column":45}},"loc":{"start":{"line":2,"column":89},"end":{"line":10,"column":1}},"line":2},"1":{"name":"adopt","decl":{"start":{"line":3,"column":13},"end":{"line":3,"column":18}},"loc":{"start":{"line":3,"column":26},"end":{"line":3,"column":112}},"line":3},"2":{"name":"(anonymous_2)","decl":{"start":{"line":3,"column":70},"end":{"line":3,"column":71}},"loc":{"start":{"line":3,"column":89},"end":{"line":3,"column":108}},"line":3},"3":{"name":"(anonymous_3)","decl":{"start":{"line":4,"column":36},"end":{"line":4,"column":37}},"loc":{"start":{"line":4,"column":63},"end":{"line":9,"column":5}},"line":4},"4":{"name":"fulfilled","decl":{"start":{"line":5,"column":17},"end":{"line":5,"column":26}},"loc":{"start":{"line":5,"column":34},"end":{"line":5,"column":99}},"line":5},"5":{"name":"rejected","decl":{"start":{"line":6,"column":17},"end":{"line":6,"column":25}},"loc":{"start":{"line":6,"column":33},"end":{"line":6,"column":102}},"line":6},"6":{"name":"step","decl":{"start":{"line":7,"column":17},"end":{"line":7,"column":21}},"loc":{"start":{"line":7,"column":30},"end":{"line":7,"column":118}},"line":7},"7":{"name":"(anonymous_7)","decl":{"start":{"line":11,"column":56},"end":{"line":11,"column":57}},"loc":{"start":{"line":11,"column":71},"end":{"line":13,"column":1}},"line":11},"8":{"name":"login","decl":{"start":{"line":24,"column":9},"end":{"line":24,"column":14}},"loc":{"start":{"line":24,"column":31},"end":{"line":52,"column":1}},"line":24},"9":{"name":"(anonymous_9)","decl":{"start":{"line":25,"column":43},"end":{"line":25,"column":44}},"loc":{"start":{"line":25,"column":56},"end":{"line":51,"column":5}},"line":25},"10":{"name":"registerUser","decl":{"start":{"line":54,"column":9},"end":{"line":54,"column":21}},"loc":{"start":{"line":54,"column":38},"end":{"line":82,"column":1}},"line":54},"11":{"name":"(anonymous_11)","decl":{"start":{"line":55,"column":43},"end":{"line":55,"column":44}},"loc":{"start":{"line":55,"column":56},"end":{"line":81,"column":5}},"line":55},"12":{"name":"getProfile","decl":{"start":{"line":84,"column":9},"end":{"line":84,"column":19}},"loc":{"start":{"line":84,"column":36},"end":{"line":98,"column":1}},"line":84},"13":{"name":"(anonymous_13)","decl":{"start":{"line":85,"column":43},"end":{"line":85,"column":44}},"loc":{"start":{"line":85,"column":56},"end":{"line":97,"column":5}},"line":85}},"branchMap":{"0":{"loc":{"start":{"line":2,"column":16},"end":{"line":10,"column":1}},"type":"binary-expr","locations":[{"start":{"line":2,"column":17},"end":{"line":2,"column":21}},{"start":{"line":2,"column":25},"end":{"line":2,"column":39}},{"start":{"line":2,"column":44},"end":{"line":10,"column":1}}],"line":2},"1":{"loc":{"start":{"line":3,"column":35},"end":{"line":3,"column":109}},"type":"cond-expr","locations":[{"start":{"line":3,"column":56},"end":{"line":3,"column":61}},{"start":{"line":3,"column":64},"end":{"line":3,"column":109}}],"line":3},"2":{"loc":{"start":{"line":4,"column":16},"end":{"line":4,"column":34}},"type":"binary-expr","locations":[{"start":{"line":4,"column":16},"end":{"line":4,"column":17}},{"start":{"line":4,"column":22},"end":{"line":4,"column":33}}],"line":4},"3":{"loc":{"start":{"line":7,"column":32},"end":{"line":7,"column":115}},"type":"cond-expr","locations":[{"start":{"line":7,"column":46},"end":{"line":7,"column":67}},{"start":{"line":7,"column":70},"end":{"line":7,"column":115}}],"line":7},"4":{"loc":{"start":{"line":8,"column":51},"end":{"line":8,"column":67}},"type":"binary-expr","locations":[{"start":{"line":8,"column":51},"end":{"line":8,"column":61}},{"start":{"line":8,"column":65},"end":{"line":8,"column":67}}],"line":8},"5":{"loc":{"start":{"line":11,"column":22},"end":{"line":13,"column":1}},"type":"binary-expr","locations":[{"start":{"line":11,"column":23},"end":{"line":11,"column":27}},{"start":{"line":11,"column":31},"end":{"line":11,"column":51}},{"start":{"line":11,"column":56},"end":{"line":13,"column":1}}],"line":11},"6":{"loc":{"start":{"line":12,"column":11},"end":{"line":12,"column":61}},"type":"cond-expr","locations":[{"start":{"line":12,"column":37},"end":{"line":12,"column":40}},{"start":{"line":12,"column":43},"end":{"line":12,"column":61}}],"line":12},"7":{"loc":{"start":{"line":12,"column":12},"end":{"line":12,"column":33}},"type":"binary-expr","locations":[{"start":{"line":12,"column":12},"end":{"line":12,"column":15}},{"start":{"line":12,"column":19},"end":{"line":12,"column":33}}],"line":12},"8":{"loc":{"start":{"line":29,"column":12},"end":{"line":31,"column":13}},"type":"if","locations":[{"start":{"line":29,"column":12},"end":{"line":31,"column":13}},{"start":{},"end":{}}],"line":29},"9":{"loc":{"start":{"line":40,"column":12},"end":{"line":42,"column":13}},"type":"if","locations":[{"start":{"line":40,"column":12},"end":{"line":42,"column":13}},{"start":{},"end":{}}],"line":40},"10":{"loc":{"start":{"line":59,"column":12},"end":{"line":61,"column":13}},"type":"if","locations":[{"start":{"line":59,"column":12},"end":{"line":61,"column":13}},{"start":{},"end":{}}],"line":59},"11":{"loc":{"start":{"line":88,"column":32},"end":{"line":88,"column":88}},"type":"binary-expr","locations":[{"start":{"line":88,"column":32},"end":{"line":88,"column":36}},{"start":{"line":88,"column":41},"end":{"line":88,"column":87}}],"line":88},"12":{"loc":{"start":{"line":89,"column":12},"end":{"line":91,"column":13}},"type":"if","locations":[{"start":{"line":89,"column":12},"end":{"line":91,"column":13}},{"start":{},"end":{}}],"line":89}},"s":{"0":8,"1":31,"2":0,"3":7,"4":31,"5":31,"6":0,"7":0,"8":0,"9":0,"10":38,"11":7,"12":8,"13":24,"14":8,"15":8,"16":8,"17":8,"18":8,"19":8,"20":8,"21":4,"22":4,"23":4,"24":4,"25":4,"26":1,"27":3,"28":3,"29":3,"30":1,"31":2,"32":2,"33":2,"34":2,"35":0,"36":8,"37":2,"38":2,"39":2,"40":2,"41":2,"42":0,"43":2,"44":2,"45":2,"46":2,"47":2,"48":2,"49":2,"50":0,"51":8,"52":1,"53":1,"54":1,"55":1,"56":1,"57":0,"58":1,"59":0,"60":8,"61":8},"f":{"0":7,"1":31,"2":0,"3":7,"4":31,"5":0,"6":38,"7":24,"8":4,"9":4,"10":2,"11":2,"12":1,"13":1},"b":{"0":[8,8,8],"1":[31,0],"2":[7,7],"3":[7,31],"4":[7,7],"5":[8,8,8],"6":[16,8],"7":[24,24],"8":[1,3],"9":[1,2],"10":[0,2],"11":[1,1],"12":[0,1]},"inputSourceMap":null,"_coverageSchema":"1a1c01bbd47fc00a2c39e90264f33305004495a9","hash":"61663e7bfa5dddef533da940df337130fe740029"}
,"E:\\SS2022\\full-stack-finland-16\\final-project\\fs16-backend\\dist\\controllers\\cartController.js": {"path":"E:\\SS2022\\full-stack-finland-16\\final-project\\fs16-backend\\dist\\controllers\\cartController.js","statementMap":{"0":{"start":{"line":2,"column":16},"end":{"line":10,"column":1}},"1":{"start":{"line":3,"column":28},"end":{"line":3,"column":110}},"2":{"start":{"line":3,"column":91},"end":{"line":3,"column":106}},"3":{"start":{"line":4,"column":4},"end":{"line":9,"column":7}},"4":{"start":{"line":5,"column":36},"end":{"line":5,"column":97}},"5":{"start":{"line":5,"column":42},"end":{"line":5,"column":70}},"6":{"start":{"line":5,"column":85},"end":{"line":5,"column":95}},"7":{"start":{"line":6,"column":35},"end":{"line":6,"column":100}},"8":{"start":{"line":6,"column":41},"end":{"line":6,"column":73}},"9":{"start":{"line":6,"column":88},"end":{"line":6,"column":98}},"10":{"start":{"line":7,"column":32},"end":{"line":7,"column":116}},"11":{"start":{"line":8,"column":8},"end":{"line":8,"column":78}},"12":{"start":{"line":11,"column":22},"end":{"line":13,"column":1}},"13":{"start":{"line":12,"column":4},"end":{"line":12,"column":62}},"14":{"start":{"line":14,"column":0},"end":{"line":14,"column":62}},"15":{"start":{"line":15,"column":0},"end":{"line":15,"column":97}},"16":{"start":{"line":17,"column":22},"end":{"line":17,"column":73}},"17":{"start":{"line":18,"column":25},"end":{"line":18,"column":79}},"18":{"start":{"line":20,"column":19},"end":{"line":20,"column":48}},"19":{"start":{"line":22,"column":4},"end":{"line":30,"column":7}},"20":{"start":{"line":23,"column":8},"end":{"line":29,"column":9}},"21":{"start":{"line":24,"column":30},"end":{"line":24,"column":67}},"22":{"start":{"line":25,"column":12},"end":{"line":25,"column":32}},"23":{"start":{"line":28,"column":12},"end":{"line":28,"column":70}},"24":{"start":{"line":32,"column":0},"end":{"line":32,"column":34}},"25":{"start":{"line":34,"column":4},"end":{"line":43,"column":7}},"26":{"start":{"line":35,"column":8},"end":{"line":42,"column":9}},"27":{"start":{"line":36,"column":29},"end":{"line":36,"column":32}},"28":{"start":{"line":37,"column":30},"end":{"line":37,"column":99}},"29":{"start":{"line":38,"column":12},"end":{"line":38,"column":32}},"30":{"start":{"line":41,"column":12},"end":{"line":41,"column":70}},"31":{"start":{"line":45,"column":0},"end":{"line":45,"column":36}},"32":{"start":{"line":47,"column":4},"end":{"line":78,"column":7}},"33":{"start":{"line":48,"column":8},"end":{"line":77,"column":9}},"34":{"start":{"line":49,"column":36},"end":{"line":49,"column":44}},"35":{"start":{"line":50,"column":29},"end":{"line":50,"column":32}},"36":{"start":{"line":52,"column":28},"end":{"line":52,"column":92}},"37":{"start":{"line":53,"column":12},"end":{"line":55,"column":13}},"38":{"start":{"line":54,"column":16},"end":{"line":54,"column":87}},"39":{"start":{"line":57,"column":37},"end":{"line":58,"column":110}},"40":{"start":{"line":60,"column":35},"end":{"line":62,"column":31}},"41":{"start":{"line":63,"column":12},"end":{"line":65,"column":13}},"42":{"start":{"line":64,"column":16},"end":{"line":64,"column":93}},"43":{"start":{"line":67,"column":12},"end":{"line":70,"column":13}},"44":{"start":{"line":68,"column":40},"end":{"line":68,"column":139}},"45":{"start":{"line":69,"column":16},"end":{"line":69,"column":49}},"46":{"start":{"line":72,"column":32},"end":{"line":72,"column":106}},"47":{"start":{"line":73,"column":12},"end":{"line":73,"column":46}},"48":{"start":{"line":76,"column":12},"end":{"line":76,"column":72}},"49":{"start":{"line":80,"column":0},"end":{"line":80,"column":30}},"50":{"start":{"line":82,"column":4},"end":{"line":92,"column":7}},"51":{"start":{"line":83,"column":8},"end":{"line":91,"column":9}},"52":{"start":{"line":84,"column":29},"end":{"line":84,"column":32}},"53":{"start":{"line":85,"column":27},"end":{"line":85,"column":44}},"54":{"start":{"line":86,"column":12},"end":{"line":86,"column":94}},"55":{"start":{"line":87,"column":12},"end":{"line":87,"column":35}},"56":{"start":{"line":90,"column":12},"end":{"line":90,"column":72}},"57":{"start":{"line":94,"column":0},"end":{"line":94,"column":40}}},"fnMap":{"0":{"name":"(anonymous_0)","decl":{"start":{"line":2,"column":44},"end":{"line":2,"column":45}},"loc":{"start":{"line":2,"column":89},"end":{"line":10,"column":1}},"line":2},"1":{"name":"adopt","decl":{"start":{"line":3,"column":13},"end":{"line":3,"column":18}},"loc":{"start":{"line":3,"column":26},"end":{"line":3,"column":112}},"line":3},"2":{"name":"(anonymous_2)","decl":{"start":{"line":3,"column":70},"end":{"line":3,"column":71}},"loc":{"start":{"line":3,"column":89},"end":{"line":3,"column":108}},"line":3},"3":{"name":"(anonymous_3)","decl":{"start":{"line":4,"column":36},"end":{"line":4,"column":37}},"loc":{"start":{"line":4,"column":63},"end":{"line":9,"column":5}},"line":4},"4":{"name":"fulfilled","decl":{"start":{"line":5,"column":17},"end":{"line":5,"column":26}},"loc":{"start":{"line":5,"column":34},"end":{"line":5,"column":99}},"line":5},"5":{"name":"rejected","decl":{"start":{"line":6,"column":17},"end":{"line":6,"column":25}},"loc":{"start":{"line":6,"column":33},"end":{"line":6,"column":102}},"line":6},"6":{"name":"step","decl":{"start":{"line":7,"column":17},"end":{"line":7,"column":21}},"loc":{"start":{"line":7,"column":30},"end":{"line":7,"column":118}},"line":7},"7":{"name":"(anonymous_7)","decl":{"start":{"line":11,"column":56},"end":{"line":11,"column":57}},"loc":{"start":{"line":11,"column":71},"end":{"line":13,"column":1}},"line":11},"8":{"name":"findAllCart","decl":{"start":{"line":21,"column":9},"end":{"line":21,"column":20}},"loc":{"start":{"line":21,"column":37},"end":{"line":31,"column":1}},"line":21},"9":{"name":"(anonymous_9)","decl":{"start":{"line":22,"column":43},"end":{"line":22,"column":44}},"loc":{"start":{"line":22,"column":56},"end":{"line":30,"column":5}},"line":22},"10":{"name":"findUserCart","decl":{"start":{"line":33,"column":9},"end":{"line":33,"column":21}},"loc":{"start":{"line":33,"column":38},"end":{"line":44,"column":1}},"line":33},"11":{"name":"(anonymous_11)","decl":{"start":{"line":34,"column":43},"end":{"line":34,"column":44}},"loc":{"start":{"line":34,"column":56},"end":{"line":43,"column":5}},"line":34},"12":{"name":"addToCart","decl":{"start":{"line":46,"column":9},"end":{"line":46,"column":18}},"loc":{"start":{"line":46,"column":35},"end":{"line":79,"column":1}},"line":46},"13":{"name":"(anonymous_13)","decl":{"start":{"line":47,"column":43},"end":{"line":47,"column":44}},"loc":{"start":{"line":47,"column":56},"end":{"line":78,"column":5}},"line":47},"14":{"name":"deleteFromCart","decl":{"start":{"line":81,"column":9},"end":{"line":81,"column":23}},"loc":{"start":{"line":81,"column":40},"end":{"line":93,"column":1}},"line":81},"15":{"name":"(anonymous_15)","decl":{"start":{"line":82,"column":43},"end":{"line":82,"column":44}},"loc":{"start":{"line":82,"column":56},"end":{"line":92,"column":5}},"line":82}},"branchMap":{"0":{"loc":{"start":{"line":2,"column":16},"end":{"line":10,"column":1}},"type":"binary-expr","locations":[{"start":{"line":2,"column":17},"end":{"line":2,"column":21}},{"start":{"line":2,"column":25},"end":{"line":2,"column":39}},{"start":{"line":2,"column":44},"end":{"line":10,"column":1}}],"line":2},"1":{"loc":{"start":{"line":3,"column":35},"end":{"line":3,"column":109}},"type":"cond-expr","locations":[{"start":{"line":3,"column":56},"end":{"line":3,"column":61}},{"start":{"line":3,"column":64},"end":{"line":3,"column":109}}],"line":3},"2":{"loc":{"start":{"line":4,"column":16},"end":{"line":4,"column":34}},"type":"binary-expr","locations":[{"start":{"line":4,"column":16},"end":{"line":4,"column":17}},{"start":{"line":4,"column":22},"end":{"line":4,"column":33}}],"line":4},"3":{"loc":{"start":{"line":7,"column":32},"end":{"line":7,"column":115}},"type":"cond-expr","locations":[{"start":{"line":7,"column":46},"end":{"line":7,"column":67}},{"start":{"line":7,"column":70},"end":{"line":7,"column":115}}],"line":7},"4":{"loc":{"start":{"line":8,"column":51},"end":{"line":8,"column":67}},"type":"binary-expr","locations":[{"start":{"line":8,"column":51},"end":{"line":8,"column":61}},{"start":{"line":8,"column":65},"end":{"line":8,"column":67}}],"line":8},"5":{"loc":{"start":{"line":11,"column":22},"end":{"line":13,"column":1}},"type":"binary-expr","locations":[{"start":{"line":11,"column":23},"end":{"line":11,"column":27}},{"start":{"line":11,"column":31},"end":{"line":11,"column":51}},{"start":{"line":11,"column":56},"end":{"line":13,"column":1}}],"line":11},"6":{"loc":{"start":{"line":12,"column":11},"end":{"line":12,"column":61}},"type":"cond-expr","locations":[{"start":{"line":12,"column":37},"end":{"line":12,"column":40}},{"start":{"line":12,"column":43},"end":{"line":12,"column":61}}],"line":12},"7":{"loc":{"start":{"line":12,"column":12},"end":{"line":12,"column":33}},"type":"binary-expr","locations":[{"start":{"line":12,"column":12},"end":{"line":12,"column":15}},{"start":{"line":12,"column":19},"end":{"line":12,"column":33}}],"line":12},"8":{"loc":{"start":{"line":37,"column":30},"end":{"line":37,"column":99}},"type":"binary-expr","locations":[{"start":{"line":37,"column":30},"end":{"line":37,"column":34}},{"start":{"line":37,"column":39},"end":{"line":37,"column":98}}],"line":37},"9":{"loc":{"start":{"line":53,"column":12},"end":{"line":55,"column":13}},"type":"if","locations":[{"start":{"line":53,"column":12},"end":{"line":55,"column":13}},{"start":{},"end":{}}],"line":53},"10":{"loc":{"start":{"line":57,"column":37},"end":{"line":58,"column":110}},"type":"binary-expr","locations":[{"start":{"line":57,"column":37},"end":{"line":57,"column":41}},{"start":{"line":58,"column":17},"end":{"line":58,"column":109}}],"line":57},"11":{"loc":{"start":{"line":60,"column":35},"end":{"line":62,"column":31}},"type":"cond-expr","locations":[{"start":{"line":61,"column":18},"end":{"line":61,"column":59}},{"start":{"line":62,"column":18},"end":{"line":62,"column":31}}],"line":60},"12":{"loc":{"start":{"line":63,"column":12},"end":{"line":65,"column":13}},"type":"if","locations":[{"start":{"line":63,"column":12},"end":{"line":65,"column":13}},{"start":{},"end":{}}],"line":63},"13":{"loc":{"start":{"line":67,"column":12},"end":{"line":70,"column":13}},"type":"if","locations":[{"start":{"line":67,"column":12},"end":{"line":70,"column":13}},{"start":{},"end":{}}],"line":67},"14":{"loc":{"start":{"line":72,"column":32},"end":{"line":72,"column":106}},"type":"binary-expr","locations":[{"start":{"line":72,"column":32},"end":{"line":72,"column":36}},{"start":{"line":72,"column":41},"end":{"line":72,"column":105}}],"line":72}},"s":{"0":8,"1":13,"2":0,"3":7,"4":13,"5":13,"6":0,"7":0,"8":0,"9":0,"10":20,"11":7,"12":8,"13":16,"14":8,"15":8,"16":8,"17":8,"18":8,"19":0,"20":0,"21":0,"22":0,"23":0,"24":8,"25":2,"26":2,"27":2,"28":2,"29":2,"30":0,"31":8,"32":4,"33":4,"34":4,"35":4,"36":4,"37":4,"38":1,"39":3,"40":3,"41":3,"42":0,"43":3,"44":1,"45":1,"46":2,"47":2,"48":0,"49":8,"50":1,"51":1,"52":1,"53":1,"54":1,"55":1,"56":0,"57":8},"f":{"0":7,"1":13,"2":0,"3":7,"4":13,"5":0,"6":20,"7":16,"8":0,"9":0,"10":2,"11":2,"12":4,"13":4,"14":1,"15":1},"b":{"0":[8,8,8],"1":[13,0],"2":[7,7],"3":[7,13],"4":[7,7],"5":[8,8,8],"6":[16,0],"7":[16,16],"8":[2,2],"9":[1,3],"10":[3,3],"11":[1,2],"12":[0,3],"13":[1,2],"14":[2,2]},"inputSourceMap":null,"_coverageSchema":"1a1c01bbd47fc00a2c39e90264f33305004495a9","hash":"f87812079f7deb95256dace7a4c4a3323820b3c8"}
[...]
nd":{"line":11,"column":45}},"3":{"start":{"line":15,"column":19},"end":{"line":15,"column":54}},"4":{"start":{"line":16,"column":2},"end":{"line":16,"column":18}},"5":{"start":{"line":20,"column":22},"end":{"line":20,"column":44}},"6":{"start":{"line":21,"column":2},"end":{"line":21,"column":34}},"7":{"start":{"line":28,"column":26},"end":{"line":33,"column":null}},"8":{"start":{"line":35,"column":2},"end":{"line":35,"column":25}},"9":{"start":{"line":39,"column":19},"end":{"line":39,"column":63}},"10":{"start":{"line":40,"column":2},"end":{"line":40,"column":18}},"11":{"start":{"line":43,"column":30},"end":{"line":54,"column":2}},"12":{"start":{"line":47,"column":4},"end":{"line":54,"column":2}},"13":{"start":{"line":48,"column":2},"end":{"line":53,"column":12}},"14":{"start":{"line":56,"column":0},"end":{"line":63,"column":2}}},"fnMap":{"0":{"name":"findAll","decl":{"start":{"line":10,"column":15},"end":{"line":10,"column":22}},"loc":{"start":{"line":10,"column":22},"end":{"line":12,"column":null}}},"1":{"name":"findOne","decl":{"start":{"line":14,"column":15},"end":{"line":14,"column":22}},"loc":{"start":{"line":14,"column":58},"end":{"line":17,"column":null}}},"2":{"name":"createOne","decl":{"start":{"line":19,"column":15},"end":{"line":19,"column":24}},"loc":{"start":{"line":19,"column":50},"end":{"line":22,"column":null}}},"3":{"name":"updateCategory","decl":{"start":{"line":24,"column":15},"end":{"line":24,"column":29}},"loc":{"start":{"line":26,"column":27},"end":{"line":36,"column":null}}},"4":{"name":"deleteCategory","decl":{"start":{"line":38,"column":15},"end":{"line":38,"column":29}},"loc":{"start":{"line":38,"column":65},"end":{"line":41,"column":null}}},"5":{"name":"(anonymous_17)","decl":{"start":{"line":43,"column":30},"end":{"line":43,"column":null}},"loc":{"start":{"line":47,"column":4},"end":{"line":54,"column":2}}},"6":{"name":"(anonymous_18)","decl":{"start":{"line":47,"column":4},"end":{"line":47,"column":null}},"loc":{"start":{"line":47,"column":4},"end":{"line":54,"column":1}}}},"branchMap":{},"s":{"0":10,"1":10,"2":6,"3":6,"4":6,"5":8,"6":8,"7":3,"8":3,"9":3,"10":3,"11":10,"12":2,"13":2,"14":10},"f":{"0":6,"1":6,"2":8,"3":3,"4":3,"5":2,"6":2},"b":{}}
,"E:\\SS2022\\full-stack-finland-16\\final-project\\fs16-backend\\services\\orderService.ts": {"path":"E:\\SS2022\\full-stack-finland-16\\final-project\\fs16-backend\\services\\orderService.ts","statementMap":{"0":{"start":{"line":4,"column":0},"end":{"line":4,"column":40}},"1":{"start":{"line":5,"column":0},"end":{"line":5,"column":55}},"2":{"start":{"line":16,"column":2},"end":{"line":36,"column":16}},"3":{"start":{"line":41,"column":2},"end":{"line":58,"column":7}},"4":{"start":{"line":66,"column":14},"end":{"line":72,"column":4}},"5":{"start":{"line":73,"column":2},"end":{"line":73,"column":21}},"6":{"start":{"line":74,"column":2},"end":{"line":74,"column":15}},"7":{"start":{"line":83,"column":17},"end":{"line":105,"column":15}},"8":{"start":{"line":106,"column":2},"end":{"line":106,"column":16}},"9":{"start":{"line":115,"column":21},"end":{"line":124,"column":4}},"10":{"start":{"line":125,"column":2},"end":{"line":125,"column":28}},"11":{"start":{"line":126,"column":2},"end":{"line":126,"column":22}},"12":{"start":{"line":129,"column":0},"end":{"line":135,"column":2}}},"fnMap":{"0":{"name":"findAll","decl":{"start":{"line":15,"column":15},"end":{"line":15,"column":22}},"loc":{"start":{"line":15,"column":64},"end":{"line":37,"column":null}}},"1":{"name":"findById","decl":{"start":{"line":40,"column":15},"end":{"line":40,"column":23}},"loc":{"start":{"line":40,"column":56},"end":{"line":59,"column":null}}},"2":{"name":"createOne","decl":{"start":{"line":61,"column":15},"end":{"line":61,"column":24}},"loc":{"start":{"line":64,"column":29},"end":{"line":75,"column":null}}},"3":{"name":"filterOrderByStatus","decl":{"start":{"line":77,"column":15},"end":{"line":77,"column":34}},"loc":{"start":{"line":81,"column":41},"end":{"line":107,"column":null}}},"4":{"name":"createOrderProduct","decl":{"start":{"line":109,"column":15},"end":{"line":109,"column":33}},"loc":{"start":{"line":113,"column":18},"end":{"line":127,"column":null}}}},"branchMap":{},"s":{"0":9,"1":9,"2":4,"3":4,"4":2,"5":2,"6":2,"7":1,"8":1,"9":0,"10":0,"11":0,"12":9},"f":{"0":4,"1":4,"2":2,"3":1,"4":0},"b":{}}
,"E:\\SS2022\\full-stack-finland-16\\final-project\\fs16-backend\\services\\productService.ts": {"path":"E:\\SS2022\\full-stack-finland-16\\final-project\\fs16-backend\\services\\productService.ts","statementMap":{"0":{"start":{"line":5,"column":0},"end":{"line":5,"column":44}},"1":{"start":{"line":18,"column":19},"end":{"line":18,"column":21}},"2":{"start":{"line":19,"column":2},"end":{"line":21,"column":null}},"3":{"start":{"line":20,"column":4},"end":{"line":20,"column":32}},"4":{"start":{"line":22,"column":2},"end":{"line":22,"column":51}},"5":{"start":{"line":24,"column":19},"end":{"line":29,"column":18}},"6":{"start":{"line":30,"column":2},"end":{"line":30,"column":18}},"7":{"start":{"line":34,"column":2},"end":{"line":34,"column":43}},"8":{"start":{"line":38,"column":21},"end":{"line":38,"column":41}},"9":{"start":{"line":39,"column":2},"end":{"line":39,"column":33}},"10":{"start":{"line":46,"column":25},"end":{"line":48,"column":4}},"11":{"start":{"line":49,"column":2},"end":{"line":49,"column":24}},"12":{"start":{"line":53,"column":2},"end":{"line":53,"column":52}},"13":{"start":{"line":62,"column":19},"end":{"line":69,"column":18}},"14":{"start":{"line":70,"column":2},"end":{"line":70,"column":18}},"15":{"start":{"line":73,"column":0},"end":{"line":80,"column":2}}},"fnMap":{"0":{"name":"findAll","decl":{"start":{"line":10,"column":15},"end":{"line":10,"column":22}},"loc":{"start":{"line":16,"column":18},"end":{"line":31,"column":null}}},"1":{"name":"findById","decl":{"start":{"line":33,"column":15},"end":{"line":33,"column":23}},"loc":{"start":{"line":33,"column":58},"end":{"line":35,"column":null}}},"2":{"name":"createOne","decl":{"start":{"line":37,"column":15},"end":{"line":37,"column":24}},"loc":{"start":{"line":37,"column":48},"end":{"line":40,"column":null}}},"3":{"name":"updateProduct","decl":{"start":{"line":42,"column":15},"end":{"line":42,"column":28}},"loc":{"start":{"line":44,"column":25},"end":{"line":50,"column":null}}},"4":{"name":"deleteProduct","decl":{"start":{"line":52,"column":15},"end":{"line":52,"column":28}},"loc":{"start":{"line":52,"column":63},"end":{"line":54,"column":null}}},"5":{"name":"searchProduct","decl":{"start":{"line":56,"column":15},"end":{"line":56,"column":28}},"loc":{"start":{"line":60,"column":12},"end":{"line":71,"column":null}}}},"branchMap":{"0":{"loc":{"start":{"line":19,"column":2},"end":{"line":21,"column":null}},"type":"if","locations":[{"start":{"line":19,"column":2},"end":{"line":21,"column":null}}]}},"s":{"0":11,"1":4,"2":4,"3":0,"4":4,"5":4,"6":4,"7":13,"8":15,"9":15,"10":3,"11":3,"12":4,"13":2,"14":2,"15":11},"f":{"0":4,"1":13,"2":15,"3":3,"4":4,"5":2},"b":{"0":[0]}}
,"E:\\SS2022\\full-stack-finland-16\\final-project\\fs16-backend\\services\\sizeService.ts": {"path":"E:\\SS2022\\full-stack-finland-16\\final-project\\fs16-backend\\services\\sizeService.ts","statementMap":{"0":{"start":{"line":4,"column":0},"end":{"line":4,"column":38}},"1":{"start":{"line":10,"column":2},"end":{"line":10,"column":34}},"2":{"start":{"line":14,"column":2},"end":{"line":14,"column":44}},"3":{"start":{"line":18,"column":18},"end":{"line":18,"column":32}},"4":{"start":{"line":19,"column":2},"end":{"line":19,"column":30}},"5":{"start":{"line":23,"column":2},"end":{"line":25,"column":5}},"6":{"start":{"line":29,"column":2},"end":{"line":29,"column":46}},"7":{"start":{"line":32,"column":0},"end":{"line":38,"column":2}}},"fnMap":{"0":{"name":"findAll","decl":{"start":{"line":9,"column":15},"end":{"line":9,"column":22}},"loc":{"start":{"line":9,"column":22},"end":{"line":11,"column":null}}},"1":{"name":"findOne","decl":{"start":{"line":13,"column":15},"end":{"line":13,"column":22}},"loc":{"start":{"line":13,"column":54},"end":{"line":15,"column":null}}},"2":{"name":"createOne","decl":{"start":{"line":17,"column":15},"end":{"line":17,"column":24}},"loc":{"start":{"line":17,"column":42},"end":{"line":20,"column":null}}},"3":{"name":"updateSize","decl":{"start":{"line":22,"column":15},"end":{"line":22,"column":25}},"loc":{"start":{"line":22,"column":76},"end":{"line":26,"column":null}}},"4":{"name":"deleteSize","decl":{"start":{"line":28,"column":15},"end":{"line":28,"column":25}},"loc":{"start":{"line":28,"column":57},"end":{"line":30,"column":null}}}},"branchMap":{},"s":{"0":9,"1":5,"2":1,"3":1,"4":1,"5":1,"6":1,"7":9},"f":{"0":5,"1":1,"2":1,"3":1,"4":1},"b":{}}
,"E:\\SS2022\\full-stack-finland-16\\final-project\\fs16-backend\\services\\userService.ts": {"path":"E:\\SS2022\\full-stack-finland-16\\final-project\\fs16-backend\\services\\userService.ts","statementMap":{"0":{"start":{"line":4,"column":0},"end":{"line":4,"column":38}},"1":{"start":{"line":5,"column":0},"end":{"line":5,"column":50}},"2":{"start":{"line":12,"column":2},"end":{"line":18,"column":5}},"3":{"start":{"line":22,"column":2},"end":{"line":22,"column":57}},"4":{"start":{"line":26,"column":2},"end":{"line":26,"column":39}},"5":{"start":{"line":30,"column":18},"end":{"line":30,"column":32}},"6":{"start":{"line":31,"column":2},"end":{"line":31,"column":30}},"7":{"start":{"line":35,"column":2},"end":{"line":35,"column":46}},"8":{"start":{"line":42,"column":2},"end":{"line":44,"column":5}},"9":{"start":{"line":48,"column":24},"end":{"line":48,"column":50}},"10":{"start":{"line":49,"column":2},"end":{"line":49,"column":36}},"11":{"start":{"line":53,"column":2},"end":{"line":53,"column":47}},"12":{"start":{"line":56,"column":0},"end":{"line":65,"column":2}}},"fnMap":{"0":{"name":"findAllUser","decl":{"start":{"line":11,"column":15},"end":{"line":11,"column":26}},"loc":{"start":{"line":11,"column":26},"end":{"line":19,"column":null}}},"1":{"name":"findById","decl":{"start":{"line":21,"column":15},"end":{"line":21,"column":23}},"loc":{"start":{"line":21,"column":55},"end":{"line":23,"column":null}}},"2":{"name":"findByEmail","decl":{"start":{"line":25,"column":15},"end":{"line":25,"column":26}},"loc":{"start":{"line":25,"column":40},"end":{"line":27,"column":null}}},"3":{"name":"createUser","decl":{"start":{"line":29,"column":15},"end":{"line":29,"column":25}},"loc":{"start":{"line":29,"column":43},"end":{"line":32,"column":null}}},"4":{"name":"deleteUser","decl":{"start":{"line":34,"column":15},"end":{"line":34,"column":25}},"loc":{"start":{"line":34,"column":57},"end":{"line":36,"column":null}}},"5":{"name":"updateUserInfo","decl":{"start":{"line":38,"column":15},"end":{"line":38,"column":29}},"loc":{"start":{"line":40,"column":19},"end":{"line":45,"column":null}}},"6":{"name":"createPermission","decl":{"start":{"line":47,"column":15},"end":{"line":47,"column":31}},"loc":{"start":{"line":47,"column":61},"end":{"line":50,"column":null}}},"7":{"name":"findAllPermissions","decl":{"start":{"line":52,"column":15},"end":{"line":52,"column":33}},"loc":{"start":{"line":52,"column":33},"end":{"line":54,"column":null}}}},"branchMap":{},"s":{"0":10,"1":10,"2":1,"3":1,"4":6,"5":3,"6":3,"7":0,"8":0,"9":1,"10":1,"11":1,"12":10},"f":{"0":1,"1":1,"2":6,"3":3,"4":0,"5":0,"6":1,"7":1},"b":{}}
,"E:\\SS2022\\full-stack-finland-16\\final-project\\fs16-backend\\test\\db-server.ts": {"path":"E:\\SS2022\\full-stack-finland-16\\final-project\\fs16-backend\\test\\db-server.ts","statementMap":{"0":{"start":{"line":4,"column":0},"end":{"line":8,"column":3}},"1":{"start":{"line":5,"column":2},"end":{"line":7,"column":4}},"2":{"start":{"line":1,"column":0},"end":{"line":1,"column":58}},"3":{"start":{"line":2,"column":0},"end":{"line":2,"column":32}},"4":{"start":{"line":11,"column":17},"end":{"line":11,"column":49}},"5":{"start":{"line":12,"column":15},"end":{"line":12,"column":30}},"6":{"start":{"line":14,"column":2},"end":{"line":14,"column":30}},"7":{"start":{"line":16,"column":2},"end":{"line":31,"column":4}},"8":{"start":{"line":17,"column":30},"end":{"line":22,"column":null}},"9":{"start":{"line":18,"column":6},"end":{"line":18,"column":47}},"10":{"start":{"line":19,"column":6},"end":{"line":19,"column":40}},"11":{"start":{"line":21,"column":6},"end":{"line":21,"column":26}},"12":{"start":{"line":23,"column":30},"end":{"line":30,"column":null}},"13":{"start":{"line":24,"column":26},"end":{"line":24,"column":57}},"14":{"start":{"line":26,"column":6},"end":{"line":29,"column":null}},"15":{"start":{"line":27,"column":27},"end":{"line":27,"column":43}},"16":{"start":{"line":28,"column":8},"end":{"line":28,"column":34}},"17":{"start":{"line":34,"column":0},"end":{"line":34,"column":23}}},"fnMap":{"0":{"name":"(anonymous_8)","decl":{"start":{"line":4,"column":32},"end":{"line":4,"column":35}},"loc":{"start":{"line":4,"column":37},"end":{"line":8,"column":1}}},"1":{"name":"connect","decl":{"start":{"line":10,"column":15},"end":{"line":10,"column":22}},"loc":{"start":{"line":10,"column":22},"end":{"line":32,"column":null}}},"2":{"name":"(anonymous_11)","decl":{"start":{"line":17,"column":19},"end":{"line":17,"column":28}},"loc":{"start":{"line":17,"column":30},"end":{"line":22,"column":null}}},"3":{"name":"(anonymous_12)","decl":{"start":{"line":17,"column":30},"end":{"line":17,"column":null}},"loc":{"start":{"line":17,"column":30},"end":{"line":22,"column":5}}},"4":{"name":"(anonymous_13)","decl":{"start":{"line":23,"column":19},"end":{"line":23,"column":28}},"loc":{"start":{"line":23,"column":30},"end":{"line":30,"column":null}}},"5":{"name":"(anonymous_14)","decl":{"start":{"line":23,"column":30},"end":{"line":23,"column":null}},"loc":{"start":{"line":23,"column":30},"end":{"line":30,"column":5}}}},"branchMap":{},"s":{"0":12,"1":7,"2":12,"3":12,"4":22,"5":22,"6":22,"7":22,"8":22,"9":22,"10":22,"11":22,"12":10,"13":10,"14":10,"15":20,"16":20,"17":12},"f":{"0":7,"1":22,"2":22,"3":22,"4":10,"5":10},"b":{}}
,"E:\\SS2022\\full-stack-finland-16\\final-project\\fs16-backend\\test\\mockData\\authData.ts": {"path":"E:\\SS2022\\full-stack-finland-16\\final-project\\fs16-backend\\test\\mockData\\authData.ts","statementMap":{"0":{"start":{"line":1,"column":0},"end":{"line":1,"column":45}},"1":{"start":{"line":3,"column":13},"end":{"line":9,"column":2}},"2":{"start":{"line":11,"column":13},"end":{"line":14,"column":2}}},"fnMap":{},"branchMap":{},"s":{"0":3,"1":3,"2":3},"f":{},"b":{}}
,"E:\\SS2022\\full-stack-finland-16\\final-project\\fs16-backend\\test\\mockData\\cartData.ts": {"path":"E:\\SS2022\\full-stack-finland-16\\final-project\\fs16-backend\\test\\mockData\\cartData.ts","statementMap":{"0":{"start":{"line":1,"column":0},"end":{"line":8,"column":2}}},"fnMap":{},"branchMap":{},"s":{"0":3},"f":{},"b":{}}
,"E:\\SS2022\\full-stack-finland-16\\final-project\\fs16-backend\\test\\mockData\\categoryData.ts": {"path":"E:\\SS2022\\full-stack-finland-16\\final-project\\fs16-backend\\test\\mockData\\categoryData.ts","statementMap":{"0":{"start":{"line":1,"column":0},"end":{"line":10,"column":2}}},"fnMap":{},"branchMap":{},"s":{"0":2},"f":{},"b":{}}
,"E:\\SS2022\\full-stack-finland-16\\final-project\\fs16-backend\\test\\mockData\\loginUser.ts": {"path":"E:\\SS2022\\full-stack-finland-16\\final-project\\fs16-backend\\test\\mockData\\loginUser.ts","statementMap":{"0":{"start":{"line":1,"column":0},"end":{"line":1,"column":32}},"1":{"start":{"line":2,"column":0},"end":{"line":2,"column":53}},"2":{"start":{"line":6,"column":19},"end":{"line":6,"column":27}},"3":{"start":{"line":7,"column":2},"end":{"line":7,"column":80}},"4":{"start":{"line":7,"column":57},"end":{"line":7,"column":77}},"5":{"start":{"line":8,"column":22},"end":{"line":8,"column":69}},"6":{"start":{"line":9,"column":2},"end":{"line":9,"column":21}},"7":{"start":{"line":5,"column":0},"end":{"line":5,"column":22}}},"fnMap":{"0":{"name":"loginUserByPermission","decl":{"start":{"line":5,"column":22},"end":{"line":5,"column":43}},"loc":{"start":{"line":5,"column":77},"end":{"line":10,"column":null}}},"1":{"name":"(anonymous_10)","decl":{"start":{"line":7,"column":40},"end":{"line":7,"column":41}},"loc":{"start":{"line":7,"column":57},"end":{"line":7,"column":77}}}},"branchMap":{},"s":{"0":7,"1":7,"2":38,"3":38,"4":35,"5":38,"6":38,"7":7},"f":{"0":38,"1":35},"b":{}}
,"E:\\SS2022\\full-stack-finland-16\\final-project\\fs16-backend\\test\\mockData\\orderData.ts": {"path":"E:\\SS2022\\full-stack-finland-16\\final-project\\fs16-backend\\test\\mockData\\orderData.ts","statementMap":{"0":{"start":{"line":1,"column":0},"end":{"line":1,"column":71}},"1":{"start":{"line":3,"column":0},"end":{"line":15,"column":2}}},"fnMap":{},"branchMap":{},"s":{"0":2,"1":2},"f":{},"b":{}}
,"E:\\SS2022\\full-stack-finland-16\\final-project\\fs16-backend\\test\\mockData\\permissionsData.ts": {"path":"E:\\SS2022\\full-stack-finland-16\\final-project\\fs16-backend\\test\\mockData\\permissionsData.ts","statementMap":{"0":{"start":{"line":1,"column":0},"end":{"line":13,"column":2}}},"fnMap":{},"branchMap":{},"s":{"0":1},"f":{},"b":{}}
,"E:\\SS2022\\full-stack-finland-16\\final-project\\fs16-backend\\test\\mockData\\productData.ts": {"path":"E:\\SS2022\\full-stack-finland-16\\final-project\\fs16-backend\\test\\mockData\\productData.ts","statementMap":{"0":{"start":{"line":1,"column":0},"end":{"line":20,"column":2}}},"fnMap":{},"branchMap":{},"s":{"0":6},"f":{},"b":{}}
,"E:\\SS2022\\full-stack-finland-16\\final-project\\fs16-backend\\test\\mockData\\sizeData.ts": {"path":"E:\\SS2022\\full-stack-finland-16\\final-project\\fs16-backend\\test\\mockData\\sizeData.ts","statementMap":{"0":{"start":{"line":1,"column":0},"end":{"line":1,"column":35}}},"fnMap":{},"branchMap":{},"s":{"0":1},"f":{},"b":{}}
,"E:\\SS2022\\full-stack-finland-16\\final-project\\fs16-backend\\test\\mockData\\usersData.ts": {"path":"E:\\SS2022\\full-stack-finland-16\\final-project\\fs16-backend\\test\\mockData\\usersData.ts","statementMap":{"0":{"start":{"line":1,"column":0},"end":{"line":1,"column":45}},"1":{"start":{"line":3,"column":0},"end":{"line":24,"column":2}}},"fnMap":{},"branchMap":{},"s":{"0":7,"1":7},"f":{},"b":{}}
,"E:\\SS2022\\full-stack-finland-16\\final-project\\fs16-backend\\utils\\helpers.ts": {"path":"E:\\SS2022\\full-stack-finland-16\\final-project\\fs16-backend\\utils\\helpers.ts","statementMap":{"0":{"start":{"line":1,"column":0},"end":{"line":1,"column":32}},"1":{"start":{"line":2,"column":0},"end":{"line":2,"column":28}},"2":{"start":{"line":5,"column":2},"end":{"line":5,"column":54}},"3":{"start":{"line":4,"column":0},"end":{"line":4,"column":16}},"4":{"start":{"line":9,"column":2},"end":{"line":9,"column":41}},"5":{"start":{"line":8,"column":0},"end":{"line":8,"column":16}},"6":{"start":{"line":13,"column":15},"end":{"line":13,"column":46}},"7":{"start":{"line":14,"column":2},"end":{"line":14,"column":43}},"8":{"start":{"line":12,"column":0},"end":{"line":12,"column":22}}},"fnMap":{"0":{"name":"isNumber","decl":{"start":{"line":4,"column":16},"end":{"line":4,"column":24}},"loc":{"start":{"line":4,"column":35},"end":{"line":6,"column":1}}},"1":{"name":"convertStringToMongooseId","decl":{"start":{"line":8,"column":16},"end":{"line":8,"column":41}},"loc":{"start":{"line":8,"column":52},"end":{"line":10,"column":1}}},"2":{"name":"generatePasswordHash","decl":{"start":{"line":12,"column":22},"end":{"line":12,"column":42}},"loc":{"start":{"line":12,"column":75},"end":{"line":15,"column":null}}}},"branchMap":{"0":{"loc":{"start":{"line":5,"column":9},"end":{"line":5,"column":53}},"type":"binary-expr","locations":[{"start":{"line":5,"column":9},"end":{"line":5,"column":34}},{"start":{"line":5,"column":38},"end":{"line":5,"column":53}}]},"1":{"loc":{"start":{"line":12,"column":61},"end":{"line":12,"column":75}},"type":"default-arg","locations":[{"start":{"line":12,"column":73},"end":{"line":12,"column":75}}]}},"s":{"0":8,"1":8,"2":0,"3":8,"4":0,"5":8,"6":2,"7":2,"8":8},"f":{"0":0,"1":0,"2":2},"b":{"0":[0,0],"1":[2]}}
}
