TN:
SF:index.ts
FNF:0
FNH:0
DA:1,8
DA:2,8
DA:6,8
DA:7,8
DA:8,8
DA:11,8
DA:12,8
DA:13,8
DA:14,8
DA:15,8
DA:16,8
DA:17,8
DA:18,8
DA:19,8
DA:23,8
DA:26,8
DA:30,8
DA:33,8
DA:34,8
DA:37,8
DA:38,8
DA:39,8
DA:40,8
DA:41,8
DA:42,8
DA:43,8
DA:45,8
DA:47,8
DA:51,8
LF:29
LH:29
BRF:0
BRH:0
end_of_record
TN:
SF:config\mongoose.ts
FN:4,(anonymous_1)
FN:7,(anonymous_2)
FNF:2
FNH:1
FNDA:1,(anonymous_1)
FNDA:0,(anonymous_2)
DA:1,1
DA:3,1
DA:4,1
DA:5,1
DA:7,0
LF:5
LH:4
BRF:0
BRH:0
end_of_record
TN:
SF:constants\auth.ts
FNF:0
FNH:0
DA:1,10
DA:4,10
DA:7,10
LF:3
LH:3
BRDA:2,0,0,10
BRDA:2,0,1,10
BRDA:5,1,0,10
BRDA:5,1,1,10
BRDA:8,2,0,10
BRDA:8,2,1,10
BRF:6
BRH:6
end_of_record
TN:
SF:constants\order.ts
FNF:0
FNH:0
DA:1,9
DA:2,9
DA:8,9
DA:15,9
LF:4
LH:4
BRF:0
BRH:0
end_of_record
TN:
SF:constants\roles.ts
FNF:0
FNH:0
DA:3,11
DA:4,11
DA:5,11
DA:6,11
LF:4
LH:4
BRF:0
BRH:0
end_of_record
TN:
SF:controllers\authController.ts
FN:18,login
FN:50,registerUser
FN:85,getProfile
FNF:3
FNH:3
FNDA:4,login
FNDA:2,registerUser
FNDA:1,getProfile
DA:2,8
DA:5,8
DA:8,8
DA:9,8
DA:16,8
DA:18,8
DA:19,4
DA:20,4
DA:21,4
DA:22,4
DA:23,1
DA:25,3
DA:33,3
DA:34,3
DA:35,1
DA:37,2
DA:40,2
DA:43,2
DA:44,2
DA:46,0
DA:50,8
DA:55,2
DA:56,2
DA:57,2
DA:58,2
DA:59,0
DA:61,2
DA:62,2
DA:63,2
DA:70,2
DA:73,2
DA:76,2
DA:77,2
DA:81,0
DA:85,8
DA:90,1
DA:91,1
DA:92,1
DA:93,1
DA:94,0
DA:96,1
DA:98,0
DA:102,8
LF:43
LH:38
BRDA:22,0,0,1
BRDA:34,1,0,1
BRDA:58,2,0,0
BRDA:92,3,0,1
BRDA:92,3,1,1
BRDA:93,4,0,0
BRF:6
BRH:4
end_of_record
TN:
SF:controllers\cartController.ts
FN:14,findAllCart
FN:27,findUserCart
FN:42,addToCart
FN:86,deleteFromCart
FNF:4
FNH:3
FNDA:0,findAllCart
FNDA:2,findUserCart
FNDA:4,addToCart
FNDA:1,deleteFromCart
DA:4,8
DA:5,8
DA:8,8
DA:14,8
DA:19,0
DA:20,0
DA:21,0
DA:23,0
DA:27,8
DA:32,2
DA:33,2
DA:35,2
DA:36,2
DA:38,0
DA:42,8
DA:47,4
DA:48,4
DA:49,4
DA:51,4
DA:52,4
DA:53,1
DA:57,3
DA:63,3
DA:66,3
DA:67,0
DA:70,3
DA:71,1
DA:75,1
DA:79,2
DA:80,2
DA:82,0
DA:86,8
DA:91,1
DA:92,1
DA:93,1
DA:94,1
DA:95,1
DA:97,0
LF:38
LH:30
BRDA:35,0,0,2
BRDA:35,0,1,2
BRDA:52,1,0,1
BRDA:57,2,0,3
BRDA:57,2,1,3
BRDA:63,3,0,1
BRDA:63,3,1,2
BRDA:66,4,0,0
BRDA:70,5,0,1
BRDA:79,6,0,2
BRDA:79,6,1,2
BRF:11
BRH:10
end_of_record
TN:
SF:controllers\categoriesController.ts
FN:12,findAllCategory
FN:25,findOneCategory
FN:44,createOneCategory
FN:58,updateCategory
FN:80,deleteCategory
FN:100,filterProductByCategory
FNF:6
FNH:5
FNDA:4,findAllCategory
FNDA:1,findOneCategory
FNDA:1,createOneCategory
FNDA:1,updateCategory
FNDA:1,deleteCategory
FNDA:0,filterProductByCategory
DA:4,8
DA:7,8
DA:12,8
DA:17,4
DA:18,4
DA:19,4
DA:21,0
DA:25,8
DA:30,1
DA:31,1
DA:32,1
DA:33,1
DA:34,0
DA:35,0
DA:37,1
DA:39,0
DA:40,0
DA:44,8
DA:49,1
DA:50,1
DA:51,1
DA:52,1
DA:54,0
DA:58,8
DA:63,1
DA:64,1
DA:65,1
DA:66,1
DA:67,1
DA:68,0
DA:70,1
DA:74,1
DA:76,0
DA:80,8
DA:85,1
DA:86,1
DA:87,1
DA:88,1
DA:89,0
DA:90,0
DA:92,1
DA:93,1
DA:95,0
DA:100,8
DA:105,0
DA:106,0
DA:107,0
DA:108,0
DA:112,0
LF:49
LH:33
BRDA:33,0,0,0
BRDA:67,1,0,0
BRDA:88,2,0,0
BRF:3
BRH:0
end_of_record
TN:
SF:controllers\orderController.ts
FN:18,findAllOrder
FN:51,findOrderById
FN:70,createOrder
FN:85,(anonymous_14)
FNF:4
FNH:4
FNDA:2,findAllOrder
FNDA:2,findOrderById
FNDA:2,createOrder
FNDA:1,(anonymous_14)
DA:4,8
DA:7,8
DA:8,8
DA:18,8
DA:23,2
DA:24,2
DA:25,2
DA:26,2
DA:27,2
DA:29,2
DA:31,0
DA:38,2
DA:44,2
DA:46,0
DA:51,8
DA:56,2
DA:57,2
DA:58,2
DA:59,2
DA:60,1
DA:61,1
DA:63,1
DA:65,0
DA:70,8
DA:75,2
DA:76,2
DA:77,2
DA:78,2
DA:82,2
DA:83,1
DA:85,1
DA:87,1
DA:89,1
DA:93,1
DA:95,0
LF:35
LH:31
BRDA:23,0,0,2
BRDA:23,0,1,2
BRDA:24,1,0,2
BRDA:24,1,1,2
BRDA:25,2,0,2
BRDA:25,2,1,2
BRDA:29,3,0,0
BRDA:29,3,1,2
BRDA:59,4,0,1
BRDA:82,5,0,1
BRDA:82,6,0,0
BRDA:82,6,1,2
BRDA:82,7,0,2
BRDA:82,7,1,2
BRF:14
BRH:12
end_of_record
TN:
SF:controllers\productsController.ts
FN:13,findAllProduct
FN:41,findOneProduct
FN:59,createOneProduct
FN:73,updateProduct
FN:96,deleteProduct
FN:115,searchProduct
FN:127,(anonymous_20)
FNF:7
FNH:7
FNDA:4,findAllProduct
FNDA:1,findOneProduct
FNDA:7,createOneProduct
FNDA:2,updateProduct
FNDA:2,deleteProduct
FNDA:1,searchProduct
FNDA:1,(anonymous_20)
DA:4,8
DA:5,8
DA:8,8
DA:13,8
DA:18,4
DA:19,4
DA:20,4
DA:21,4
DA:22,4
DA:23,4
DA:24,4
DA:26,4
DA:34,4
DA:36,0
DA:37,0
DA:41,8
DA:46,1
DA:47,1
DA:48,1
DA:49,1
DA:50,0
DA:51,0
DA:53,1
DA:55,0
DA:59,8
DA:64,7
DA:65,7
DA:66,7
DA:67,7
DA:69,0
DA:73,8
DA:78,2
DA:79,2
DA:80,2
DA:81,2
DA:82,1
DA:83,0
DA:84,0
DA:86,1
DA:90,1
DA:92,1
DA:96,8
DA:101,2
DA:102,2
DA:103,2
DA:104,2
DA:105,0
DA:106,0
DA:108,2
DA:109,2
DA:111,0
DA:115,8
DA:120,1
DA:121,1
DA:122,1
DA:123,1
DA:124,1
DA:125,1
DA:126,1
DA:127,1
DA:129,1
DA:135,1
DA:137,0
LF:63
LH:51
BRDA:19,0,0,4
BRDA:19,0,1,4
BRDA:20,1,0,4
BRDA:20,1,1,4
BRDA:21,2,0,4
BRDA:21,2,1,4
BRDA:22,3,0,4
BRDA:22,3,1,4
BRDA:23,4,0,4
BRDA:23,4,1,4
BRDA:24,5,0,4
BRDA:24,5,1,4
BRDA:49,6,0,0
BRDA:82,7,0,0
BRDA:104,8,0,0
BRDA:121,9,0,1
BRDA:121,9,1,1
BRDA:122,10,0,1
BRDA:122,10,1,1
BRDA:123,11,0,1
BRDA:123,11,1,1
BRDA:125,12,0,1
BRF:22
BRH:19
end_of_record
TN:
SF:controllers\sizesController.ts
FN:12,findAllSize
FN:25,createOneSize
FN:39,findSingleSize
FN:58,updateSize
FN:73,deleteSize
FNF:5
FNH:5
FNDA:4,findAllSize
FNDA:1,createOneSize
FNDA:1,findSingleSize
FNDA:1,updateSize
FNDA:1,deleteSize
DA:4,8
DA:7,8
DA:12,8
DA:17,4
DA:18,4
DA:19,4
DA:21,0
DA:25,8
DA:30,1
DA:31,1
DA:32,1
DA:33,1
DA:35,0
DA:39,8
DA:44,1
DA:45,1
DA:46,1
DA:47,1
DA:48,0
DA:49,0
DA:51,1
DA:53,0
DA:54,0
DA:58,8
DA:63,1
DA:64,1
DA:65,1
DA:66,1
DA:67,1
DA:69,0
DA:73,8
DA:78,1
DA:79,1
DA:80,1
DA:81,1
DA:83,0
LF:36
LH:28
BRDA:47,0,0,0
BRF:1
BRH:0
end_of_record
TN:
SF:controllers\usersController.ts
FN:16,findAllUser
FN:29,findSingleUser
FN:47,createUser
FN:66,deleteUser
FN:79,updateUserInfo
FN:97,getAllPermissions
FN:110,addPermission
FNF:7
FNH:2
FNDA:0,findAllUser
FNDA:0,findSingleUser
FNDA:0,createUser
FNDA:0,deleteUser
FNDA:0,updateUserInfo
FNDA:1,getAllPermissions
FNDA:1,addPermission
DA:4,8
DA:7,8
DA:14,8
DA:16,8
DA:21,0
DA:22,0
DA:23,0
DA:25,0
DA:29,8
DA:34,0
DA:35,0
DA:36,0
DA:37,0
DA:38,0
DA:39,0
DA:41,0
DA:43,0
DA:47,8
DA:52,0
DA:53,0
DA:54,0
DA:55,0
DA:56,0
DA:58,0
DA:59,0
DA:60,0
DA:62,0
DA:66,8
DA:71,0
DA:72,0
DA:73,0
DA:74,0
DA:76,0
DA:79,8
DA:84,0
DA:85,0
DA:86,0
DA:87,0
DA:88,0
DA:90,0
DA:91,0
DA:93,0
DA:97,8
DA:102,1
DA:103,1
DA:104,1
DA:106,0
DA:110,8
DA:115,1
DA:116,1
DA:117,1
DA:118,1
DA:120,0
DA:124,8
LF:54
LH:18
BRDA:37,0,0,0
BRDA:55,1,0,0
BRDA:87,2,0,0
BRF:3
BRH:0
end_of_record
TN:
SF:dist\index.js
FN:2,(anonymous_0)
FN:25,(anonymous_1)
FN:48,(anonymous_2)
FNF:3
FNH:2
FNDA:64,(anonymous_0)
FNDA:87,(anonymous_1)
FNDA:0,(anonymous_2)
DA:2,8
DA:3,64
DA:5,8
DA:6,8
DA:7,8
DA:9,8
DA:10,8
DA:11,8
DA:13,8
DA:14,8
DA:15,8
DA:16,8
DA:17,8
DA:18,8
DA:19,8
DA:20,8
DA:22,8
DA:23,8
DA:25,8
DA:26,87
DA:27,87
DA:28,87
DA:29,87
DA:32,8
DA:34,8
DA:35,8
DA:37,8
DA:38,8
DA:39,8
DA:40,8
DA:41,8
DA:42,8
DA:43,8
DA:44,8
DA:46,8
DA:48,8
DA:49,0
DA:51,8
LF:38
LH:37
BRDA:2,0,0,8
BRDA:2,0,1,8
BRDA:2,0,2,8
BRDA:3,1,0,56
BRDA:3,1,1,8
BRDA:3,2,0,64
BRDA:3,2,1,64
BRF:7
BRH:7
end_of_record
TN:
SF:dist\config\mongoose.js
FN:2,(anonymous_0)
FN:9,(anonymous_1)
FN:11,(anonymous_2)
FNF:3
FNH:2
FNDA:1,(anonymous_0)
FNDA:1,(anonymous_1)
FNDA:0,(anonymous_2)
DA:2,1
DA:3,1
DA:5,1
DA:6,1
DA:7,1
DA:8,1
DA:9,1
DA:11,0
DA:12,1
LF:9
LH:8
BRDA:2,0,0,1
BRDA:2,0,1,1
BRDA:2,0,2,1
BRDA:3,1,0,0
BRDA:3,1,1,1
BRDA:3,2,0,1
BRDA:3,2,1,1
BRF:7
BRH:6
end_of_record
TN:
SF:dist\constants\auth.js
FNF:0
FNH:0
DA:2,10
DA:3,10
DA:4,10
DA:5,10
DA:6,10
LF:5
LH:5
BRDA:4,0,0,10
BRDA:4,0,1,10
BRDA:5,1,0,10
BRDA:5,1,1,10
BRDA:6,2,0,10
BRDA:6,2,1,10
BRF:6
BRH:6
end_of_record
TN:
SF:dist\constants\order.js
FNF:0
FNH:0
DA:2,9
DA:3,9
DA:4,9
DA:5,9
DA:11,9
DA:18,9
LF:6
LH:6
BRF:0
BRH:0
end_of_record
TN:
SF:dist\constants\roles.js
FNF:0
FNH:0
DA:2,11
DA:3,11
DA:4,11
DA:5,11
DA:6,11
DA:7,11
LF:6
LH:6
BRF:0
BRH:0
end_of_record
TN:
SF:dist\controllers\authController.js
FN:2,(anonymous_0)
FN:3,adopt
FN:3,(anonymous_2)
FN:4,(anonymous_3)
FN:5,fulfilled
FN:6,rejected
FN:7,step
FN:11,(anonymous_7)
FN:24,login
FN:25,(anonymous_9)
FN:54,registerUser
FN:55,(anonymous_11)
FN:84,getProfile
FN:85,(anonymous_13)
FNF:14
FNH:12
FNDA:7,(anonymous_0)
FNDA:31,adopt
FNDA:0,(anonymous_2)
FNDA:7,(anonymous_3)
FNDA:31,fulfilled
FNDA:0,rejected
FNDA:38,step
FNDA:24,(anonymous_7)
FNDA:4,login
FNDA:4,(anonymous_9)
FNDA:2,registerUser
FNDA:2,(anonymous_11)
FNDA:1,getProfile
FNDA:1,(anonymous_13)
DA:2,8
DA:3,31
DA:4,7
DA:5,31
DA:6,0
DA:7,38
DA:8,7
DA:11,8
DA:12,24
DA:14,8
DA:15,8
DA:16,8
DA:18,8
DA:20,8
DA:21,8
DA:23,8
DA:25,4
DA:26,4
DA:27,4
DA:28,4
DA:29,4
DA:30,1
DA:32,3
DA:39,3
DA:40,3
DA:41,1
DA:43,2
DA:44,2
DA:45,2
DA:46,2
DA:49,0
DA:53,8
DA:55,2
DA:56,2
DA:57,2
DA:58,2
DA:59,2
DA:60,0
DA:62,2
DA:63,2
DA:64,2
DA:71,2
DA:72,2
DA:73,2
DA:74,2
DA:79,0
DA:83,8
DA:85,1
DA:86,1
DA:87,1
DA:88,1
DA:89,1
DA:90,0
DA:92,1
DA:95,0
DA:99,8
DA:100,8
LF:57
LH:51
BRDA:2,0,0,8
BRDA:2,0,1,8
BRDA:2,0,2,8
BRDA:3,1,0,31
BRDA:3,1,1,0
BRDA:4,2,0,7
BRDA:4,2,1,7
BRDA:7,3,0,7
BRDA:7,3,1,31
BRDA:8,4,0,7
BRDA:8,4,1,7
BRDA:11,5,0,8
BRDA:11,5,1,8
BRDA:11,5,2,8
BRDA:12,6,0,16
BRDA:12,6,1,8
BRDA:12,7,0,24
BRDA:12,7,1,24
BRDA:29,8,0,1
BRDA:29,8,1,3
BRDA:40,9,0,1
BRDA:40,9,1,2
BRDA:59,10,0,0
BRDA:59,10,1,2
BRDA:88,11,0,1
BRDA:88,11,1,1
BRDA:89,12,0,0
BRDA:89,12,1,1
BRF:28
BRH:25
end_of_record
TN:
SF:dist\controllers\cartController.js
FN:2,(anonymous_0)
FN:3,adopt
FN:3,(anonymous_2)
FN:4,(anonymous_3)
FN:5,fulfilled
FN:6,rejected
FN:7,step
FN:11,(anonymous_7)
FN:21,findAllCart
FN:22,(anonymous_9)
FN:33,findUserCart
FN:34,(anonymous_11)
FN:46,addToCart
FN:47,(anonymous_13)
FN:81,deleteFromCart
FN:82,(anonymous_15)
FNF:16
FNH:12
FNDA:7,(anonymous_0)
FNDA:13,adopt
FNDA:0,(anonymous_2)
FNDA:7,(anonymous_3)
FNDA:13,fulfilled
FNDA:0,rejected
FNDA:20,step
FNDA:16,(anonymous_7)
FNDA:0,findAllCart
FNDA:0,(anonymous_9)
FNDA:2,findUserCart
FNDA:2,(anonymous_11)
FNDA:4,addToCart
FNDA:4,(anonymous_13)
FNDA:1,deleteFromCart
FNDA:1,(anonymous_15)
DA:2,8
DA:3,13
DA:4,7
DA:5,13
DA:6,0
DA:7,20
DA:8,7
DA:11,8
DA:12,16
DA:14,8
DA:15,8
DA:17,8
DA:18,8
DA:20,8
DA:22,0
DA:23,0
DA:24,0
DA:25,0
DA:28,0
DA:32,8
DA:34,2
DA:35,2
DA:36,2
DA:37,2
DA:38,2
DA:41,0
DA:45,8
DA:47,4
DA:48,4
DA:49,4
DA:50,4
DA:52,4
DA:53,4
DA:54,1
DA:57,3
DA:60,3
DA:63,3
DA:64,0
DA:67,3
DA:68,1
DA:69,1
DA:72,2
DA:73,2
DA:76,0
DA:80,8
DA:82,1
DA:83,1
DA:84,1
DA:85,1
DA:86,1
DA:87,1
DA:90,0
DA:94,8
LF:53
LH:43
BRDA:2,0,0,8
BRDA:2,0,1,8
BRDA:2,0,2,8
BRDA:3,1,0,13
BRDA:3,1,1,0
BRDA:4,2,0,7
BRDA:4,2,1,7
BRDA:7,3,0,7
BRDA:7,3,1,13
BRDA:8,4,0,7
BRDA:8,4,1,7
BRDA:11,5,0,8
BRDA:11,5,1,8
BRDA:11,5,2,8
BRDA:12,6,0,16
BRDA:12,6,1,0
BRDA:12,7,0,16
BRDA:12,7,1,16
BRDA:37,8,0,2
BRDA:37,8,1,2
BRDA:53,9,0,1
BRDA:53,9,1,3
BRDA:57,10,0,3
BRDA:57,10,1,3
BRDA:60,11,0,1
BRDA:60,11,1,2
BRDA:63,12,0,0
BRDA:63,12,1,3
BRDA:67,13,0,1
BRDA:67,13,1,2
BRDA:72,14,0,2
BRDA:72,14,1,2
BRF:32
BRH:29
end_of_record
TN:
SF:dist\controllers\categoriesController.js
FN:2,(anonymous_0)
FN:3,adopt
FN:3,(anonymous_2)
FN:4,(anonymous_3)
FN:5,fulfilled
FN:6,rejected
FN:7,step
FN:11,(anonymous_7)
FN:20,findAllCategory
FN:21,(anonymous_9)
FN:32,findOneCategory
FN:33,(anonymous_11)
FN:50,createOneCategory
FN:51,(anonymous_13)
FN:63,updateCategory
FN:64,(anonymous_15)
FN:81,deleteCategory
FN:82,(anonymous_17)
FN:100,filterProductByCategory
FN:101,(anonymous_19)
FNF:20
FNH:16
FNDA:8,(anonymous_0)
FNDA:10,adopt
FNDA:0,(anonymous_2)
FNDA:8,(anonymous_3)
FNDA:10,fulfilled
FNDA:0,rejected
FNDA:18,step
FNDA:8,(anonymous_7)
FNDA:4,findAllCategory
FNDA:4,(anonymous_9)
FNDA:1,findOneCategory
FNDA:1,(anonymous_11)
FNDA:1,createOneCategory
FNDA:1,(anonymous_13)
FNDA:1,updateCategory
FNDA:1,(anonymous_15)
FNDA:1,deleteCategory
FNDA:1,(anonymous_17)
FNDA:0,filterProductByCategory
FNDA:0,(anonymous_19)
DA:2,8
DA:3,10
DA:4,8
DA:5,10
DA:6,0
DA:7,18
DA:8,8
DA:11,8
DA:12,8
DA:14,8
DA:15,8
DA:17,8
DA:19,8
DA:21,4
DA:22,4
DA:23,4
DA:24,4
DA:27,0
DA:31,8
DA:33,1
DA:34,1
DA:35,1
DA:36,1
DA:37,1
DA:38,0
DA:39,0
DA:41,1
DA:44,0
DA:45,0
DA:49,8
DA:51,1
DA:52,1
DA:53,1
DA:54,1
DA:55,1
DA:58,0
DA:62,8
DA:64,1
DA:65,1
DA:66,1
DA:67,1
DA:68,1
DA:69,1
DA:70,0
DA:72,1
DA:73,1
DA:76,0
DA:80,8
DA:82,1
DA:83,1
DA:84,1
DA:85,1
DA:86,1
DA:87,0
DA:88,0
DA:90,1
DA:91,1
DA:94,0
DA:98,8
DA:101,0
DA:102,0
DA:103,0
DA:104,0
DA:105,0
DA:108,0
DA:112,8
LF:66
LH:48
BRDA:2,0,0,8
BRDA:2,0,1,8
BRDA:2,0,2,8
BRDA:3,1,0,10
BRDA:3,1,1,0
BRDA:4,2,0,8
BRDA:4,2,1,8
BRDA:7,3,0,8
BRDA:7,3,1,10
BRDA:8,4,0,8
BRDA:8,4,1,8
BRDA:11,5,0,8
BRDA:11,5,1,8
BRDA:11,5,2,8
BRDA:12,6,0,8
BRDA:12,6,1,0
BRDA:12,7,0,8
BRDA:12,7,1,8
BRDA:37,8,0,0
BRDA:37,8,1,1
BRDA:69,9,0,0
BRDA:69,9,1,1
BRDA:86,10,0,0
BRDA:86,10,1,1
BRF:24
BRH:19
end_of_record
TN:
SF:dist\controllers\orderController.js
FN:2,(anonymous_0)
FN:3,adopt
FN:3,(anonymous_2)
FN:4,(anonymous_3)
FN:5,fulfilled
FN:6,rejected
FN:7,step
FN:11,(anonymous_7)
FN:22,findAllOrder
FN:23,(anonymous_9)
FN:46,findOrderById
FN:47,(anonymous_11)
FN:64,createOrder
FN:65,(anonymous_13)
FN:73,(anonymous_14)
FNF:15
FNH:13
FNDA:6,(anonymous_0)
FNDA:8,adopt
FNDA:0,(anonymous_2)
FNDA:6,(anonymous_3)
FNDA:8,fulfilled
FNDA:0,rejected
FNDA:14,step
FNDA:16,(anonymous_7)
FNDA:2,findAllOrder
FNDA:2,(anonymous_9)
FNDA:2,findOrderById
FNDA:2,(anonymous_11)
FNDA:2,createOrder
FNDA:2,(anonymous_13)
FNDA:1,(anonymous_14)
DA:2,8
DA:3,8
DA:4,6
DA:5,8
DA:6,0
DA:7,14
DA:8,6
DA:11,8
DA:12,16
DA:14,8
DA:15,8
DA:17,8
DA:19,8
DA:20,8
DA:23,2
DA:24,2
DA:25,2
DA:26,2
DA:27,2
DA:28,2
DA:30,2
DA:32,0
DA:35,2
DA:37,2
DA:40,0
DA:44,8
DA:47,2
DA:48,2
DA:49,2
DA:50,2
DA:51,2
DA:52,1
DA:53,1
DA:55,1
DA:58,0
DA:62,8
DA:65,2
DA:66,2
DA:67,2
DA:68,2
DA:69,2
DA:70,2
DA:71,1
DA:73,1
DA:75,1
DA:77,1
DA:78,1
DA:81,0
DA:85,8
LF:49
LH:44
BRDA:2,0,0,8
BRDA:2,0,1,8
BRDA:2,0,2,8
BRDA:3,1,0,8
BRDA:3,1,1,0
BRDA:4,2,0,6
BRDA:4,2,1,6
BRDA:7,3,0,6
BRDA:7,3,1,8
BRDA:8,4,0,6
BRDA:8,4,1,6
BRDA:11,5,0,8
BRDA:11,5,1,8
BRDA:11,5,2,8
BRDA:12,6,0,16
BRDA:12,6,1,0
BRDA:12,7,0,16
BRDA:12,7,1,16
BRDA:24,8,0,2
BRDA:24,8,1,2
BRDA:25,9,0,2
BRDA:25,9,1,2
BRDA:26,10,0,2
BRDA:26,10,1,2
BRDA:30,11,0,0
BRDA:30,11,1,2
BRDA:51,12,0,1
BRDA:51,12,1,1
BRDA:70,13,0,1
BRDA:70,13,1,1
BRDA:70,14,0,0
BRDA:70,14,1,2
BRDA:70,15,0,2
BRDA:70,15,1,2
BRF:34
BRH:30
end_of_record
TN:
SF:dist\controllers\productsController.js
FN:2,(anonymous_0)
FN:3,adopt
FN:3,(anonymous_2)
FN:4,(anonymous_3)
FN:5,fulfilled
FN:6,rejected
FN:7,step
FN:11,(anonymous_7)
FN:21,findAllProduct
FN:22,(anonymous_9)
FN:40,findOneProduct
FN:41,(anonymous_11)
FN:57,createOneProduct
FN:58,(anonymous_13)
FN:70,updateProduct
FN:71,(anonymous_15)
FN:89,deleteProduct
FN:90,(anonymous_17)
FN:107,searchProduct
FN:108,(anonymous_19)
FN:116,(anonymous_20)
FNF:21
FNH:19
FNDA:13,(anonymous_0)
FNDA:15,adopt
FNDA:0,(anonymous_2)
FNDA:13,(anonymous_3)
FNDA:15,fulfilled
FNDA:0,rejected
FNDA:28,step
FNDA:16,(anonymous_7)
FNDA:4,findAllProduct
FNDA:4,(anonymous_9)
FNDA:1,findOneProduct
FNDA:1,(anonymous_11)
FNDA:5,createOneProduct
FNDA:5,(anonymous_13)
FNDA:1,updateProduct
FNDA:1,(anonymous_15)
FNDA:1,deleteProduct
FNDA:1,(anonymous_17)
FNDA:1,searchProduct
FNDA:1,(anonymous_19)
FNDA:1,(anonymous_20)
DA:2,8
DA:3,15
DA:4,13
DA:5,15
DA:6,0
DA:7,28
DA:8,13
DA:11,8
DA:12,16
DA:14,8
DA:15,8
DA:17,8
DA:18,8
DA:20,8
DA:22,4
DA:23,4
DA:24,4
DA:25,4
DA:26,4
DA:27,4
DA:28,4
DA:29,4
DA:30,4
DA:31,4
DA:34,0
DA:35,0
DA:39,8
DA:41,1
DA:42,1
DA:43,1
DA:44,1
DA:45,1
DA:46,0
DA:47,0
DA:49,1
DA:52,0
DA:56,8
DA:58,5
DA:59,5
DA:60,5
DA:61,5
DA:62,5
DA:65,0
DA:69,8
DA:71,1
DA:72,1
DA:73,1
DA:74,1
DA:75,1
DA:76,1
DA:77,0
DA:78,0
DA:80,1
DA:81,1
DA:84,0
DA:88,8
DA:90,1
DA:91,1
DA:92,1
DA:93,1
DA:94,1
DA:95,0
DA:96,0
DA:98,1
DA:99,1
DA:102,0
DA:106,8
DA:108,1
DA:109,1
DA:110,1
DA:111,1
DA:112,1
DA:113,1
DA:114,1
DA:115,1
DA:116,1
DA:118,1
DA:119,1
DA:122,0
DA:126,8
LF:80
LH:66
BRDA:2,0,0,8
BRDA:2,0,1,8
BRDA:2,0,2,8
BRDA:3,1,0,15
BRDA:3,1,1,0
BRDA:4,2,0,13
BRDA:4,2,1,13
BRDA:7,3,0,13
BRDA:7,3,1,15
BRDA:8,4,0,13
BRDA:8,4,1,13
BRDA:11,5,0,8
BRDA:11,5,1,8
BRDA:11,5,2,8
BRDA:12,6,0,16
BRDA:12,6,1,0
BRDA:12,7,0,16
BRDA:12,7,1,16
BRDA:24,8,0,4
BRDA:24,8,1,4
BRDA:25,9,0,4
BRDA:25,9,1,4
BRDA:26,10,0,4
BRDA:26,10,1,4
BRDA:27,11,0,4
BRDA:27,11,1,4
BRDA:28,12,0,4
BRDA:28,12,1,4
BRDA:29,13,0,4
BRDA:29,13,1,4
BRDA:45,14,0,0
BRDA:45,14,1,1
BRDA:76,15,0,0
BRDA:76,15,1,1
BRDA:94,16,0,0
BRDA:94,16,1,1
BRDA:110,17,0,1
BRDA:110,17,1,1
BRDA:111,18,0,1
BRDA:111,18,1,1
BRDA:112,19,0,1
BRDA:112,19,1,1
BRDA:114,20,0,1
BRDA:114,20,1,0
BRF:44
BRH:38
end_of_record
TN:
SF:dist\controllers\sizesController.js
FN:2,(anonymous_0)
FN:3,adopt
FN:3,(anonymous_2)
FN:4,(anonymous_3)
FN:5,fulfilled
FN:6,rejected
FN:7,step
FN:11,(anonymous_7)
FN:20,findAllSize
FN:21,(anonymous_9)
FN:32,createOneSize
FN:33,(anonymous_11)
FN:45,findSingleSize
FN:46,(anonymous_13)
FN:63,updateSize
FN:64,(anonymous_15)
FN:77,deleteSize
FN:78,(anonymous_17)
FNF:18
FNH:16
FNDA:8,(anonymous_0)
FNDA:8,adopt
FNDA:0,(anonymous_2)
FNDA:8,(anonymous_3)
FNDA:8,fulfilled
FNDA:0,rejected
FNDA:16,step
FNDA:8,(anonymous_7)
FNDA:4,findAllSize
FNDA:4,(anonymous_9)
FNDA:1,createOneSize
FNDA:1,(anonymous_11)
FNDA:1,findSingleSize
FNDA:1,(anonymous_13)
FNDA:1,updateSize
FNDA:1,(anonymous_15)
FNDA:1,deleteSize
FNDA:1,(anonymous_17)
DA:2,8
DA:3,8
DA:4,8
DA:5,8
DA:6,0
DA:7,16
DA:8,8
DA:11,8
DA:12,8
DA:14,8
DA:15,8
DA:17,8
DA:19,8
DA:21,4
DA:22,4
DA:23,4
DA:24,4
DA:27,0
DA:31,8
DA:33,1
DA:34,1
DA:35,1
DA:36,1
DA:37,1
DA:40,0
DA:44,8
DA:46,1
DA:47,1
DA:48,1
DA:49,1
DA:50,1
DA:51,0
DA:52,0
DA:54,1
DA:57,0
DA:58,0
DA:62,8
DA:64,1
DA:65,1
DA:66,1
DA:67,1
DA:68,1
DA:69,1
DA:72,0
DA:76,8
DA:78,1
DA:79,1
DA:80,1
DA:81,1
DA:82,1
DA:85,0
DA:89,8
LF:52
LH:43
BRDA:2,0,0,8
BRDA:2,0,1,8
BRDA:2,0,2,8
BRDA:3,1,0,8
BRDA:3,1,1,0
BRDA:4,2,0,8
BRDA:4,2,1,8
BRDA:7,3,0,8
BRDA:7,3,1,8
BRDA:8,4,0,8
BRDA:8,4,1,8
BRDA:11,5,0,8
BRDA:11,5,1,8
BRDA:11,5,2,8
BRDA:12,6,0,8
BRDA:12,6,1,0
BRDA:12,7,0,8
BRDA:12,7,1,8
BRDA:50,8,0,0
BRDA:50,8,1,1
BRF:20
BRH:17
end_of_record
TN:
SF:dist\controllers\usersController.js
FN:2,(anonymous_0)
FN:3,adopt
FN:3,(anonymous_2)
FN:4,(anonymous_3)
FN:5,fulfilled
FN:6,rejected
FN:7,step
FN:11,(anonymous_7)
FN:22,findAllUser
FN:23,(anonymous_9)
FN:34,findSingleUser
FN:35,(anonymous_11)
FN:51,createUser
FN:52,(anonymous_13)
FN:69,deleteUser
FN:70,(anonymous_15)
FN:82,updateUserInfo
FN:83,(anonymous_17)
FN:99,getAllPermissions
FN:100,(anonymous_19)
FN:111,addPermission
FN:112,(anonymous_21)
FNF:22
FNH:18
FNDA:11,(anonymous_0)
FNDA:16,adopt
FNDA:0,(anonymous_2)
FNDA:11,(anonymous_3)
FNDA:16,fulfilled
FNDA:0,rejected
FNDA:27,step
FNDA:8,(anonymous_7)
FNDA:4,findAllUser
FNDA:4,(anonymous_9)
FNDA:1,findSingleUser
FNDA:1,(anonymous_11)
FNDA:2,createUser
FNDA:2,(anonymous_13)
FNDA:2,deleteUser
FNDA:2,(anonymous_15)
FNDA:1,updateUserInfo
FNDA:1,(anonymous_17)
FNDA:0,getAllPermissions
FNDA:0,(anonymous_19)
FNDA:1,addPermission
FNDA:1,(anonymous_21)
DA:2,8
DA:3,16
DA:4,11
DA:5,16
DA:6,0
DA:7,27
DA:8,11
DA:11,8
DA:12,8
DA:14,8
DA:15,8
DA:17,8
DA:19,8
DA:21,8
DA:23,4
DA:24,4
DA:25,4
DA:26,4
DA:29,0
DA:33,8
DA:35,1
DA:36,1
DA:37,1
DA:38,1
DA:39,1
DA:40,0
DA:41,0
DA:43,1
DA:46,0
DA:50,8
DA:52,2
DA:53,2
DA:54,2
DA:55,2
DA:56,2
DA:57,0
DA:59,2
DA:60,2
DA:61,2
DA:64,0
DA:68,8
DA:70,2
DA:71,2
DA:72,2
DA:73,2
DA:74,2
DA:77,0
DA:81,8
DA:83,1
DA:84,1
DA:85,1
DA:86,1
DA:87,1
DA:88,1
DA:90,1
DA:91,1
DA:94,0
DA:98,8
DA:100,0
DA:101,0
DA:102,0
DA:103,0
DA:106,0
DA:110,8
DA:112,1
DA:113,1
DA:114,1
DA:115,1
DA:116,1
DA:119,0
DA:123,8
DA:124,8
LF:72
LH:57
BRDA:2,0,0,8
BRDA:2,0,1,8
BRDA:2,0,2,8
BRDA:3,1,0,16
BRDA:3,1,1,0
BRDA:4,2,0,11
BRDA:4,2,1,11
BRDA:7,3,0,11
BRDA:7,3,1,16
BRDA:8,4,0,11
BRDA:8,4,1,11
BRDA:11,5,0,8
BRDA:11,5,1,8
BRDA:11,5,2,8
BRDA:12,6,0,8
BRDA:12,6,1,0
BRDA:12,7,0,8
BRDA:12,7,1,8
BRDA:39,8,0,0
BRDA:39,8,1,1
BRDA:56,9,0,0
BRDA:56,9,1,2
BRDA:87,10,0,1
BRDA:87,10,1,0
BRF:24
BRH:19
end_of_record
TN:
SF:dist\errors\ApiError.js
FN:5,(anonymous_0)
FN:11,(anonymous_1)
FN:14,(anonymous_2)
FN:17,(anonymous_3)
FN:20,(anonymous_4)
FN:23,(anonymous_5)
FNF:6
FNH:4
FNDA:23,(anonymous_0)
FNDA:5,(anonymous_1)
FNDA:12,(anonymous_2)
FNDA:6,(anonymous_3)
FNDA:0,(anonymous_4)
FNDA:0,(anonymous_5)
DA:2,8
DA:3,8
DA:6,23
DA:7,23
DA:8,23
DA:9,23
DA:12,5
DA:15,12
DA:18,6
DA:21,0
DA:24,0
DA:27,8
LF:12
LH:10
BRF:0
BRH:0
end_of_record
TN:
SF:dist\middlewares\authorization.js
FN:2,(anonymous_0)
FN:14,(anonymous_1)
FNF:2
FNH:2
FNDA:8,(anonymous_0)
FNDA:50,(anonymous_1)
DA:2,8
DA:3,8
DA:5,8
DA:6,8
DA:8,8
DA:10,8
DA:12,8
DA:14,8
DA:16,50
DA:17,50
DA:18,7
DA:20,43
DA:21,43
DA:22,43
DA:23,0
DA:25,43
DA:26,43
DA:29,0
DA:32,8
LF:19
LH:17
BRDA:2,0,0,8
BRDA:2,0,1,8
BRDA:2,0,2,8
BRDA:3,1,0,8
BRDA:3,1,1,0
BRDA:3,2,0,8
BRDA:3,2,1,8
BRDA:16,3,0,7
BRDA:16,3,1,43
BRDA:16,4,0,50
BRDA:16,4,1,50
BRDA:17,5,0,7
BRDA:17,5,1,43
BRDA:22,6,0,0
BRDA:22,6,1,43
BRF:15
BRH:13
end_of_record
TN:
SF:dist\middlewares\checkPermission.js
FN:6,checkPermission
FN:7,(anonymous_1)
FN:10,(anonymous_2)
FN:12,(anonymous_3)
FNF:4
FNH:4
FNDA:104,checkPermission
FNDA:27,(anonymous_1)
FNDA:32,(anonymous_2)
FNDA:26,(anonymous_3)
DA:2,8
DA:3,8
DA:5,8
DA:7,104
DA:9,27
DA:10,32
DA:11,27
DA:13,26
DA:15,27
DA:16,5
DA:17,5
DA:19,22
DA:22,8
LF:13
LH:13
BRDA:10,0,0,1
BRDA:10,0,1,26
BRDA:10,1,0,27
BRDA:10,1,1,27
BRDA:10,2,0,1
BRDA:10,2,1,26
BRDA:10,3,0,27
BRDA:10,3,1,27
BRDA:11,4,0,27
BRDA:11,4,1,26
BRDA:13,5,0,0
BRDA:13,5,1,26
BRDA:13,6,0,26
BRDA:13,6,1,26
BRDA:15,7,0,5
BRDA:15,7,1,22
BRF:16
BRH:15
end_of_record
TN:
SF:dist\middlewares\checkRoles.js
FN:6,checkRoles
FN:7,(anonymous_1)
FNF:2
FNH:2
FNDA:96,checkRoles
FNDA:26,(anonymous_1)
DA:2,8
DA:3,8
DA:5,8
DA:7,96
DA:8,26
DA:9,26
DA:10,26
DA:11,26
DA:12,0
DA:13,0
DA:15,26
DA:18,8
LF:12
LH:10
BRDA:9,0,0,0
BRDA:9,0,1,26
BRDA:9,1,0,26
BRDA:9,1,1,26
BRDA:10,2,0,26
BRDA:10,2,1,26
BRDA:11,3,0,0
BRDA:11,3,1,26
BRF:8
BRH:6
end_of_record
TN:
SF:dist\middlewares\error.js
FN:6,errorLoggingMiddleware
FNF:1
FNH:1
FNDA:15,errorLoggingMiddleware
DA:2,8
DA:3,8
DA:5,8
DA:7,15
DA:8,15
DA:11,0
DA:14,8
LF:7
LH:6
BRDA:7,0,0,15
BRDA:7,0,1,0
BRF:2
BRH:1
end_of_record
TN:
SF:dist\middlewares\logging.js
FN:4,loggingMiddleware
FN:8,(anonymous_1)
FNF:2
FNH:2
FNDA:87,loggingMiddleware
FNDA:87,(anonymous_1)
DA:2,8
DA:3,8
DA:5,87
DA:6,87
DA:7,87
DA:8,87
DA:9,87
DA:11,87
DA:13,8
LF:9
LH:9
BRF:0
BRH:0
end_of_record
TN:
SF:dist\middlewares\paramsValidate.js
FN:2,(anonymous_0)
FN:3,adopt
FN:3,(anonymous_2)
FN:4,(anonymous_3)
FN:5,fulfilled
FN:6,rejected
FN:7,step
FN:11,(anonymous_7)
FN:19,validateParams
FN:20,(anonymous_9)
FNF:10
FNH:6
FNDA:22,(anonymous_0)
FNDA:0,adopt
FNDA:0,(anonymous_2)
FNDA:22,(anonymous_3)
FNDA:0,fulfilled
FNDA:0,rejected
FNDA:22,step
FNDA:8,(anonymous_7)
FNDA:22,validateParams
FNDA:22,(anonymous_9)
DA:2,8
DA:3,0
DA:4,22
DA:5,0
DA:6,0
DA:7,22
DA:8,22
DA:11,8
DA:12,8
DA:14,8
DA:15,8
DA:16,8
DA:18,8
DA:20,22
DA:21,22
DA:22,22
DA:23,22
DA:24,22
DA:25,22
DA:26,22
DA:27,5
DA:28,5
DA:34,17
DA:37,0
DA:41,8
LF:25
LH:21
BRDA:2,0,0,8
BRDA:2,0,1,8
BRDA:2,0,2,8
BRDA:3,1,0,0
BRDA:3,1,1,0
BRDA:4,2,0,22
BRDA:4,2,1,22
BRDA:7,3,0,22
BRDA:7,3,1,0
BRDA:8,4,0,22
BRDA:8,4,1,22
BRDA:11,5,0,8
BRDA:11,5,1,8
BRDA:11,5,2,8
BRDA:12,6,0,0
BRDA:12,6,1,8
BRDA:12,7,0,8
BRDA:12,7,1,8
BRDA:24,8,0,22
BRDA:24,8,1,0
BRDA:26,9,0,5
BRDA:26,9,1,17
BRF:22
BRH:17
end_of_record
TN:
SF:dist\middlewares\routeNotFound.js
FN:6,routeNotFound
FNF:1
FNH:1
FNDA:3,routeNotFound
DA:2,8
DA:3,8
DA:5,8
DA:7,3
DA:8,3
DA:10,8
LF:6
LH:6
BRF:0
BRH:0
end_of_record
TN:
SF:dist\middlewares\schemaValidate.js
FN:2,(anonymous_0)
FN:3,adopt
FN:3,(anonymous_2)
FN:4,(anonymous_3)
FN:5,fulfilled
FN:6,rejected
FN:7,step
FN:14,(anonymous_7)
FN:15,(anonymous_8)
FN:15,(anonymous_9)
FN:23,(anonymous_10)
FN:24,(anonymous_11)
FNF:12
FNH:11
FNDA:33,(anonymous_0)
FNDA:33,adopt
FNDA:0,(anonymous_2)
FNDA:33,(anonymous_3)
FNDA:26,fulfilled
FNDA:7,rejected
FNDA:66,step
FNDA:104,(anonymous_7)
FNDA:33,(anonymous_8)
FNDA:33,(anonymous_9)
FNDA:26,(anonymous_10)
FNDA:26,(anonymous_11)
DA:2,8
DA:3,33
DA:4,33
DA:5,26
DA:6,7
DA:7,66
DA:8,33
DA:11,8
DA:12,8
DA:13,8
DA:14,8
DA:15,104
DA:16,33
DA:17,33
DA:18,26
DA:21,7
DA:22,7
DA:23,26
DA:24,26
DA:30,7
DA:33,0
DA:37,8
LF:22
LH:21
BRDA:2,0,0,8
BRDA:2,0,1,8
BRDA:2,0,2,8
BRDA:3,1,0,33
BRDA:3,1,1,0
BRDA:4,2,0,33
BRDA:4,2,1,33
BRDA:7,3,0,33
BRDA:7,3,1,33
BRDA:8,4,0,33
BRDA:8,4,1,33
BRDA:21,5,0,7
BRDA:21,5,1,0
BRF:13
BRH:11
end_of_record
TN:
SF:dist\models\Cart.js
FN:2,(anonymous_0)
FNF:1
FNH:1
FNDA:9,(anonymous_0)
DA:2,9
DA:3,9
DA:5,9
DA:6,9
DA:7,9
DA:8,9
DA:9,9
DA:15,9
LF:8
LH:8
BRDA:2,0,0,9
BRDA:2,0,1,9
BRDA:2,0,2,9
BRDA:3,1,0,0
BRDA:3,1,1,9
BRDA:3,2,0,9
BRDA:3,2,1,9
BRF:7
BRH:6
end_of_record
TN:
SF:dist\models\Category.js
FN:2,(anonymous_0)
FNF:1
FNH:1
FNDA:10,(anonymous_0)
DA:2,10
DA:3,10
DA:5,10
DA:6,10
DA:7,10
DA:8,10
DA:9,10
DA:10,10
DA:15,10
LF:9
LH:9
BRDA:2,0,0,10
BRDA:2,0,1,10
BRDA:2,0,2,10
BRDA:3,1,0,0
BRDA:3,1,1,10
BRDA:3,2,0,10
BRDA:3,2,1,10
BRF:7
BRH:6
end_of_record
TN:
SF:dist\models\Order.js
FN:2,(anonymous_0)
FNF:1
FNH:1
FNDA:9,(anonymous_0)
DA:2,9
DA:3,9
DA:5,9
DA:6,9
DA:7,9
DA:8,9
DA:10,9
DA:11,9
DA:53,9
LF:9
LH:9
BRDA:2,0,0,9
BRDA:2,0,1,9
BRDA:2,0,2,9
BRDA:3,1,0,0
BRDA:3,1,1,9
BRDA:3,2,0,9
BRDA:3,2,1,9
BRF:7
BRH:6
end_of_record
TN:
SF:dist\models\Product.js
FN:2,(anonymous_0)
FNF:1
FNH:1
FNDA:12,(anonymous_0)
DA:2,12
DA:3,12
DA:5,12
DA:6,12
DA:7,12
DA:8,12
DA:9,12
DA:23,12
LF:8
LH:8
BRDA:2,0,0,12
BRDA:2,0,1,12
BRDA:2,0,2,12
BRDA:3,1,0,0
BRDA:3,1,1,12
BRDA:3,2,0,12
BRDA:3,2,1,12
BRF:7
BRH:6
end_of_record
TN:
SF:dist\models\Size.js
FN:2,(anonymous_0)
FNF:1
FNH:1
FNDA:9,(anonymous_0)
DA:2,9
DA:3,9
DA:5,9
DA:6,9
DA:7,9
DA:8,9
DA:9,9
DA:12,9
LF:8
LH:8
BRDA:2,0,0,9
BRDA:2,0,1,9
BRDA:2,0,2,9
BRDA:3,1,0,0
BRDA:3,1,1,9
BRDA:3,2,0,9
BRDA:3,2,1,9
BRF:7
BRH:6
end_of_record
TN:
SF:dist\models\User.js
FN:2,(anonymous_0)
FN:6,(anonymous_1)
FN:9,(anonymous_2)
FN:13,(anonymous_3)
FN:15,(anonymous_4)
FN:18,(anonymous_5)
FNF:6
FNH:4
FNDA:520,(anonymous_0)
FNDA:10,(anonymous_1)
FNDA:0,(anonymous_2)
FNDA:10,(anonymous_3)
FNDA:0,(anonymous_4)
FNDA:10,(anonymous_5)
DA:2,10
DA:3,520
DA:4,520
DA:5,520
DA:6,510
DA:8,520
DA:10,0
DA:11,0
DA:13,10
DA:14,10
DA:16,0
DA:18,10
DA:19,10
DA:20,10
DA:21,600
DA:22,10
DA:23,10
DA:25,10
DA:26,10
DA:27,10
DA:28,10
DA:29,10
DA:44,10
LF:23
LH:20
BRDA:2,0,0,10
BRDA:2,0,1,10
BRDA:2,0,2,10
BRDA:2,1,0,10
BRDA:2,1,1,0
BRDA:3,2,0,520
BRDA:3,2,1,0
BRDA:5,3,0,510
BRDA:5,3,1,10
BRDA:5,4,0,520
BRDA:5,4,1,520
BRDA:5,5,0,0
BRDA:5,5,1,520
BRDA:5,6,0,520
BRDA:5,6,1,10
BRDA:10,7,0,0
BRDA:10,7,1,0
BRDA:13,8,0,10
BRDA:13,8,1,10
BRDA:13,8,2,10
BRDA:13,9,0,10
BRDA:13,9,1,0
BRDA:18,10,0,10
BRDA:18,10,1,10
BRDA:18,10,2,10
BRDA:19,11,0,0
BRDA:19,11,1,10
BRDA:19,12,0,10
BRDA:19,12,1,10
BRDA:21,13,0,10
BRDA:21,13,1,0
BRDA:21,14,0,520
BRDA:21,14,1,80
BRDA:21,15,0,600
BRDA:21,15,1,590
BRF:35
BRH:27
end_of_record
TN:
SF:dist\models\order-product.js
FN:2,(anonymous_0)
FNF:1
FNH:1
FNDA:9,(anonymous_0)
DA:2,9
DA:3,9
DA:5,9
DA:6,9
DA:7,9
DA:8,9
DA:9,9
DA:20,9
LF:8
LH:8
BRDA:2,0,0,9
BRDA:2,0,1,9
BRDA:2,0,2,9
BRDA:3,1,0,0
BRDA:3,1,1,9
BRDA:3,2,0,9
BRDA:3,2,1,9
BRF:7
BRH:6
end_of_record
TN:
SF:dist\models\permission.js
FN:2,(anonymous_0)
FN:6,(anonymous_1)
FN:9,(anonymous_2)
FN:13,(anonymous_3)
FN:15,(anonymous_4)
FN:18,(anonymous_5)
FNF:6
FNH:4
FNDA:520,(anonymous_0)
FNDA:10,(anonymous_1)
FNDA:0,(anonymous_2)
FNDA:10,(anonymous_3)
FNDA:0,(anonymous_4)
FNDA:10,(anonymous_5)
DA:2,10
DA:3,520
DA:4,520
DA:5,520
DA:6,510
DA:8,520
DA:10,0
DA:11,0
DA:13,10
DA:14,10
DA:16,0
DA:18,10
DA:19,10
DA:20,10
DA:21,600
DA:22,10
DA:23,10
DA:25,10
DA:26,10
DA:27,10
DA:28,10
DA:32,10
LF:22
LH:19
BRDA:2,0,0,10
BRDA:2,0,1,10
BRDA:2,0,2,10
BRDA:2,1,0,10
BRDA:2,1,1,0
BRDA:3,2,0,520
BRDA:3,2,1,0
BRDA:5,3,0,510
BRDA:5,3,1,10
BRDA:5,4,0,520
BRDA:5,4,1,520
BRDA:5,5,0,0
BRDA:5,5,1,520
BRDA:5,6,0,520
BRDA:5,6,1,10
BRDA:10,7,0,0
BRDA:10,7,1,0
BRDA:13,8,0,10
BRDA:13,8,1,10
BRDA:13,8,2,10
BRDA:13,9,0,10
BRDA:13,9,1,0
BRDA:18,10,0,10
BRDA:18,10,1,10
BRDA:18,10,2,10
BRDA:19,11,0,0
BRDA:19,11,1,10
BRDA:19,12,0,10
BRDA:19,12,1,10
BRDA:21,13,0,10
BRDA:21,13,1,0
BRDA:21,14,0,520
BRDA:21,14,1,80
BRDA:21,15,0,600
BRDA:21,15,1,590
BRF:35
BRH:27
end_of_record
TN:
SF:dist\models\token.js
FN:2,(anonymous_0)
FN:6,(anonymous_1)
FN:9,(anonymous_2)
FN:13,(anonymous_3)
FN:15,(anonymous_4)
FN:18,(anonymous_5)
FNF:6
FNH:4
FNDA:520,(anonymous_0)
FNDA:10,(anonymous_1)
FNDA:0,(anonymous_2)
FNDA:10,(anonymous_3)
FNDA:0,(anonymous_4)
FNDA:10,(anonymous_5)
DA:2,10
DA:3,520
DA:4,520
DA:5,520
DA:6,510
DA:8,520
DA:10,0
DA:11,0
DA:13,10
DA:14,10
DA:16,0
DA:18,10
DA:19,10
DA:20,10
DA:21,600
DA:22,10
DA:23,10
DA:25,10
DA:26,10
DA:27,10
DA:28,10
DA:31,10
LF:22
LH:19
BRDA:2,0,0,10
BRDA:2,0,1,10
BRDA:2,0,2,10
BRDA:2,1,0,10
BRDA:2,1,1,0
BRDA:3,2,0,520
BRDA:3,2,1,0
BRDA:5,3,0,510
BRDA:5,3,1,10
BRDA:5,4,0,520
BRDA:5,4,1,520
BRDA:5,5,0,0
BRDA:5,5,1,520
BRDA:5,6,0,520
BRDA:5,6,1,10
BRDA:10,7,0,0
BRDA:10,7,1,0
BRDA:13,8,0,10
BRDA:13,8,1,10
BRDA:13,8,2,10
BRDA:13,9,0,10
BRDA:13,9,1,0
BRDA:18,10,0,10
BRDA:18,10,1,10
BRDA:18,10,2,10
BRDA:19,11,0,0
BRDA:19,11,1,10
BRDA:19,12,0,10
BRDA:19,12,1,10
BRDA:21,13,0,10
BRDA:21,13,1,0
BRDA:21,14,0,520
BRDA:21,14,1,80
BRDA:21,15,0,600
BRDA:21,15,1,590
BRF:35
BRH:27
end_of_record
TN:
SF:dist\routes\authRoute.js
FN:2,(anonymous_0)
FNF:1
FNH:1
FNDA:8,(anonymous_0)
DA:2,8
DA:3,8
DA:5,8
DA:6,8
DA:8,8
DA:10,8
DA:11,8
DA:13,8
DA:14,8
DA:15,8
DA:17,8
DA:18,8
DA:19,8
DA:20,8
LF:14
LH:14
BRDA:2,0,0,8
BRDA:2,0,1,8
BRDA:2,0,2,8
BRDA:3,1,0,0
BRDA:3,1,1,8
BRDA:3,2,0,8
BRDA:3,2,1,8
BRF:7
BRH:6
end_of_record
TN:
SF:dist\routes\cartRoute.js
FN:2,(anonymous_0)
FNF:1
FNH:1
FNDA:8,(anonymous_0)
DA:2,8
DA:3,8
DA:5,8
DA:6,8
DA:8,8
DA:10,8
DA:11,8
DA:12,8
DA:13,8
DA:15,8
DA:17,8
DA:18,8
DA:19,8
DA:20,8
LF:14
LH:14
BRDA:2,0,0,8
BRDA:2,0,1,8
BRDA:2,0,2,8
BRDA:3,1,0,0
BRDA:3,1,1,8
BRDA:3,2,0,8
BRDA:3,2,1,8
BRF:7
BRH:6
end_of_record
TN:
SF:dist\routes\categoriesRoute.js
FN:2,(anonymous_0)
FNF:1
FNH:1
FNDA:8,(anonymous_0)
DA:2,8
DA:3,8
DA:5,8
DA:6,8
DA:8,8
DA:10,8
DA:12,8
DA:13,8
DA:14,8
DA:15,8
DA:16,8
DA:17,8
DA:18,8
DA:20,8
DA:21,8
DA:22,8
DA:23,8
DA:24,8
DA:25,8
DA:26,8
LF:20
LH:20
BRDA:2,0,0,8
BRDA:2,0,1,8
BRDA:2,0,2,8
BRDA:3,1,0,0
BRDA:3,1,1,8
BRDA:3,2,0,8
BRDA:3,2,1,8
BRF:7
BRH:6
end_of_record
TN:
SF:dist\routes\orderRoute.js
FN:2,(anonymous_0)
FNF:1
FNH:1
FNDA:8,(anonymous_0)
DA:2,8
DA:3,8
DA:5,8
DA:6,8
DA:7,8
DA:8,8
DA:9,8
DA:10,8
DA:11,8
DA:12,8
DA:13,8
DA:14,8
DA:15,8
DA:16,8
LF:14
LH:14
BRDA:2,0,0,8
BRDA:2,0,1,8
BRDA:2,0,2,8
BRDA:3,1,0,0
BRDA:3,1,1,8
BRDA:3,2,0,8
BRDA:3,2,1,8
BRF:7
BRH:6
end_of_record
TN:
SF:dist\routes\productsRoute.js
FN:2,(anonymous_0)
FNF:1
FNH:1
FNDA:8,(anonymous_0)
DA:2,8
DA:3,8
DA:5,8
DA:6,8
DA:8,8
DA:10,8
DA:11,8
DA:12,8
DA:13,8
DA:14,8
DA:15,8
DA:16,8
DA:18,8
DA:20,8
DA:21,8
DA:22,8
DA:23,8
DA:24,8
DA:25,8
DA:26,8
LF:20
LH:20
BRDA:2,0,0,8
BRDA:2,0,1,8
BRDA:2,0,2,8
BRDA:3,1,0,0
BRDA:3,1,1,8
BRDA:3,2,0,8
BRDA:3,2,1,8
BRF:7
BRH:6
end_of_record
TN:
SF:dist\routes\sizesRoute.js
FN:2,(anonymous_0)
FNF:1
FNH:1
FNDA:8,(anonymous_0)
DA:2,8
DA:3,8
DA:5,8
DA:6,8
DA:8,8
DA:10,8
DA:12,8
DA:13,8
DA:14,8
DA:15,8
DA:16,8
DA:17,8
DA:18,8
DA:20,8
DA:21,8
DA:22,8
DA:23,8
DA:24,8
DA:25,8
LF:19
LH:19
BRDA:2,0,0,8
BRDA:2,0,1,8
BRDA:2,0,2,8
BRDA:3,1,0,0
BRDA:3,1,1,8
BRDA:3,2,0,8
BRDA:3,2,1,8
BRF:7
BRH:6
end_of_record
TN:
SF:dist\routes\usersRoute.js
FN:2,(anonymous_0)
FNF:1
FNH:1
FNDA:8,(anonymous_0)
DA:2,8
DA:3,8
DA:5,8
DA:6,8
DA:8,8
DA:10,8
DA:11,8
DA:13,8
DA:14,8
DA:15,8
DA:16,8
DA:17,8
DA:18,8
DA:19,8
DA:22,8
DA:23,8
DA:28,8
DA:33,8
DA:38,8
DA:43,8
DA:48,8
DA:53,8
LF:22
LH:22
BRDA:2,0,0,8
BRDA:2,0,1,8
BRDA:2,0,2,8
BRDA:3,1,0,0
BRDA:3,1,1,8
BRDA:3,2,0,8
BRDA:3,2,1,8
BRF:7
BRH:6
end_of_record
TN:
SF:dist\schemas\authSchema.js
FNF:0
FNH:0
DA:2,8
DA:3,8
DA:4,8
DA:5,8
LF:4
LH:4
BRF:0
BRH:0
end_of_record
TN:
SF:dist\schemas\cartSchema.js
FNF:0
FNH:0
DA:2,8
DA:3,8
DA:4,8
DA:5,8
DA:21,8
LF:5
LH:5
BRF:0
BRH:0
end_of_record
TN:
SF:dist\schemas\categorySchemas.js
FNF:0
FNH:0
DA:2,8
DA:3,8
DA:4,8
DA:6,8
LF:4
LH:4
BRF:0
BRH:0
end_of_record
TN:
SF:dist\schemas\orderBodySchema.js
FNF:0
FNH:0
DA:2,8
DA:3,8
DA:4,8
DA:5,8
DA:6,8
LF:5
LH:5
BRF:0
BRH:0
end_of_record
TN:
SF:dist\schemas\permissionSchema.js
FNF:0
FNH:0
DA:2,8
DA:3,8
DA:4,8
DA:5,8
LF:4
LH:4
BRF:0
BRH:0
end_of_record
TN:
SF:dist\schemas\productSchema.js
FN:2,(anonymous_0)
FN:25,(anonymous_1)
FNF:2
FNH:2
FNDA:8,(anonymous_0)
FNDA:6,(anonymous_1)
DA:2,8
DA:3,8
DA:5,8
DA:6,8
DA:7,8
DA:8,8
DA:9,8
DA:25,6
DA:36,8
LF:9
LH:9
BRDA:2,0,0,8
BRDA:2,0,1,8
BRDA:2,0,2,8
BRDA:3,1,0,0
BRDA:3,1,1,8
BRDA:3,2,0,8
BRDA:3,2,1,8
BRF:7
BRH:6
end_of_record
TN:
SF:dist\schemas\sizeSchema.js
FNF:0
FNH:0
DA:2,8
DA:3,8
DA:4,8
DA:6,8
LF:4
LH:4
BRF:0
BRH:0
end_of_record
TN:
SF:dist\schemas\userSchemas.js
FNF:0
FNH:0
DA:2,8
DA:3,8
DA:4,8
DA:5,8
DA:6,8
LF:5
LH:5
BRF:0
BRH:0
end_of_record
TN:
SF:dist\services\authService.js
FN:2,(anonymous_0)
FN:3,adopt
FN:3,(anonymous_2)
FN:4,(anonymous_3)
FN:5,fulfilled
FN:6,rejected
FN:7,step
FN:11,(anonymous_7)
FN:21,(anonymous_8)
FN:21,(anonymous_9)
FN:32,(anonymous_10)
FN:32,(anonymous_11)
FN:42,saveRefreshToken
FN:43,(anonymous_13)
FN:49,(anonymous_14)
FNF:15
FNH:13
FNDA:52,(anonymous_0)
FNDA:4,adopt
FNDA:0,(anonymous_2)
FNDA:52,(anonymous_3)
FNDA:4,fulfilled
FNDA:0,rejected
FNDA:56,step
FNDA:10,(anonymous_7)
FNDA:43,(anonymous_8)
FNDA:43,(anonymous_9)
FNDA:5,(anonymous_10)
FNDA:5,(anonymous_11)
FNDA:4,saveRefreshToken
FNDA:4,(anonymous_13)
FNDA:44,(anonymous_14)
DA:2,10
DA:3,4
DA:4,52
DA:5,4
DA:6,0
DA:7,56
DA:8,52
DA:11,10
DA:12,10
DA:14,10
DA:15,10
DA:17,10
DA:19,10
DA:21,43
DA:22,43
DA:28,43
DA:29,43
DA:32,10
DA:33,5
DA:39,5
DA:43,4
DA:44,4
DA:45,4
DA:49,10
DA:50,44
DA:51,44
DA:54,0
DA:57,10
LF:28
LH:26
BRDA:2,0,0,10
BRDA:2,0,1,10
BRDA:2,0,2,10
BRDA:3,1,0,4
BRDA:3,1,1,0
BRDA:4,2,0,52
BRDA:4,2,1,52
BRDA:7,3,0,52
BRDA:7,3,1,4
BRDA:8,4,0,52
BRDA:8,4,1,52
BRDA:11,5,0,10
BRDA:11,5,1,10
BRDA:11,5,2,10
BRDA:12,6,0,0
BRDA:12,6,1,10
BRDA:12,7,0,10
BRDA:12,7,1,10
BRF:18
BRH:16
end_of_record
TN:
SF:dist\services\cartService.js
FN:2,(anonymous_0)
FN:3,adopt
FN:3,(anonymous_2)
FN:4,(anonymous_3)
FN:5,fulfilled
FN:6,rejected
FN:7,step
FN:14,findAll
FN:15,(anonymous_8)
FN:19,findCartItemByProductIdUserId
FN:20,(anonymous_10)
FN:28,findSingleCart
FN:29,(anonymous_12)
FN:33,findCartItemsByUserId
FN:34,(anonymous_14)
FN:38,findCartItemsByUserIdAndItemIds
FN:39,(anonymous_16)
FN:45,addToCart
FN:46,(anonymous_18)
FN:51,updateCartQuantity
FN:52,(anonymous_20)
FN:58,deleteCartById
FN:59,(anonymous_22)
FN:63,deleteCartItemsByUserIdAndItemIds
FN:64,(anonymous_24)
FNF:25
FNH:24
FNDA:20,(anonymous_0)
FNDA:20,adopt
FNDA:15,(anonymous_2)
FNDA:20,(anonymous_3)
FNDA:20,fulfilled
FNDA:0,rejected
FNDA:40,step
FNDA:1,findAll
FNDA:1,(anonymous_8)
FNDA:3,findCartItemByProductIdUserId
FNDA:3,(anonymous_10)
FNDA:2,findSingleCart
FNDA:2,(anonymous_12)
FNDA:2,findCartItemsByUserId
FNDA:2,(anonymous_14)
FNDA:2,findCartItemsByUserIdAndItemIds
FNDA:2,(anonymous_16)
FNDA:5,addToCart
FNDA:5,(anonymous_18)
FNDA:2,updateCartQuantity
FNDA:2,(anonymous_20)
FNDA:1,deleteCartById
FNDA:1,(anonymous_22)
FNDA:2,deleteCartItemsByUserIdAndItemIds
FNDA:2,(anonymous_24)
DA:2,9
DA:3,20
DA:4,20
DA:5,20
DA:6,0
DA:7,40
DA:8,20
DA:11,9
DA:13,9
DA:15,1
DA:16,1
DA:20,3
DA:21,3
DA:25,3
DA:29,2
DA:30,2
DA:34,2
DA:35,2
DA:39,2
DA:40,2
DA:46,5
DA:47,5
DA:48,5
DA:52,2
DA:53,2
DA:59,1
DA:60,1
DA:64,2
DA:65,2
DA:68,9
LF:30
LH:29
BRDA:2,0,0,9
BRDA:2,0,1,9
BRDA:2,0,2,9
BRDA:3,1,0,5
BRDA:3,1,1,15
BRDA:4,2,0,20
BRDA:4,2,1,20
BRDA:7,3,0,20
BRDA:7,3,1,20
BRDA:8,4,0,20
BRDA:8,4,1,20
BRF:11
BRH:11
end_of_record
TN:
SF:dist\services\categoryService.js
FN:2,(anonymous_0)
FN:3,adopt
FN:3,(anonymous_2)
FN:4,(anonymous_3)
FN:5,fulfilled
FN:6,rejected
FN:7,step
FN:15,findAll
FN:16,(anonymous_8)
FN:20,findOne
FN:21,(anonymous_10)
FN:26,createOne
FN:27,(anonymous_12)
FN:32,updateCategory
FN:33,(anonymous_14)
FN:40,deleteCategory
FN:41,(anonymous_16)
FN:46,(anonymous_17)
FN:46,(anonymous_18)
FNF:19
FNH:18
FNDA:28,(anonymous_0)
FNDA:26,adopt
FNDA:12,(anonymous_2)
FNDA:28,(anonymous_3)
FNDA:26,fulfilled
FNDA:0,rejected
FNDA:54,step
FNDA:6,findAll
FNDA:6,(anonymous_8)
FNDA:6,findOne
FNDA:6,(anonymous_10)
FNDA:8,createOne
FNDA:8,(anonymous_12)
FNDA:3,updateCategory
FNDA:3,(anonymous_14)
FNDA:3,deleteCategory
FNDA:3,(anonymous_16)
FNDA:2,(anonymous_17)
FNDA:2,(anonymous_18)
DA:2,10
DA:3,26
DA:4,28
DA:5,26
DA:6,0
DA:7,54
DA:8,28
DA:11,10
DA:13,10
DA:14,10
DA:16,6
DA:17,6
DA:21,6
DA:22,6
DA:23,6
DA:27,8
DA:28,8
DA:29,8
DA:33,3
DA:34,3
DA:37,3
DA:41,3
DA:42,3
DA:43,3
DA:46,10
DA:47,2
DA:54,10
LF:27
LH:26
BRDA:2,0,0,10
BRDA:2,0,1,10
BRDA:2,0,2,10
BRDA:3,1,0,14
BRDA:3,1,1,12
BRDA:4,2,0,28
BRDA:4,2,1,28
BRDA:7,3,0,28
BRDA:7,3,1,26
BRDA:8,4,0,28
BRDA:8,4,1,28
BRF:11
BRH:11
end_of_record
TN:
SF:dist\services\orderService.js
FN:2,(anonymous_0)
FN:3,adopt
FN:3,(anonymous_2)
FN:4,(anonymous_3)
FN:5,fulfilled
FN:6,rejected
FN:7,step
FN:16,findAll
FN:17,(anonymous_8)
FN:42,findById
FN:43,(anonymous_10)
FN:64,createOne
FN:65,(anonymous_12)
FN:77,filterOrderByStatus
FN:78,(anonymous_14)
FN:105,createOrderProduct
FN:106,(anonymous_16)
FNF:17
FNH:14
FNDA:11,(anonymous_0)
FNDA:11,adopt
FNDA:9,(anonymous_2)
FNDA:11,(anonymous_3)
FNDA:11,fulfilled
FNDA:0,rejected
FNDA:22,step
FNDA:4,findAll
FNDA:4,(anonymous_8)
FNDA:4,findById
FNDA:4,(anonymous_10)
FNDA:2,createOne
FNDA:2,(anonymous_12)
FNDA:1,filterOrderByStatus
FNDA:1,(anonymous_14)
FNDA:0,createOrderProduct
FNDA:0,(anonymous_16)
DA:2,9
DA:3,11
DA:4,11
DA:5,11
DA:6,0
DA:7,22
DA:8,11
DA:11,9
DA:13,9
DA:14,9
DA:17,4
DA:18,4
DA:43,4
DA:44,4
DA:65,2
DA:66,2
DA:73,2
DA:74,2
DA:78,1
DA:79,1
DA:102,1
DA:106,0
DA:107,0
DA:117,0
DA:118,0
DA:121,9
LF:26
LH:21
BRDA:2,0,0,9
BRDA:2,0,1,9
BRDA:2,0,2,9
BRDA:3,1,0,2
BRDA:3,1,1,9
BRDA:4,2,0,11
BRDA:4,2,1,11
BRDA:7,3,0,11
BRDA:7,3,1,11
BRDA:8,4,0,11
BRDA:8,4,1,11
BRF:11
BRH:11
end_of_record
TN:
SF:dist\services\productService.js
FN:2,(anonymous_0)
FN:3,adopt
FN:3,(anonymous_2)
FN:4,(anonymous_3)
FN:5,fulfilled
FN:6,rejected
FN:7,step
FN:14,findAll
FN:15,(anonymous_8)
FN:30,findById
FN:31,(anonymous_10)
FN:35,createOne
FN:36,(anonymous_12)
FN:41,updateProduct
FN:42,(anonymous_14)
FN:49,deleteProduct
FN:50,(anonymous_16)
FN:54,searchProduct
FN:55,(anonymous_18)
FNF:19
FNH:18
FNDA:36,(anonymous_0)
FNDA:36,adopt
FNDA:23,(anonymous_2)
FNDA:36,(anonymous_3)
FNDA:36,fulfilled
FNDA:0,rejected
FNDA:72,step
FNDA:4,findAll
FNDA:4,(anonymous_8)
FNDA:11,findById
FNDA:11,(anonymous_10)
FNDA:13,createOne
FNDA:13,(anonymous_12)
FNDA:3,updateProduct
FNDA:3,(anonymous_14)
FNDA:3,deleteProduct
FNDA:3,(anonymous_16)
FNDA:2,searchProduct
FNDA:2,(anonymous_18)
DA:2,11
DA:3,36
DA:4,36
DA:5,36
DA:6,0
DA:7,72
DA:8,36
DA:11,11
DA:13,11
DA:15,4
DA:16,4
DA:17,4
DA:18,0
DA:20,4
DA:21,4
DA:27,4
DA:31,11
DA:32,11
DA:36,13
DA:37,13
DA:38,13
DA:42,3
DA:43,3
DA:46,3
DA:50,3
DA:51,3
DA:55,2
DA:56,2
DA:64,2
DA:67,11
LF:30
LH:28
BRDA:2,0,0,11
BRDA:2,0,1,11
BRDA:2,0,2,11
BRDA:3,1,0,13
BRDA:3,1,1,23
BRDA:4,2,0,36
BRDA:4,2,1,36
BRDA:7,3,0,36
BRDA:7,3,1,36
BRDA:8,4,0,36
BRDA:8,4,1,36
BRDA:17,5,0,0
BRDA:17,5,1,4
BRF:13
BRH:12
end_of_record
TN:
SF:dist\services\sizeService.js
FN:2,(anonymous_0)
FN:3,adopt
FN:3,(anonymous_2)
FN:4,(anonymous_3)
FN:5,fulfilled
FN:6,rejected
FN:7,step
FN:14,findAll
FN:15,(anonymous_8)
FN:19,findOne
FN:20,(anonymous_10)
FN:24,createOne
FN:25,(anonymous_12)
FN:30,updateSize
FN:31,(anonymous_14)
FN:37,deleteSize
FN:38,(anonymous_16)
FNF:17
FNH:16
FNDA:9,(anonymous_0)
FNDA:9,adopt
FNDA:8,(anonymous_2)
FNDA:9,(anonymous_3)
FNDA:9,fulfilled
FNDA:0,rejected
FNDA:18,step
FNDA:5,findAll
FNDA:5,(anonymous_8)
FNDA:1,findOne
FNDA:1,(anonymous_10)
FNDA:1,createOne
FNDA:1,(anonymous_12)
FNDA:1,updateSize
FNDA:1,(anonymous_14)
FNDA:1,deleteSize
FNDA:1,(anonymous_16)
DA:2,9
DA:3,9
DA:4,9
DA:5,9
DA:6,0
DA:7,18
DA:8,9
DA:11,9
DA:13,9
DA:15,5
DA:16,5
DA:20,1
DA:21,1
DA:25,1
DA:26,1
DA:27,1
DA:31,1
DA:32,1
DA:38,1
DA:39,1
DA:42,9
LF:21
LH:20
BRDA:2,0,0,9
BRDA:2,0,1,9
BRDA:2,0,2,9
BRDA:3,1,0,1
BRDA:3,1,1,8
BRDA:4,2,0,9
BRDA:4,2,1,9
BRDA:7,3,0,9
BRDA:7,3,1,9
BRDA:8,4,0,9
BRDA:8,4,1,9
BRF:11
BRH:11
end_of_record
TN:
SF:dist\services\userService.js
FN:2,(anonymous_0)
FN:3,adopt
FN:3,(anonymous_2)
FN:4,(anonymous_3)
FN:5,fulfilled
FN:6,rejected
FN:7,step
FN:15,findAllUser
FN:16,(anonymous_8)
FN:26,findById
FN:27,(anonymous_10)
FN:31,findByEmail
FN:32,(anonymous_12)
FN:36,createUser
FN:37,(anonymous_14)
FN:42,deleteUser
FN:43,(anonymous_16)
FN:47,updateUserInfo
FN:48,(anonymous_18)
FN:54,createPermission
FN:55,(anonymous_20)
FN:60,findAllPermissions
FN:61,(anonymous_22)
FNF:23
FNH:20
FNDA:24,(anonymous_0)
FNDA:24,adopt
FNDA:18,(anonymous_2)
FNDA:24,(anonymous_3)
FNDA:24,fulfilled
FNDA:0,rejected
FNDA:48,step
FNDA:5,findAllUser
FNDA:5,(anonymous_8)
FNDA:2,findById
FNDA:2,(anonymous_10)
FNDA:8,findByEmail
FNDA:8,(anonymous_12)
FNDA:5,createUser
FNDA:5,(anonymous_14)
FNDA:2,deleteUser
FNDA:2,(anonymous_16)
FNDA:1,updateUserInfo
FNDA:1,(anonymous_18)
FNDA:1,createPermission
FNDA:1,(anonymous_20)
FNDA:0,findAllPermissions
FNDA:0,(anonymous_22)
DA:2,10
DA:3,24
DA:4,24
DA:5,24
DA:6,0
DA:7,48
DA:8,24
DA:11,10
DA:13,10
DA:14,10
DA:16,5
DA:17,5
DA:27,2
DA:28,2
DA:32,8
DA:33,8
DA:37,5
DA:38,5
DA:39,5
DA:43,2
DA:44,2
DA:48,1
DA:49,1
DA:55,1
DA:56,1
DA:57,1
DA:61,0
DA:62,0
DA:65,10
LF:29
LH:26
BRDA:2,0,0,10
BRDA:2,0,1,10
BRDA:2,0,2,10
BRDA:3,1,0,6
BRDA:3,1,1,18
BRDA:4,2,0,24
BRDA:4,2,1,24
BRDA:7,3,0,24
BRDA:7,3,1,24
BRDA:8,4,0,24
BRDA:8,4,1,24
BRF:11
BRH:11
end_of_record
TN:
SF:dist\test\db-server.js
FN:2,(anonymous_0)
FN:3,adopt
FN:3,(anonymous_2)
FN:4,(anonymous_3)
FN:5,fulfilled
FN:6,rejected
FN:7,step
FN:11,(anonymous_7)
FN:17,(anonymous_8)
FN:22,connect
FN:23,(anonymous_10)
FN:28,(anonymous_11)
FN:28,(anonymous_12)
FN:33,(anonymous_13)
FN:33,(anonymous_14)
FNF:15
FNH:13
FNDA:54,(anonymous_0)
FNDA:110,adopt
FNDA:0,(anonymous_2)
FNDA:54,(anonymous_3)
FNDA:110,fulfilled
FNDA:0,rejected
FNDA:164,step
FNDA:12,(anonymous_7)
FNDA:7,(anonymous_8)
FNDA:22,connect
FNDA:22,(anonymous_10)
FNDA:22,(anonymous_11)
FNDA:22,(anonymous_12)
FNDA:10,(anonymous_13)
FNDA:10,(anonymous_14)
DA:2,12
DA:3,110
DA:4,54
DA:5,110
DA:6,0
DA:7,164
DA:8,54
DA:11,12
DA:12,12
DA:14,12
DA:15,12
DA:16,12
DA:17,12
DA:18,7
DA:23,22
DA:24,22
DA:25,22
DA:26,22
DA:27,22
DA:28,22
DA:29,22
DA:30,22
DA:31,22
DA:33,10
DA:34,10
DA:35,10
DA:36,20
DA:37,20
DA:43,12
LF:29
LH:28
BRDA:2,0,0,12
BRDA:2,0,1,12
BRDA:2,0,2,12
BRDA:3,1,0,110
BRDA:3,1,1,0
BRDA:4,2,0,54
BRDA:4,2,1,54
BRDA:7,3,0,54
BRDA:7,3,1,110
BRDA:8,4,0,54
BRDA:8,4,1,54
BRDA:11,5,0,12
BRDA:11,5,1,12
BRDA:11,5,2,12
BRDA:12,6,0,0
BRDA:12,6,1,12
BRDA:12,7,0,12
BRDA:12,7,1,12
BRF:18
BRH:16
end_of_record
TN:
SF:dist\test\mockData\authData.js
FNF:0
FNH:0
DA:2,3
DA:3,3
DA:4,3
DA:5,3
DA:12,3
LF:5
LH:5
BRF:0
BRH:0
end_of_record
TN:
SF:dist\test\mockData\cartData.js
FNF:0
FNH:0
DA:2,3
DA:3,3
LF:2
LH:2
BRF:0
BRH:0
end_of_record
TN:
SF:dist\test\mockData\categoryData.js
FNF:0
FNH:0
DA:2,2
DA:3,2
LF:2
LH:2
BRF:0
BRH:0
end_of_record
TN:
SF:dist\test\mockData\loginUser.js
FN:2,(anonymous_0)
FN:3,adopt
FN:3,(anonymous_2)
FN:4,(anonymous_3)
FN:5,fulfilled
FN:6,rejected
FN:7,step
FN:11,(anonymous_7)
FN:18,loginUserByPermission
FN:19,(anonymous_9)
FN:21,(anonymous_10)
FNF:11
FNH:9
FNDA:38,(anonymous_0)
FNDA:38,adopt
FNDA:0,(anonymous_2)
FNDA:38,(anonymous_3)
FNDA:38,fulfilled
FNDA:0,rejected
FNDA:76,step
FNDA:14,(anonymous_7)
FNDA:38,loginUserByPermission
FNDA:38,(anonymous_9)
FNDA:35,(anonymous_10)
DA:2,7
DA:3,38
DA:4,38
DA:5,38
DA:6,0
DA:7,76
DA:8,38
DA:11,7
DA:12,14
DA:14,7
DA:15,7
DA:16,7
DA:17,7
DA:19,38
DA:20,38
DA:21,38
DA:22,38
DA:23,38
DA:26,7
LF:19
LH:18
BRDA:2,0,0,7
BRDA:2,0,1,7
BRDA:2,0,2,7
BRDA:3,1,0,38
BRDA:3,1,1,0
BRDA:4,2,0,38
BRDA:4,2,1,38
BRDA:7,3,0,38
BRDA:7,3,1,38
BRDA:8,4,0,38
BRDA:8,4,1,38
BRDA:11,5,0,7
BRDA:11,5,1,7
BRDA:11,5,2,7
BRDA:12,6,0,14
BRDA:12,6,1,0
BRDA:12,7,0,14
BRDA:12,7,1,14
BRF:18
BRH:16
end_of_record
TN:
SF:dist\test\mockData\orderData.js
FNF:0
FNH:0
DA:2,2
DA:3,2
DA:4,2
LF:3
LH:3
BRF:0
BRH:0
end_of_record
TN:
SF:dist\test\mockData\permissionsData.js
FNF:0
FNH:0
DA:2,1
DA:3,1
LF:2
LH:2
BRF:0
BRH:0
end_of_record
TN:
SF:dist\test\mockData\productData.js
FNF:0
FNH:0
DA:2,6
DA:3,6
LF:2
LH:2
BRF:0
BRH:0
end_of_record
TN:
SF:dist\test\mockData\sizeData.js
FNF:0
FNH:0
DA:2,1
DA:3,1
LF:2
LH:2
BRF:0
BRH:0
end_of_record
TN:
SF:dist\test\mockData\usersData.js
FNF:0
FNH:0
DA:2,7
DA:3,7
DA:4,7
LF:3
LH:3
BRF:0
BRH:0
end_of_record
TN:
SF:dist\utils\helpers.js
FN:2,(anonymous_0)
FN:3,adopt
FN:3,(anonymous_2)
FN:4,(anonymous_3)
FN:5,fulfilled
FN:6,rejected
FN:7,step
FN:11,(anonymous_7)
FN:18,isNumber
FN:22,convertStringToMongooseId
FN:26,generatePasswordHash
FN:27,(anonymous_11)
FNF:12
FNH:8
FNDA:5,(anonymous_0)
FNDA:10,adopt
FNDA:0,(anonymous_2)
FNDA:5,(anonymous_3)
FNDA:10,fulfilled
FNDA:0,rejected
FNDA:15,step
FNDA:16,(anonymous_7)
FNDA:0,isNumber
FNDA:0,convertStringToMongooseId
FNDA:5,generatePasswordHash
FNDA:5,(anonymous_11)
DA:2,8
DA:3,10
DA:4,5
DA:5,10
DA:6,0
DA:7,15
DA:8,5
DA:11,8
DA:12,16
DA:14,8
DA:15,8
DA:16,8
DA:17,8
DA:19,0
DA:21,8
DA:23,0
DA:25,8
DA:27,5
DA:28,5
DA:29,5
DA:32,8
LF:21
LH:18
BRDA:2,0,0,8
BRDA:2,0,1,8
BRDA:2,0,2,8
BRDA:3,1,0,10
BRDA:3,1,1,0
BRDA:4,2,0,5
BRDA:4,2,1,5
BRDA:7,3,0,5
BRDA:7,3,1,10
BRDA:8,4,0,5
BRDA:8,4,1,5
BRDA:11,5,0,8
BRDA:11,5,1,8
BRDA:11,5,2,8
BRDA:12,6,0,0
BRDA:12,6,1,16
BRDA:12,7,0,16
BRDA:12,7,1,16
BRDA:19,8,0,0
BRDA:19,8,1,0
BRDA:26,9,0,5
BRF:21
BRH:17
end_of_record
TN:
SF:errors\ApiError.ts
FN:2,(anonymous_0)
FN:7,(anonymous_1)
FN:11,(anonymous_2)
FN:15,(anonymous_3)
FN:19,(anonymous_4)
FN:23,(anonymous_5)
FNF:6
FNH:5
FNDA:27,(anonymous_0)
FNDA:5,(anonymous_1)
FNDA:16,(anonymous_2)
FNDA:5,(anonymous_3)
FNDA:1,(anonymous_4)
FNDA:0,(anonymous_5)
DA:1,8
DA:2,27
DA:3,27
DA:4,27
DA:8,5
DA:12,16
DA:16,5
DA:20,1
DA:24,0
LF:9
LH:8
BRF:0
BRH:0
end_of_record
TN:
SF:middlewares\authorization.ts
FN:19,(anonymous_1)
FNF:1
FNH:1
FNDA:39,(anonymous_1)
DA:4,8
DA:7,8
DA:16,8
DA:19,8
DA:20,39
DA:22,39
DA:23,5
DA:26,34
DA:27,34
DA:29,34
DA:30,0
DA:33,34
DA:35,34
DA:37,0
LF:14
LH:12
BRDA:20,0,0,5
BRDA:20,0,1,34
BRDA:20,1,0,39
BRDA:20,1,1,39
BRDA:22,2,0,5
BRDA:29,3,0,0
BRF:6
BRH:5
end_of_record
TN:
SF:middlewares\checkPermission.ts
FN:10,checkPermission
FN:11,(anonymous_1)
FN:14,(anonymous_2)
FN:18,(anonymous_3)
FNF:4
FNH:4
FNDA:64,checkPermission
FNDA:15,(anonymous_1)
FNDA:19,(anonymous_2)
FNDA:15,(anonymous_3)
DA:4,8
DA:10,8
DA:11,64
DA:12,15
DA:13,15
DA:14,19
DA:17,15
DA:19,15
DA:21,15
DA:22,2
DA:23,2
DA:25,13
LF:12
LH:12
BRDA:13,0,0,0
BRDA:13,0,1,15
BRDA:13,1,0,15
BRDA:13,1,1,15
BRDA:13,2,0,0
BRDA:13,2,1,15
BRDA:13,3,0,15
BRDA:13,3,1,15
BRDA:17,4,0,15
BRDA:17,4,1,15
BRDA:19,5,0,0
BRDA:19,5,1,15
BRDA:19,6,0,15
BRDA:19,6,1,15
BRDA:21,7,0,2
BRF:15
BRH:12
end_of_record
TN:
SF:middlewares\checkRoles.ts
FN:10,checkRoles
FN:11,(anonymous_1)
FNF:2
FNH:2
FNDA:112,checkRoles
FNDA:26,(anonymous_1)
DA:4,8
DA:10,8
DA:11,112
DA:12,26
DA:13,26
DA:14,26
DA:15,26
DA:16,9
DA:17,9
DA:19,17
LF:10
LH:10
BRDA:13,0,0,9
BRDA:13,0,1,17
BRDA:13,1,0,26
BRDA:13,1,1,26
BRDA:14,2,0,26
BRDA:14,2,1,17
BRDA:15,3,0,9
BRF:7
BRH:7
end_of_record
TN:
SF:middlewares\error.ts
FN:6,errorLoggingMiddleware
FNF:1
FNH:1
FNDA:20,errorLoggingMiddleware
DA:4,8
DA:6,8
DA:12,20
DA:13,20
DA:15,0
LF:5
LH:4
BRDA:12,0,0,20
BRDA:12,0,1,0
BRF:2
BRH:1
end_of_record
TN:
SF:middlewares\logging.ts
FN:3,loggingMiddleware
FN:13,(anonymous_1)
FNF:2
FNH:2
FNDA:84,loggingMiddleware
FNDA:84,(anonymous_1)
DA:3,8
DA:8,84
DA:10,84
DA:11,84
DA:13,84
DA:14,84
DA:17,84
LF:7
LH:7
BRF:0
BRH:0
end_of_record
TN:
SF:middlewares\paramsValidate.ts
FN:7,validateParams
FNF:1
FNH:1
FNDA:18,validateParams
DA:2,8
DA:5,8
DA:7,8
DA:12,18
DA:13,18
DA:14,18
DA:15,18
DA:16,18
DA:17,18
DA:18,4
DA:19,4
DA:25,14
DA:27,0
LF:13
LH:12
BRDA:15,0,0,18
BRDA:17,1,0,4
BRF:2
BRH:2
end_of_record
TN:
SF:middlewares\routeNotFound.ts
FN:6,routeNotFound
FNF:1
FNH:1
FNDA:3,routeNotFound
DA:4,8
DA:6,8
DA:7,3
DA:8,3
LF:4
LH:4
BRF:0
BRH:0
end_of_record
TN:
SF:middlewares\schemaValidate.ts
FN:4,(anonymous_7)
FN:5,(anonymous_8)
FN:5,(anonymous_9)
FN:12,(anonymous_10)
FN:13,(anonymous_11)
FNF:5
FNH:5
FNDA:96,(anonymous_7)
FNDA:32,(anonymous_8)
FNDA:32,(anonymous_9)
FNDA:22,(anonymous_10)
FNDA:22,(anonymous_11)
DA:2,8
DA:4,8
DA:5,96
DA:6,32
DA:7,32
DA:8,26
DA:10,6
DA:11,6
DA:12,22
DA:13,22
DA:19,6
DA:23,0
LF:12
LH:11
BRDA:10,0,0,6
BRF:1
BRH:1
end_of_record
TN:
SF:models\cart.ts
FNF:0
FNH:0
DA:1,9
DA:3,9
DA:5,9
DA:12,9
LF:4
LH:4
BRF:0
BRH:0
end_of_record
TN:
SF:models\category.ts
FNF:0
FNH:0
DA:1,10
DA:3,10
DA:4,10
DA:6,10
DA:12,10
LF:5
LH:5
BRF:0
BRH:0
end_of_record
TN:
SF:models\order-product.ts
FNF:0
FNH:0
DA:1,9
DA:3,9
DA:5,9
DA:17,9
LF:4
LH:4
BRF:0
BRH:0
end_of_record
TN:
SF:models\order.ts
FNF:0
FNH:0
DA:1,9
DA:3,9
DA:6,9
DA:8,9
DA:53,9
LF:5
LH:5
BRF:0
BRH:0
end_of_record
TN:
SF:models\permission.ts
FNF:0
FNH:0
DA:1,10
DA:3,10
DA:8,10
LF:3
LH:3
BRF:0
BRH:0
end_of_record
TN:
SF:models\product.ts
FNF:0
FNH:0
DA:1,12
DA:4,12
DA:6,12
DA:21,12
LF:4
LH:4
BRF:0
BRH:0
end_of_record
TN:
SF:models\size.ts
FNF:0
FNH:0
DA:1,9
DA:3,9
DA:5,9
DA:9,9
LF:4
LH:4
BRF:0
BRH:0
end_of_record
TN:
SF:models\token.ts
FNF:0
FNH:0
DA:1,10
DA:4,10
DA:8,10
LF:3
LH:3
BRF:0
BRH:0
end_of_record
TN:
SF:models\user.ts
FNF:0
FNH:0
DA:1,10
DA:3,10
DA:5,10
DA:21,10
LF:4
LH:4
BRF:0
BRH:0
end_of_record
TN:
SF:routes\authRoute.ts
FNF:0
FNH:0
DA:1,8
DA:4,8
DA:7,8
DA:8,8
DA:11,8
DA:13,8
DA:15,8
DA:18,8
DA:19,8
DA:20,8
DA:22,8
LF:11
LH:11
BRF:0
BRH:0
end_of_record
TN:
SF:routes\cartRoute.ts
FNF:0
FNH:0
DA:1,8
DA:4,8
DA:12,8
DA:13,8
DA:14,8
DA:15,8
DA:18,8
DA:21,8
DA:22,8
DA:23,8
DA:25,8
LF:11
LH:11
BRF:0
BRH:0
end_of_record
TN:
SF:routes\categoriesRoute.ts
FNF:0
FNH:0
DA:1,8
DA:4,8
DA:14,8
DA:17,8
DA:18,8
DA:19,8
DA:20,8
DA:21,8
DA:22,8
DA:24,8
DA:27,8
DA:28,8
DA:29,8
DA:30,8
DA:38,8
DA:48,8
DA:57,8
LF:17
LH:17
BRF:0
BRH:0
end_of_record
TN:
SF:routes\orderRoute.ts
FNF:0
FNH:0
DA:1,8
DA:2,8
DA:7,8
DA:8,8
DA:9,8
DA:10,8
DA:12,8
DA:14,8
DA:15,8
DA:16,8
DA:18,8
LF:11
LH:11
BRF:0
BRH:0
end_of_record
TN:
SF:routes\productsRoute.ts
FNF:0
FNH:0
DA:1,8
DA:4,8
DA:14,8
DA:15,8
DA:16,8
DA:24,8
DA:27,8
DA:28,8
DA:29,8
DA:30,8
DA:38,8
DA:46,8
DA:55,8
LF:13
LH:13
BRF:0
BRH:0
end_of_record
TN:
SF:routes\sizesRoute.ts
FNF:0
FNH:0
DA:1,8
DA:4,8
DA:13,8
DA:16,8
DA:17,8
DA:18,8
DA:19,8
DA:20,8
DA:21,8
DA:23,8
DA:26,8
DA:33,8
DA:41,8
DA:49,8
DA:58,8
DA:67,8
LF:16
LH:16
BRF:0
BRH:0
end_of_record
TN:
SF:routes\usersRoute.ts
FNF:0
FNH:0
DA:1,8
DA:4,8
DA:15,8
DA:16,8
DA:19,8
DA:20,8
DA:21,8
DA:23,8
DA:24,8
DA:25,8
DA:30,8
DA:38,8
DA:47,8
DA:55,8
DA:64,8
DA:72,8
DA:80,8
DA:90,8
LF:18
LH:18
BRF:0
BRH:0
end_of_record
TN:
SF:schemas\authSchema.ts
FNF:0
FNH:0
DA:1,8
DA:3,8
LF:2
LH:2
BRF:0
BRH:0
end_of_record
TN:
SF:schemas\cartSchema.ts
FNF:0
FNH:0
DA:1,8
DA:3,8
DA:20,8
LF:3
LH:3
BRF:0
BRH:0
end_of_record
TN:
SF:schemas\categorySchemas.ts
FNF:0
FNH:0
DA:1,8
DA:4,8
LF:2
LH:2
BRF:0
BRH:0
end_of_record
TN:
SF:schemas\orderBodySchema.ts
FNF:0
FNH:0
DA:1,8
DA:2,8
DA:4,8
LF:3
LH:3
BRF:0
BRH:0
end_of_record
TN:
SF:schemas\permissionSchema.ts
FNF:0
FNH:0
DA:1,8
DA:3,8
LF:2
LH:2
BRF:0
BRH:0
end_of_record
TN:
SF:schemas\productSchema.ts
FN:20,(anonymous_1)
FNF:1
FNH:1
FNDA:9,(anonymous_1)
DA:1,8
DA:2,8
DA:4,8
DA:20,9
DA:35,8
LF:5
LH:5
BRF:0
BRH:0
end_of_record
TN:
SF:schemas\sizeSchema.ts
FNF:0
FNH:0
DA:1,8
DA:4,8
LF:2
LH:2
BRF:0
BRH:0
end_of_record
TN:
SF:schemas\userSchemas.ts
FNF:0
FNH:0
DA:1,8
DA:2,8
DA:4,8
LF:3
LH:3
BRF:0
BRH:0
end_of_record
TN:
SF:services\authService.ts
FN:18,(anonymous_8)
FN:18,(anonymous_9)
FN:30,(anonymous_10)
FN:30,(anonymous_11)
FN:41,saveRefreshToken
FN:47,(anonymous_14)
FNF:6
FNH:6
FNDA:43,(anonymous_8)
FNDA:43,(anonymous_9)
FNDA:5,(anonymous_10)
FNDA:5,(anonymous_11)
FNDA:4,saveRefreshToken
FNDA:35,(anonymous_14)
DA:1,10
DA:4,10
DA:11,10
DA:18,43
DA:19,43
DA:25,43
DA:26,43
DA:30,10
DA:31,5
DA:37,5
DA:42,4
DA:43,4
DA:47,10
DA:48,35
DA:49,35
DA:51,0
DA:55,10
LF:17
LH:16
BRF:0
BRH:0
end_of_record
TN:
SF:services\cartService.ts
FN:10,findAll
FN:14,findCartItemByProductIdUserId
FN:25,findSingleCart
FN:29,findCartItemsByUserId
FN:33,findCartItemsByUserIdAndItemIds
FN:44,addToCart
FN:55,updateCartQuantity
FN:68,deleteCartById
FN:72,deleteCartItemsByUserIdAndItemIds
FNF:9
FNH:9
FNDA:1,findAll
FNDA:3,findCartItemByProductIdUserId
FNDA:2,findSingleCart
FNDA:2,findCartItemsByUserId
FNDA:2,findCartItemsByUserIdAndItemIds
FNDA:5,addToCart
FNDA:2,updateCartQuantity
FNDA:1,deleteCartById
FNDA:2,deleteCartItemsByUserIdAndItemIds
DA:4,9
DA:11,1
DA:18,3
DA:22,3
DA:26,2
DA:30,2
DA:37,2
DA:48,5
DA:52,5
DA:59,2
DA:69,1
DA:76,2
DA:79,9
LF:13
LH:13
BRF:0
BRH:0
end_of_record
TN:
SF:services\categoryService.ts
FN:10,findAll
FN:14,findOne
FN:19,createOne
FN:24,updateCategory
FN:38,deleteCategory
FN:43,(anonymous_17)
FN:47,(anonymous_18)
FNF:7
FNH:7
FNDA:6,findAll
FNDA:6,findOne
FNDA:8,createOne
FNDA:3,updateCategory
FNDA:3,deleteCategory
FNDA:2,(anonymous_17)
FNDA:2,(anonymous_18)
DA:7,10
DA:8,10
DA:11,6
DA:15,6
DA:16,6
DA:20,8
DA:21,8
DA:28,3
DA:35,3
DA:39,3
DA:40,3
DA:43,10
DA:47,2
DA:48,2
DA:56,10
LF:15
LH:15
BRF:0
BRH:0
end_of_record
TN:
SF:services\orderService.ts
FN:15,findAll
FN:40,findById
FN:61,createOne
FN:77,filterOrderByStatus
FN:109,createOrderProduct
FNF:5
FNH:4
FNDA:4,findAll
FNDA:4,findById
FNDA:2,createOne
FNDA:1,filterOrderByStatus
FNDA:0,createOrderProduct
DA:4,9
DA:5,9
DA:16,4
DA:41,4
DA:66,2
DA:73,2
DA:74,2
DA:83,1
DA:106,1
DA:115,0
DA:125,0
DA:126,0
DA:129,9
LF:13
LH:10
BRF:0
BRH:0
end_of_record
TN:
SF:services\productService.ts
FN:10,findAll
FN:33,findById
FN:37,createOne
FN:42,updateProduct
FN:52,deleteProduct
FN:56,searchProduct
FNF:6
FNH:6
FNDA:4,findAll
FNDA:13,findById
FNDA:15,createOne
FNDA:3,updateProduct
FNDA:4,deleteProduct
FNDA:2,searchProduct
DA:5,11
DA:18,4
DA:19,4
DA:20,0
DA:22,4
DA:24,4
DA:30,4
DA:34,13
DA:38,15
DA:39,15
DA:46,3
DA:49,3
DA:53,4
DA:62,2
DA:70,2
DA:73,11
LF:16
LH:15
BRDA:19,0,0,0
BRF:1
BRH:0
end_of_record
TN:
SF:services\sizeService.ts
FN:9,findAll
FN:13,findOne
FN:17,createOne
FN:22,updateSize
FN:28,deleteSize
FNF:5
FNH:5
FNDA:5,findAll
FNDA:1,findOne
FNDA:1,createOne
FNDA:1,updateSize
FNDA:1,deleteSize
DA:4,9
DA:10,5
DA:14,1
DA:18,1
DA:19,1
DA:23,1
DA:29,1
DA:32,9
LF:8
LH:8
BRF:0
BRH:0
end_of_record
TN:
SF:services\userService.ts
FN:11,findAllUser
FN:21,findById
FN:25,findByEmail
FN:29,createUser
FN:34,deleteUser
FN:38,updateUserInfo
FN:47,createPermission
FN:52,findAllPermissions
FNF:8
FNH:6
FNDA:1,findAllUser
FNDA:1,findById
FNDA:6,findByEmail
FNDA:3,createUser
FNDA:0,deleteUser
FNDA:0,updateUserInfo
FNDA:1,createPermission
FNDA:1,findAllPermissions
DA:4,10
DA:5,10
DA:12,1
DA:22,1
DA:26,6
DA:30,3
DA:31,3
DA:35,0
DA:42,0
DA:48,1
DA:49,1
DA:53,1
DA:56,10
LF:13
LH:11
BRF:0
BRH:0
end_of_record
TN:
SF:test\db-server.ts
FN:4,(anonymous_8)
FN:10,connect
FN:17,(anonymous_11)
FN:17,(anonymous_12)
FN:23,(anonymous_13)
FN:23,(anonymous_14)
FNF:6
FNH:6
FNDA:7,(anonymous_8)
FNDA:22,connect
FNDA:22,(anonymous_11)
FNDA:22,(anonymous_12)
FNDA:10,(anonymous_13)
FNDA:10,(anonymous_14)
DA:1,12
DA:2,12
DA:4,12
DA:5,7
DA:11,22
DA:12,22
DA:14,22
DA:16,22
DA:17,22
DA:18,22
DA:19,22
DA:21,22
DA:23,10
DA:24,10
DA:26,10
DA:27,20
DA:28,20
DA:34,12
LF:18
LH:18
BRF:0
BRH:0
end_of_record
TN:
SF:test\mockData\authData.ts
FNF:0
FNH:0
DA:1,3
DA:3,3
DA:11,3
LF:3
LH:3
BRF:0
BRH:0
end_of_record
TN:
SF:test\mockData\cartData.ts
FNF:0
FNH:0
DA:1,3
LF:1
LH:1
BRF:0
BRH:0
end_of_record
TN:
SF:test\mockData\categoryData.ts
FNF:0
FNH:0
DA:1,2
LF:1
LH:1
BRF:0
BRH:0
end_of_record
TN:
SF:test\mockData\loginUser.ts
FN:5,loginUserByPermission
FN:7,(anonymous_10)
FNF:2
FNH:2
FNDA:38,loginUserByPermission
FNDA:35,(anonymous_10)
DA:1,7
DA:2,7
DA:5,7
DA:6,38
DA:7,38
DA:8,38
DA:9,38
LF:7
LH:7
BRF:0
BRH:0
end_of_record
TN:
SF:test\mockData\orderData.ts
FNF:0
FNH:0
DA:1,2
DA:3,2
LF:2
LH:2
BRF:0
BRH:0
end_of_record
TN:
SF:test\mockData\permissionsData.ts
FNF:0
FNH:0
DA:1,1
LF:1
LH:1
BRF:0
BRH:0
end_of_record
TN:
SF:test\mockData\productData.ts
FNF:0
FNH:0
DA:1,6
LF:1
LH:1
BRF:0
BRH:0
end_of_record
TN:
SF:test\mockData\sizeData.ts
FNF:0
FNH:0
DA:1,1
LF:1
LH:1
BRF:0
BRH:0
end_of_record
TN:
SF:test\mockData\usersData.ts
FNF:0
FNH:0
DA:1,7
DA:3,7
LF:2
LH:2
BRF:0
BRH:0
end_of_record
TN:
SF:utils\helpers.ts
FN:4,isNumber
FN:8,convertStringToMongooseId
FN:12,generatePasswordHash
FNF:3
FNH:1
FNDA:0,isNumber
FNDA:0,convertStringToMongooseId
FNDA:2,generatePasswordHash
DA:1,8
DA:2,8
DA:4,8
DA:5,0
DA:8,8
DA:9,0
DA:12,8
DA:13,2
DA:14,2
LF:9
LH:7
BRDA:5,0,0,0
BRDA:5,0,1,0
BRDA:12,1,0,2
BRF:3
BRH:1
end_of_record
